<?xml version="1.0" encoding="UTF-8"?>
<coverage generated="1776896616907" clover="3.2.0">
  <project timestamp="1776896616907" name="All files">
    <metrics statements="942" coveredstatements="586" conditionals="382" coveredconditionals="168" methods="201" coveredmethods="139" elements="1525" coveredelements="893" complexity="0" loc="942" ncloc="942" packages="1" files="16" classes="16"/>
    <file name="blocking-rules.ts" path="/home/alex/MyProjects/opencode_orc_kit/src/blocking-rules.ts">
      <metrics statements="85" coveredstatements="47" conditionals="31" coveredconditionals="8" methods="21" coveredmethods="15"/>
      <line num="4" count="2" type="stmt"/>
      <line num="5" count="2" type="stmt"/>
      <line num="7" count="2" type="stmt"/>
      <line num="8" count="2" type="stmt"/>
      <line num="9" count="2" type="stmt"/>
      <line num="10" count="2" type="stmt"/>
      <line num="13" count="0" type="cond" truecount="0" falsecount="2"/>
      <line num="14" count="0" type="stmt"/>
      <line num="15" count="0" type="stmt"/>
      <line num="16" count="0" type="cond" truecount="0" falsecount="2"/>
      <line num="17" count="0" type="stmt"/>
      <line num="18" count="0" type="stmt"/>
      <line num="37" count="2" type="stmt"/>
      <line num="41" count="12" type="stmt"/>
      <line num="42" count="6" type="stmt"/>
      <line num="43" count="6" type="stmt"/>
      <line num="47" count="2" type="stmt"/>
      <line num="49" count="10" type="stmt"/>
      <line num="50" count="5" type="stmt"/>
      <line num="53" count="5" type="cond" truecount="2" falsecount="2"/>
      <line num="54" count="5" type="stmt"/>
      <line num="57" count="0" type="stmt"/>
      <line num="60" count="0" type="stmt"/>
      <line num="61" count="0" type="stmt"/>
      <line num="62" count="0" type="stmt"/>
      <line num="63" count="0" type="cond" truecount="0" falsecount="2"/>
      <line num="64" count="0" type="stmt"/>
      <line num="66" count="0" type="stmt"/>
      <line num="71" count="0" type="stmt"/>
      <line num="73" count="0" type="cond" truecount="0" falsecount="3"/>
      <line num="76" count="0" type="stmt"/>
      <line num="84" count="8" type="stmt"/>
      <line num="85" count="4" type="stmt"/>
      <line num="89" count="4" type="cond" truecount="2" falsecount="2"/>
      <line num="90" count="4" type="stmt"/>
      <line num="94" count="0" type="stmt"/>
      <line num="100" count="8" type="stmt"/>
      <line num="101" count="4" type="stmt"/>
      <line num="102" count="4" type="stmt"/>
      <line num="107" count="4" type="stmt"/>
      <line num="111" count="2" type="stmt"/>
      <line num="120" count="2" type="stmt"/>
      <line num="121" count="4" type="stmt"/>
      <line num="123" count="4" type="stmt"/>
      <line num="124" count="20" type="stmt"/>
      <line num="125" count="20" type="stmt"/>
      <line num="126" count="20" type="cond" truecount="1" falsecount="1"/>
      <line num="127" count="0" type="cond" truecount="0" falsecount="2"/>
      <line num="130" count="0" type="stmt"/>
      <line num="133" count="0" type="stmt"/>
      <line num="137" count="4" type="stmt"/>
      <line num="138" count="0" type="stmt"/>
      <line num="144" count="2" type="stmt"/>
      <line num="145" count="8" type="stmt"/>
      <line num="146" count="8" type="cond" truecount="2" falsecount="0"/>
      <line num="148" count="4" type="stmt"/>
      <line num="149" count="4" type="stmt"/>
      <line num="151" count="0" type="stmt"/>
      <line num="157" count="0" type="stmt"/>
      <line num="163" count="0" type="stmt"/>
      <line num="166" count="0" type="cond" truecount="0" falsecount="2"/>
      <line num="167" count="0" type="stmt"/>
      <line num="170" count="0" type="stmt"/>
      <line num="173" count="0" type="stmt"/>
      <line num="174" count="0" type="stmt"/>
      <line num="175" count="0" type="cond" truecount="0" falsecount="2"/>
      <line num="176" count="0" type="stmt"/>
      <line num="181" count="0" type="stmt"/>
      <line num="186" count="2" type="stmt"/>
      <line num="187" count="4" type="stmt"/>
      <line num="191" count="2" type="stmt"/>
      <line num="193" count="4" type="cond" truecount="1" falsecount="1"/>
      <line num="195" count="0" type="stmt"/>
      <line num="196" count="0" type="stmt"/>
      <line num="197" count="0" type="cond" truecount="0" falsecount="2"/>
      <line num="198" count="0" type="stmt"/>
      <line num="200" count="0" type="stmt"/>
      <line num="202" count="0" type="stmt"/>
      <line num="206" count="4" type="stmt"/>
      <line num="211" count="2" type="stmt"/>
      <line num="212" count="7" type="stmt"/>
      <line num="216" count="2" type="stmt"/>
      <line num="217" count="13" type="stmt"/>
      <line num="220" count="2" type="stmt"/>
      <line num="229" count="2" type="stmt"/>
    </file>
    <file name="git-workflow.ts" path="/home/alex/MyProjects/opencode_orc_kit/src/git-workflow.ts">
      <metrics statements="47" coveredstatements="13" conditionals="24" coveredconditionals="0" methods="10" coveredmethods="1"/>
      <line num="10" count="2" type="stmt"/>
      <line num="12" count="2" type="stmt"/>
      <line num="13" count="26" type="stmt"/>
      <line num="17" count="2" type="stmt"/>
      <line num="18" count="0" type="cond" truecount="0" falsecount="2"/>
      <line num="21" count="0" type="stmt"/>
      <line num="23" count="0" type="cond" truecount="0" falsecount="4"/>
      <line num="25" count="0" type="stmt"/>
      <line num="28" count="0" type="stmt"/>
      <line num="31" count="0" type="stmt"/>
      <line num="35" count="2" type="stmt"/>
      <line num="36" count="0" type="stmt"/>
      <line num="39" count="0" type="stmt"/>
      <line num="40" count="0" type="cond" truecount="0" falsecount="2"/>
      <line num="41" count="0" type="stmt"/>
      <line num="42" count="0" type="stmt"/>
      <line num="46" count="0" type="stmt"/>
      <line num="47" count="0" type="cond" truecount="0" falsecount="5"/>
      <line num="48" count="0" type="stmt"/>
      <line num="51" count="0" type="stmt"/>
      <line num="55" count="2" type="stmt"/>
      <line num="56" count="0" type="cond" truecount="0" falsecount="2"/>
      <line num="57" count="0" type="stmt"/>
      <line num="66" count="0" type="stmt"/>
      <line num="70" count="2" type="stmt"/>
      <line num="72" count="0" type="stmt"/>
      <line num="75" count="0" type="stmt"/>
      <line num="78" count="0" type="stmt"/>
      <line num="81" count="0" type="stmt"/>
      <line num="84" count="0" type="stmt"/>
      <line num="88" count="2" type="stmt"/>
      <line num="89" count="0" type="stmt"/>
      <line num="90" count="0" type="stmt"/>
      <line num="94" count="2" type="stmt"/>
      <line num="95" count="0" type="stmt"/>
      <line num="98" count="0" type="stmt"/>
      <line num="99" count="0" type="stmt"/>
      <line num="100" count="0" type="stmt"/>
      <line num="102" count="0" type="stmt"/>
      <line num="110" count="2" type="stmt"/>
      <line num="111" count="0" type="stmt"/>
      <line num="112" count="0" type="stmt"/>
      <line num="116" count="2" type="stmt"/>
      <line num="117" count="0" type="stmt"/>
      <line num="118" count="0" type="cond" truecount="0" falsecount="3"/>
      <line num="121" count="2" type="stmt"/>
      <line num="133" count="2" type="stmt"/>
    </file>
    <file name="index.ts" path="/home/alex/MyProjects/opencode_orc_kit/src/index.ts">
      <metrics statements="96" coveredstatements="7" conditionals="50" coveredconditionals="0" methods="18" coveredmethods="0"/>
      <line num="5" count="1" type="stmt"/>
      <line num="7" count="1" type="stmt"/>
      <line num="8" count="1" type="stmt"/>
      <line num="9" count="1" type="stmt"/>
      <line num="13" count="1" type="stmt"/>
      <line num="127" count="0" type="stmt"/>
      <line num="128" count="0" type="stmt"/>
      <line num="129" count="0" type="stmt"/>
      <line num="134" count="0" type="stmt"/>
      <line num="146" count="0" type="cond" truecount="0" falsecount="2"/>
      <line num="150" count="0" type="stmt"/>
      <line num="162" count="0" type="cond" truecount="0" falsecount="2"/>
      <line num="167" count="0" type="stmt"/>
      <line num="170" count="0" type="stmt"/>
      <line num="179" count="0" type="stmt"/>
      <line num="191" count="0" type="stmt"/>
      <line num="192" count="0" type="stmt"/>
      <line num="195" count="0" type="stmt"/>
      <line num="196" count="0" type="stmt"/>
      <line num="197" count="0" type="stmt"/>
      <line num="199" count="0" type="cond" truecount="0" falsecount="2"/>
      <line num="204" count="0" type="stmt"/>
      <line num="225" count="0" type="stmt"/>
      <line num="226" count="0" type="stmt"/>
      <line num="230" count="0" type="stmt"/>
      <line num="232" count="0" type="cond" truecount="0" falsecount="2"/>
      <line num="234" count="0" type="stmt"/>
      <line num="236" count="0" type="stmt"/>
      <line num="240" count="0" type="stmt"/>
      <line num="241" count="0" type="stmt"/>
      <line num="242" count="0" type="stmt"/>
      <line num="244" count="0" type="stmt"/>
      <line num="250" count="0" type="stmt"/>
      <line num="255" count="0" type="stmt"/>
      <line num="257" count="0" type="stmt"/>
      <line num="258" count="0" type="stmt"/>
      <line num="262" count="1" type="stmt"/>
      <line num="270" count="0" type="stmt"/>
      <line num="274" count="0" type="stmt"/>
      <line num="276" count="0" type="cond" truecount="0" falsecount="2"/>
      <line num="277" count="0" type="stmt"/>
      <line num="283" count="0" type="stmt"/>
      <line num="284" count="0" type="cond" truecount="0" falsecount="2"/>
      <line num="285" count="0" type="stmt"/>
      <line num="288" count="0" type="cond" truecount="0" falsecount="2"/>
      <line num="289" count="0" type="stmt"/>
      <line num="292" count="0" type="cond" truecount="0" falsecount="2"/>
      <line num="293" count="0" type="stmt"/>
      <line num="296" count="0" type="cond" truecount="0" falsecount="2"/>
      <line num="297" count="0" type="cond" truecount="0" falsecount="2"/>
      <line num="298" count="0" type="stmt"/>
      <line num="303" count="0" type="stmt"/>
      <line num="305" count="0" type="stmt"/>
      <line num="306" count="0" type="stmt"/>
      <line num="309" count="0" type="cond" truecount="0" falsecount="2"/>
      <line num="310" count="0" type="stmt"/>
      <line num="311" count="0" type="stmt"/>
      <line num="312" count="0" type="cond" truecount="0" falsecount="2"/>
      <line num="313" count="0" type="stmt"/>
      <line num="314" count="0" type="stmt"/>
      <line num="315" count="0" type="stmt"/>
      <line num="316" count="0" type="cond" truecount="0" falsecount="2"/>
      <line num="317" count="0" type="stmt"/>
      <line num="318" count="0" type="stmt"/>
      <line num="324" count="0" type="stmt"/>
      <line num="325" count="0" type="stmt"/>
      <line num="328" count="0" type="stmt"/>
      <line num="333" count="0" type="stmt"/>
      <line num="336" count="0" type="cond" truecount="0" falsecount="2"/>
      <line num="337" count="0" type="stmt"/>
      <line num="341" count="0" type="stmt"/>
      <line num="342" count="0" type="cond" truecount="0" falsecount="2"/>
      <line num="343" count="0" type="stmt"/>
      <line num="357" count="0" type="stmt"/>
      <line num="359" count="0" type="cond" truecount="0" falsecount="2"/>
      <line num="360" count="0" type="stmt"/>
      <line num="361" count="0" type="cond" truecount="0" falsecount="2"/>
      <line num="363" count="0" type="stmt"/>
      <line num="364" count="0" type="stmt"/>
      <line num="369" count="0" type="stmt"/>
      <line num="373" count="0" type="cond" truecount="0" falsecount="4"/>
      <line num="374" count="0" type="stmt"/>
      <line num="375" count="0" type="cond" truecount="0" falsecount="2"/>
      <line num="376" count="0" type="stmt"/>
      <line num="377" count="0" type="stmt"/>
      <line num="383" count="0" type="cond" truecount="0" falsecount="4"/>
      <line num="384" count="0" type="stmt"/>
      <line num="387" count="0" type="cond" truecount="0" falsecount="2"/>
      <line num="388" count="0" type="stmt"/>
      <line num="390" count="0" type="cond" truecount="0" falsecount="2"/>
      <line num="391" count="0" type="stmt"/>
      <line num="392" count="0" type="stmt"/>
      <line num="394" count="0" type="stmt"/>
      <line num="398" count="0" type="stmt"/>
      <line num="405" count="0" type="stmt"/>
      <line num="412" count="1" type="stmt"/>
    </file>
    <file name="mcp-registry.ts" path="/home/alex/MyProjects/opencode_orc_kit/src/mcp-registry.ts">
      <metrics statements="23" coveredstatements="23" conditionals="4" coveredconditionals="4" methods="12" coveredmethods="12"/>
      <line num="31" count="3" type="stmt"/>
      <line num="255" count="3" type="stmt"/>
      <line num="271" count="3" type="stmt"/>
      <line num="272" count="32" type="stmt"/>
      <line num="299" count="32" type="cond" truecount="2" falsecount="0"/>
      <line num="300" count="32" type="cond" truecount="2" falsecount="0"/>
      <line num="302" count="260" type="stmt"/>
      <line num="306" count="3" type="stmt"/>
      <line num="307" count="140" type="stmt"/>
      <line num="311" count="3" type="stmt"/>
      <line num="312" count="6" type="stmt"/>
      <line num="313" count="251" type="stmt"/>
      <line num="318" count="3" type="stmt"/>
      <line num="319" count="50" type="stmt"/>
      <line num="323" count="3" type="stmt"/>
      <line num="324" count="6" type="stmt"/>
      <line num="328" count="3" type="stmt"/>
      <line num="329" count="3" type="stmt"/>
      <line num="331" count="3" type="stmt"/>
      <line num="332" count="720" type="stmt"/>
      <line num="335" count="3" type="stmt"/>
      <line num="338" count="3" type="stmt"/>
      <line num="348" count="3" type="stmt"/>
    </file>
    <file name="mcp-resolution.ts" path="/home/alex/MyProjects/opencode_orc_kit/src/mcp-resolution.ts">
      <metrics statements="74" coveredstatements="49" conditionals="24" coveredconditionals="15" methods="15" coveredmethods="11"/>
      <line num="4" count="2" type="stmt"/>
      <line num="5" count="2" type="stmt"/>
      <line num="6" count="2" type="stmt"/>
      <line num="25" count="2" type="stmt"/>
      <line num="49" count="2" type="stmt"/>
      <line num="50" count="2" type="stmt"/>
      <line num="53" count="2" type="stmt"/>
      <line num="54" count="1" type="stmt"/>
      <line num="55" count="1" type="stmt"/>
      <line num="56" count="1" type="cond" truecount="1" falsecount="1"/>
      <line num="57" count="0" type="stmt"/>
      <line num="58" count="0" type="stmt"/>
      <line num="59" count="0" type="stmt"/>
      <line num="63" count="0" type="stmt"/>
      <line num="68" count="2" type="stmt"/>
      <line num="69" count="1" type="stmt"/>
      <line num="70" count="1" type="stmt"/>
      <line num="71" count="1" type="stmt"/>
      <line num="72" count="1" type="cond" truecount="1" falsecount="1"/>
      <line num="73" count="1" type="stmt"/>
      <line num="75" count="0" type="stmt"/>
      <line num="76" count="0" type="stmt"/>
      <line num="78" count="1" type="stmt"/>
      <line num="83" count="2" type="stmt"/>
      <line num="84" count="8" type="stmt"/>
      <line num="87" count="8" type="cond" truecount="3" falsecount="1"/>
      <line num="89" count="0" type="stmt"/>
      <line num="93" count="8" type="cond" truecount="2" falsecount="0"/>
      <line num="94" count="1" type="stmt"/>
      <line num="95" count="1" type="stmt"/>
      <line num="99" count="8" type="cond" truecount="1" falsecount="1"/>
      <line num="100" count="0" type="stmt"/>
      <line num="104" count="8" type="cond" truecount="3" falsecount="1"/>
      <line num="106" count="0" type="stmt"/>
      <line num="110" count="8" type="cond" truecount="3" falsecount="1"/>
      <line num="112" count="0" type="stmt"/>
      <line num="115" count="8" type="stmt"/>
      <line num="116" count="8" type="stmt"/>
      <line num="120" count="2" type="stmt"/>
      <line num="121" count="24" type="stmt"/>
      <line num="125" count="2" type="stmt"/>
      <line num="126" count="0" type="stmt"/>
      <line num="128" count="0" type="stmt"/>
      <line num="129" count="0" type="stmt"/>
      <line num="131" count="0" type="cond" truecount="0" falsecount="2"/>
      <line num="132" count="0" type="stmt"/>
      <line num="138" count="0" type="stmt"/>
      <line num="139" count="0" type="stmt"/>
      <line num="141" count="0" type="stmt"/>
      <line num="144" count="0" type="stmt"/>
      <line num="149" count="2" type="stmt"/>
      <line num="150" count="1" type="stmt"/>
      <line num="151" count="1" type="cond" truecount="1" falsecount="1"/>
      <line num="152" count="0" type="stmt"/>
      <line num="153" count="0" type="stmt"/>
      <line num="158" count="2" type="stmt"/>
      <line num="159" count="1" type="stmt"/>
      <line num="163" count="2" type="stmt"/>
      <line num="164" count="1" type="stmt"/>
      <line num="168" count="2" type="stmt"/>
      <line num="169" count="0" type="stmt"/>
      <line num="170" count="0" type="stmt"/>
      <line num="171" count="0" type="stmt"/>
      <line num="173" count="0" type="stmt"/>
      <line num="178" count="2" type="stmt"/>
      <line num="179" count="2" type="stmt"/>
      <line num="183" count="2" type="stmt"/>
      <line num="184" count="2" type="stmt"/>
      <line num="188" count="2" type="stmt"/>
      <line num="189" count="1" type="stmt"/>
      <line num="193" count="2" type="stmt"/>
      <line num="194" count="2" type="stmt"/>
      <line num="197" count="2" type="stmt"/>
      <line num="213" count="2" type="stmt"/>
    </file>
    <file name="meta-agents.ts" path="/home/alex/MyProjects/opencode_orc_kit/src/meta-agents.ts">
      <metrics statements="48" coveredstatements="48" conditionals="18" coveredconditionals="16" methods="8" coveredmethods="8"/>
      <line num="25" count="1" type="stmt"/>
      <line num="47" count="1" type="stmt"/>
      <line num="50" count="1" type="stmt"/>
      <line num="53" count="1" type="stmt"/>
      <line num="54" count="9" type="stmt"/>
      <line num="55" count="9" type="cond" truecount="2" falsecount="0"/>
      <line num="56" count="1" type="stmt"/>
      <line num="57" count="1" type="stmt"/>
      <line num="60" count="8" type="stmt"/>
      <line num="67" count="8" type="stmt"/>
      <line num="68" count="8" type="stmt"/>
      <line num="70" count="8" type="stmt"/>
      <line num="74" count="1" type="stmt"/>
      <line num="75" count="3" type="cond" truecount="1" falsecount="1"/>
      <line num="76" count="3" type="stmt"/>
      <line num="80" count="3" type="stmt"/>
      <line num="85" count="1" type="stmt"/>
      <line num="86" count="2" type="stmt"/>
      <line num="87" count="2" type="cond" truecount="2" falsecount="0"/>
      <line num="88" count="1" type="stmt"/>
      <line num="91" count="1" type="stmt"/>
      <line num="92" count="1" type="cond" truecount="1" falsecount="1"/>
      <line num="93" count="1" type="stmt"/>
      <line num="94" count="1" type="stmt"/>
      <line num="95" count="1" type="stmt"/>
      <line num="98" count="1" type="stmt"/>
      <line num="102" count="1" type="stmt"/>
      <line num="103" count="5" type="stmt"/>
      <line num="105" count="5" type="cond" truecount="2" falsecount="0"/>
      <line num="106" count="5" type="cond" truecount="2" falsecount="0"/>
      <line num="107" count="5" type="cond" truecount="2" falsecount="0"/>
      <line num="109" count="5" type="stmt"/>
      <line num="116" count="1" type="stmt"/>
      <line num="117" count="6" type="stmt"/>
      <line num="121" count="1" type="stmt"/>
      <line num="122" count="3" type="stmt"/>
      <line num="126" count="1" type="stmt"/>
      <line num="127" count="4" type="stmt"/>
      <line num="131" count="1" type="stmt"/>
      <line num="132" count="3" type="cond" truecount="2" falsecount="0"/>
      <line num="133" count="2" type="stmt"/>
      <line num="134" count="2" type="stmt"/>
      <line num="135" count="2" type="stmt"/>
      <line num="136" count="2" type="stmt"/>
      <line num="137" count="2" type="stmt"/>
      <line num="139" count="1" type="stmt"/>
      <line num="142" count="1" type="stmt"/>
      <line num="153" count="1" type="stmt"/>
    </file>
    <file name="orchestrator.ts" path="/home/alex/MyProjects/opencode_orc_kit/src/orchestrator.ts">
      <metrics statements="47" coveredstatements="30" conditionals="13" coveredconditionals="6" methods="17" coveredmethods="12"/>
      <line num="4" count="1" type="stmt"/>
      <line num="5" count="1" type="stmt"/>
      <line num="6" count="1" type="stmt"/>
      <line num="7" count="1" type="stmt"/>
      <line num="8" count="1" type="stmt"/>
      <line num="19" count="1" type="stmt"/>
      <line num="27" count="1" type="stmt"/>
      <line num="29" count="25" type="stmt"/>
      <line num="32" count="25" type="stmt"/>
      <line num="37" count="3" type="stmt"/>
      <line num="42" count="4" type="stmt"/>
      <line num="47" count="0" type="stmt"/>
      <line num="49" count="0" type="cond" truecount="0" falsecount="2"/>
      <line num="50" count="0" type="stmt"/>
      <line num="51" count="0" type="cond" truecount="0" falsecount="2"/>
      <line num="52" count="0" type="stmt"/>
      <line num="56" count="0" type="stmt"/>
      <line num="57" count="0" type="stmt"/>
      <line num="62" count="0" type="stmt"/>
      <line num="63" count="0" type="stmt"/>
      <line num="64" count="0" type="stmt"/>
      <line num="69" count="1" type="stmt"/>
      <line num="70" count="1" type="stmt"/>
      <line num="75" count="1" type="stmt"/>
      <line num="76" count="1" type="stmt"/>
      <line num="81" count="2" type="cond" truecount="2" falsecount="0"/>
      <line num="83" count="1" type="stmt"/>
      <line num="84" count="1" type="stmt"/>
      <line num="89" count="1" type="cond" truecount="1" falsecount="1"/>
      <line num="91" count="0" type="stmt"/>
      <line num="92" count="0" type="stmt"/>
      <line num="97" count="1" type="cond" truecount="1" falsecount="1"/>
      <line num="98" count="1" type="stmt"/>
      <line num="101" count="0" type="stmt"/>
      <line num="106" count="1" type="cond" truecount="1" falsecount="1"/>
      <line num="107" count="1" type="stmt"/>
      <line num="110" count="0" type="stmt"/>
      <line num="115" count="2" type="stmt"/>
      <line num="120" count="1" type="stmt"/>
      <line num="121" count="1" type="stmt"/>
      <line num="129" count="1" type="stmt"/>
      <line num="130" count="2" type="stmt"/>
      <line num="133" count="1" type="stmt"/>
      <line num="135" count="0" type="stmt"/>
      <line num="136" count="0" type="stmt"/>
      <line num="137" count="0" type="stmt"/>
      <line num="140" count="1" type="stmt"/>
    </file>
    <file name="permissions.ts" path="/home/alex/MyProjects/opencode_orc_kit/src/permissions.ts">
      <metrics statements="34" coveredstatements="28" conditionals="14" coveredconditionals="8" methods="10" coveredmethods="10"/>
      <line num="16" count="1" type="stmt"/>
      <line num="137" count="1" type="stmt"/>
      <line num="140" count="1" type="stmt"/>
      <line num="144" count="91" type="stmt"/>
      <line num="146" count="15" type="cond" truecount="2" falsecount="0"/>
      <line num="147" count="1" type="stmt"/>
      <line num="148" count="1" type="stmt"/>
      <line num="151" count="56" type="stmt"/>
      <line num="153" count="14" type="cond" truecount="2" falsecount="0"/>
      <line num="154" count="1" type="stmt"/>
      <line num="155" count="1" type="stmt"/>
      <line num="158" count="13" type="stmt"/>
      <line num="159" count="13" type="stmt"/>
      <line num="164" count="15" type="stmt"/>
      <line num="172" count="15" type="cond" truecount="1" falsecount="1"/>
      <line num="173" count="0" type="stmt"/>
      <line num="178" count="1" type="stmt"/>
      <line num="179" count="15" type="stmt"/>
      <line num="180" count="2" type="cond" truecount="2" falsecount="0"/>
      <line num="184" count="1" type="stmt"/>
      <line num="185" count="20" type="stmt"/>
      <line num="189" count="1" type="stmt"/>
      <line num="199" count="1" type="stmt"/>
      <line num="204" count="2" type="stmt"/>
      <line num="206" count="2" type="cond" truecount="1" falsecount="1"/>
      <line num="209" count="0" type="cond" truecount="0" falsecount="2"/>
      <line num="210" count="0" type="stmt"/>
      <line num="211" count="0" type="stmt"/>
      <line num="212" count="0" type="cond" truecount="0" falsecount="2"/>
      <line num="215" count="0" type="stmt"/>
      <line num="219" count="1" type="stmt"/>
      <line num="220" count="3" type="stmt"/>
      <line num="223" count="1" type="stmt"/>
      <line num="231" count="1" type="stmt"/>
    </file>
    <file name="pre-flight.ts" path="/home/alex/MyProjects/opencode_orc_kit/src/pre-flight.ts">
      <metrics statements="54" coveredstatements="42" conditionals="2" coveredconditionals="1" methods="11" coveredmethods="11"/>
      <line num="7" count="4" type="stmt"/>
      <line num="8" count="3" type="stmt"/>
      <line num="21" count="3" type="stmt"/>
      <line num="22" count="3" type="stmt"/>
      <line num="24" count="3" type="stmt"/>
      <line num="25" count="30" type="stmt"/>
      <line num="26" count="30" type="stmt"/>
      <line num="27" count="30" type="cond" truecount="1" falsecount="1"/>
      <line num="28" count="0" type="stmt"/>
      <line num="30" count="30" type="stmt"/>
      <line num="33" count="0" type="stmt"/>
      <line num="37" count="3" type="stmt"/>
      <line num="47" count="3" type="stmt"/>
      <line num="48" count="3" type="stmt"/>
      <line num="49" count="0" type="stmt"/>
      <line num="51" count="3" type="stmt"/>
      <line num="57" count="3" type="stmt"/>
      <line num="58" count="3" type="stmt"/>
      <line num="59" count="0" type="stmt"/>
      <line num="61" count="3" type="stmt"/>
      <line num="67" count="3" type="stmt"/>
      <line num="69" count="3" type="stmt"/>
      <line num="70" count="0" type="stmt"/>
      <line num="72" count="3" type="stmt"/>
      <line num="78" count="3" type="stmt"/>
      <line num="80" count="3" type="stmt"/>
      <line num="81" count="0" type="stmt"/>
      <line num="83" count="3" type="stmt"/>
      <line num="89" count="3" type="stmt"/>
      <line num="91" count="3" type="stmt"/>
      <line num="92" count="0" type="stmt"/>
      <line num="94" count="3" type="stmt"/>
      <line num="100" count="3" type="stmt"/>
      <line num="102" count="3" type="stmt"/>
      <line num="103" count="0" type="stmt"/>
      <line num="105" count="3" type="stmt"/>
      <line num="111" count="3" type="stmt"/>
      <line num="113" count="3" type="stmt"/>
      <line num="114" count="0" type="stmt"/>
      <line num="116" count="3" type="stmt"/>
      <line num="122" count="3" type="stmt"/>
      <line num="124" count="3" type="stmt"/>
      <line num="125" count="0" type="stmt"/>
      <line num="127" count="3" type="stmt"/>
      <line num="133" count="3" type="stmt"/>
      <line num="135" count="3" type="stmt"/>
      <line num="136" count="0" type="stmt"/>
      <line num="138" count="3" type="stmt"/>
      <line num="144" count="3" type="stmt"/>
      <line num="146" count="3" type="stmt"/>
      <line num="147" count="0" type="stmt"/>
      <line num="149" count="3" type="stmt"/>
      <line num="154" count="4" type="stmt"/>
      <line num="158" count="4" type="stmt"/>
    </file>
    <file name="quality-gates.ts" path="/home/alex/MyProjects/opencode_orc_kit/src/quality-gates.ts">
      <metrics statements="75" coveredstatements="33" conditionals="50" coveredconditionals="19" methods="15" coveredmethods="9"/>
      <line num="8" count="0" type="stmt"/>
      <line num="10" count="0" type="stmt"/>
      <line num="11" count="0" type="stmt"/>
      <line num="12" count="0" type="cond" truecount="0" falsecount="2"/>
      <line num="14" count="0" type="stmt"/>
      <line num="15" count="0" type="cond" truecount="0" falsecount="2"/>
      <line num="17" count="0" type="stmt"/>
      <line num="18" count="0" type="cond" truecount="0" falsecount="2"/>
      <line num="20" count="0" type="stmt"/>
      <line num="21" count="0" type="cond" truecount="0" falsecount="2"/>
      <line num="26" count="0" type="stmt"/>
      <line num="30" count="3" type="stmt"/>
      <line num="33" count="17" type="cond" truecount="5" falsecount="0"/>
      <line num="34" count="11" type="stmt"/>
      <line num="41" count="6" type="stmt"/>
      <line num="54" count="6" type="stmt"/>
      <line num="55" count="6" type="stmt"/>
      <line num="62" count="3" type="stmt"/>
      <line num="63" count="8" type="stmt"/>
      <line num="76" count="8" type="stmt"/>
      <line num="77" count="14" type="stmt"/>
      <line num="84" count="3" type="stmt"/>
      <line num="85" count="0" type="stmt"/>
      <line num="86" count="0" type="stmt"/>
      <line num="89" count="0" type="cond" truecount="0" falsecount="2"/>
      <line num="90" count="0" type="stmt"/>
      <line num="91" count="0" type="stmt"/>
      <line num="92" count="0" type="stmt"/>
      <line num="98" count="0" type="stmt"/>
      <line num="103" count="0" type="cond" truecount="0" falsecount="2"/>
      <line num="104" count="0" type="stmt"/>
      <line num="105" count="0" type="stmt"/>
      <line num="106" count="0" type="stmt"/>
      <line num="112" count="0" type="stmt"/>
      <line num="117" count="0" type="cond" truecount="0" falsecount="2"/>
      <line num="118" count="0" type="stmt"/>
      <line num="119" count="0" type="stmt"/>
      <line num="120" count="0" type="stmt"/>
      <line num="126" count="0" type="stmt"/>
      <line num="131" count="0" type="stmt"/>
      <line num="132" count="0" type="cond" truecount="0" falsecount="2"/>
      <line num="133" count="0" type="stmt"/>
      <line num="140" count="0" type="stmt"/>
      <line num="141" count="0" type="stmt"/>
      <line num="148" count="3" type="stmt"/>
      <line num="149" count="0" type="stmt"/>
      <line num="151" count="0" type="stmt"/>
      <line num="153" count="0" type="stmt"/>
      <line num="154" count="0" type="cond" truecount="0" falsecount="3"/>
      <line num="155" count="0" type="stmt"/>
      <line num="161" count="0" type="stmt"/>
      <line num="168" count="0" type="stmt"/>
      <line num="169" count="0" type="stmt"/>
      <line num="176" count="3" type="stmt"/>
      <line num="177" count="8" type="stmt"/>
      <line num="185" count="8" type="stmt"/>
      <line num="186" count="8" type="stmt"/>
      <line num="193" count="3" type="stmt"/>
      <line num="194" count="6" type="stmt"/>
      <line num="196" count="6" type="stmt"/>
      <line num="197" count="12" type="stmt"/>
      <line num="200" count="6" type="stmt"/>
      <line num="201" count="6" type="stmt"/>
      <line num="208" count="6" type="stmt"/>
      <line num="209" count="2" type="stmt"/>
      <line num="210" count="2" type="stmt"/>
      <line num="220" count="6" type="stmt"/>
      <line num="221" count="6" type="stmt"/>
      <line num="222" count="18" type="stmt"/>
      <line num="223" count="18" type="stmt"/>
      <line num="230" count="0" type="stmt"/>
      <line num="237" count="6" type="stmt"/>
      <line num="238" count="9" type="stmt"/>
      <line num="245" count="3" type="stmt"/>
      <line num="254" count="3" type="stmt"/>
    </file>
    <file name="reporting.ts" path="/home/alex/MyProjects/opencode_orc_kit/src/reporting.ts">
      <metrics statements="48" coveredstatements="32" conditionals="21" coveredconditionals="7" methods="10" coveredmethods="5"/>
      <line num="4" count="1" type="stmt"/>
      <line num="5" count="1" type="stmt"/>
      <line num="29" count="1" type="stmt"/>
      <line num="54" count="1" type="stmt"/>
      <line num="55" count="1" type="stmt"/>
      <line num="58" count="1" type="stmt"/>
      <line num="67" count="18" type="stmt"/>
      <line num="80" count="1" type="stmt"/>
      <line num="85" count="0" type="stmt"/>
      <line num="86" count="0" type="cond" truecount="0" falsecount="2"/>
      <line num="87" count="0" type="stmt"/>
      <line num="90" count="0" type="cond" truecount="0" falsecount="2"/>
      <line num="91" count="0" type="stmt"/>
      <line num="93" count="0" type="cond" truecount="0" falsecount="2"/>
      <line num="94" count="0" type="stmt"/>
      <line num="105" count="0" type="stmt"/>
      <line num="110" count="0" type="cond" truecount="0" falsecount="2"/>
      <line num="112" count="0" type="cond" truecount="0" falsecount="2"/>
      <line num="114" count="0" type="stmt"/>
      <line num="116" count="0" type="stmt"/>
      <line num="119" count="0" type="stmt"/>
      <line num="120" count="0" type="stmt"/>
      <line num="124" count="1" type="stmt"/>
      <line num="125" count="4" type="stmt"/>
      <line num="126" count="4" type="stmt"/>
      <line num="127" count="4" type="cond" truecount="2" falsecount="0"/>
      <line num="128" count="1" type="stmt"/>
      <line num="131" count="0" type="stmt"/>
      <line num="133" count="3" type="stmt"/>
      <line num="137" count="1" type="stmt"/>
      <line num="143" count="6" type="stmt"/>
      <line num="150" count="6" type="stmt"/>
      <line num="151" count="6" type="stmt"/>
      <line num="152" count="6" type="stmt"/>
      <line num="153" count="6" type="cond" truecount="2" falsecount="0"/>
      <line num="154" count="5" type="stmt"/>
      <line num="156" count="1" type="stmt"/>
      <line num="157" count="1" type="stmt"/>
      <line num="159" count="5" type="stmt"/>
      <line num="164" count="1" type="stmt"/>
      <line num="165" count="7" type="stmt"/>
      <line num="173" count="1" type="stmt"/>
      <line num="174" count="3" type="stmt"/>
      <line num="175" count="3" type="cond" truecount="1" falsecount="1"/>
      <line num="176" count="3" type="stmt"/>
      <line num="178" count="0" type="stmt"/>
      <line num="181" count="1" type="stmt"/>
      <line num="190" count="1" type="stmt"/>
    </file>
    <file name="review-sessions.ts" path="/home/alex/MyProjects/opencode_orc_kit/src/review-sessions.ts">
      <metrics statements="17" coveredstatements="17" conditionals="10" coveredconditionals="10" methods="5" coveredmethods="5"/>
      <line num="27" count="1" type="stmt"/>
      <line num="53" count="1" type="stmt"/>
      <line num="57" count="14" type="stmt"/>
      <line num="59" count="14" type="stmt"/>
      <line num="69" count="1" type="stmt"/>
      <line num="73" count="5" type="stmt"/>
      <line num="75" count="5" type="stmt"/>
      <line num="76" count="25" type="cond" truecount="4" falsecount="0"/>
      <line num="77" count="3" type="stmt"/>
      <line num="81" count="5" type="stmt"/>
      <line num="82" count="25" type="stmt"/>
      <line num="83" count="12" type="stmt"/>
      <line num="85" count="5" type="stmt"/>
      <line num="96" count="1" type="stmt"/>
      <line num="97" count="5" type="cond" truecount="2" falsecount="0"/>
      <line num="100" count="1" type="stmt"/>
      <line num="106" count="1" type="stmt"/>
    </file>
    <file name="session-hooks.ts" path="/home/alex/MyProjects/opencode_orc_kit/src/session-hooks.ts">
      <metrics statements="114" coveredstatements="71" conditionals="33" coveredconditionals="14" methods="9" coveredmethods="8"/>
      <line num="4" count="2" type="stmt"/>
      <line num="5" count="2" type="stmt"/>
      <line num="6" count="2" type="stmt"/>
      <line num="7" count="2" type="stmt"/>
      <line num="9" count="2" type="stmt"/>
      <line num="10" count="2" type="stmt"/>
      <line num="11" count="2" type="stmt"/>
      <line num="12" count="2" type="stmt"/>
      <line num="13" count="2" type="stmt"/>
      <line num="31" count="2" type="cond" truecount="1" falsecount="0"/>
      <line num="32" count="42" type="cond" truecount="2" falsecount="2"/>
      <line num="33" count="42" type="stmt"/>
      <line num="34" count="42" type="stmt"/>
      <line num="35" count="42" type="cond" truecount="1" falsecount="1"/>
      <line num="36" count="0" type="stmt"/>
      <line num="38" count="42" type="cond" truecount="2" falsecount="0"/>
      <line num="39" count="42" type="stmt"/>
      <line num="40" count="42" type="cond" truecount="2" falsecount="0"/>
      <line num="41" count="22" type="stmt"/>
      <line num="43" count="20" type="stmt"/>
      <line num="51" count="2" type="stmt"/>
      <line num="52" count="8" type="stmt"/>
      <line num="53" count="8" type="stmt"/>
      <line num="54" count="8" type="cond" truecount="1" falsecount="1"/>
      <line num="55" count="8" type="stmt"/>
      <line num="58" count="0" type="stmt"/>
      <line num="59" count="0" type="stmt"/>
      <line num="60" count="0" type="stmt"/>
      <line num="68" count="0" type="stmt"/>
      <line num="69" count="0" type="stmt"/>
      <line num="71" count="8" type="stmt"/>
      <line num="76" count="2" type="stmt"/>
      <line num="77" count="7" type="stmt"/>
      <line num="78" count="7" type="stmt"/>
      <line num="79" count="7" type="cond" truecount="1" falsecount="1"/>
      <line num="80" count="0" type="stmt"/>
      <line num="85" count="7" type="stmt"/>
      <line num="89" count="2" type="stmt"/>
      <line num="90" count="9" type="stmt"/>
      <line num="91" count="9" type="stmt"/>
      <line num="92" count="9" type="cond" truecount="1" falsecount="1"/>
      <line num="93" count="9" type="stmt"/>
      <line num="96" count="0" type="stmt"/>
      <line num="97" count="0" type="stmt"/>
      <line num="98" count="0" type="cond" truecount="0" falsecount="2"/>
      <line num="99" count="0" type="stmt"/>
      <line num="102" count="0" type="stmt"/>
      <line num="110" count="0" type="cond" truecount="0" falsecount="2"/>
      <line num="111" count="0" type="stmt"/>
      <line num="114" count="0" type="stmt"/>
      <line num="115" count="0" type="stmt"/>
      <line num="122" count="2" type="stmt"/>
      <line num="123" count="3" type="stmt"/>
      <line num="124" count="3" type="stmt"/>
      <line num="127" count="3" type="stmt"/>
      <line num="128" count="3" type="stmt"/>
      <line num="129" count="3" type="stmt"/>
      <line num="130" count="3" type="stmt"/>
      <line num="132" count="3" type="stmt"/>
      <line num="134" count="3" type="stmt"/>
      <line num="136" count="3" type="stmt"/>
      <line num="139" count="3" type="stmt"/>
      <line num="142" count="3" type="cond" truecount="1" falsecount="1"/>
      <line num="143" count="3" type="stmt"/>
      <line num="144" count="3" type="stmt"/>
      <line num="145" count="3" type="stmt"/>
      <line num="149" count="3" type="stmt"/>
      <line num="153" count="0" type="stmt"/>
      <line num="155" count="3" type="stmt"/>
      <line num="158" count="0" type="stmt"/>
      <line num="162" count="3" type="stmt"/>
      <line num="163" count="3" type="stmt"/>
      <line num="164" count="3" type="stmt"/>
      <line num="166" count="3" type="cond" truecount="1" falsecount="1"/>
      <line num="167" count="3" type="stmt"/>
      <line num="168" count="3" type="stmt"/>
      <line num="171" count="3" type="stmt"/>
      <line num="175" count="0" type="stmt"/>
      <line num="176" count="0" type="stmt"/>
      <line num="177" count="0" type="stmt"/>
      <line num="179" count="0" type="stmt"/>
      <line num="188" count="0" type="stmt"/>
      <line num="193" count="0" type="stmt"/>
      <line num="194" count="0" type="stmt"/>
      <line num="196" count="0" type="stmt"/>
      <line num="197" count="0" type="stmt"/>
      <line num="199" count="0" type="stmt"/>
      <line num="200" count="0" type="stmt"/>
      <line num="206" count="0" type="stmt"/>
      <line num="208" count="0" type="stmt"/>
      <line num="227" count="0" type="stmt"/>
      <line num="228" count="0" type="stmt"/>
      <line num="230" count="0" type="cond" truecount="0" falsecount="2"/>
      <line num="231" count="0" type="stmt"/>
      <line num="235" count="0" type="stmt"/>
      <line num="236" count="0" type="stmt"/>
      <line num="237" count="0" type="stmt"/>
      <line num="241" count="0" type="stmt"/>
      <line num="243" count="0" type="stmt"/>
      <line num="246" count="0" type="stmt"/>
      <line num="251" count="2" type="stmt"/>
      <line num="253" count="2" type="stmt"/>
      <line num="254" count="2" type="stmt"/>
      <line num="258" count="2" type="stmt"/>
      <line num="264" count="2" type="stmt"/>
      <line num="266" count="3" type="stmt"/>
      <line num="268" count="3" type="cond" truecount="1" falsecount="1"/>
      <line num="269" count="0" type="stmt"/>
      <line num="271" count="0" type="stmt"/>
      <line num="275" count="3" type="stmt"/>
      <line num="282" count="2" type="stmt"/>
      <line num="283" count="3" type="stmt"/>
      <line num="286" count="2" type="stmt"/>
      <line num="296" count="2" type="stmt"/>
    </file>
    <file name="state-machine.ts" path="/home/alex/MyProjects/opencode_orc_kit/src/state-machine.ts">
      <metrics statements="118" coveredstatements="84" conditionals="61" coveredconditionals="34" methods="25" coveredmethods="17"/>
      <line num="4" count="5" type="stmt"/>
      <line num="5" count="5" type="stmt"/>
      <line num="8" count="5" type="stmt"/>
      <line num="9" count="5" type="stmt"/>
      <line num="12" count="5" type="stmt"/>
      <line num="94" count="5" type="stmt"/>
      <line num="98" count="1" type="stmt"/>
      <line num="104" count="0" type="stmt"/>
      <line num="110" count="0" type="stmt"/>
      <line num="116" count="0" type="stmt"/>
      <line num="122" count="0" type="stmt"/>
      <line num="128" count="0" type="stmt"/>
      <line num="134" count="0" type="stmt"/>
      <line num="140" count="0" type="stmt"/>
      <line num="146" count="0" type="stmt"/>
      <line num="152" count="5" type="stmt"/>
      <line num="155" count="5" type="stmt"/>
      <line num="159" count="3" type="stmt"/>
      <line num="160" count="3" type="stmt"/>
      <line num="161" count="3" type="cond" truecount="2" falsecount="0"/>
      <line num="163" count="3" type="stmt"/>
      <line num="164" count="3" type="stmt"/>
      <line num="166" count="0" type="stmt"/>
      <line num="172" count="7" type="stmt"/>
      <line num="173" count="7" type="stmt"/>
      <line num="174" count="7" type="stmt"/>
      <line num="175" count="7" type="cond" truecount="1" falsecount="1"/>
      <line num="176" count="7" type="stmt"/>
      <line num="178" count="0" type="stmt"/>
      <line num="180" count="7" type="stmt"/>
      <line num="186" count="6" type="stmt"/>
      <line num="187" count="6" type="stmt"/>
      <line num="188" count="6" type="cond" truecount="1" falsecount="1"/>
      <line num="189" count="0" type="stmt"/>
      <line num="190" count="0" type="stmt"/>
      <line num="193" count="0" type="stmt"/>
      <line num="195" count="6" type="stmt"/>
      <line num="200" count="3" type="stmt"/>
      <line num="202" count="3" type="stmt"/>
      <line num="203" count="0" type="stmt"/>
      <line num="206" count="0" type="stmt"/>
      <line num="207" count="0" type="stmt"/>
      <line num="210" count="0" type="stmt"/>
      <line num="211" count="0" type="stmt"/>
      <line num="214" count="0" type="stmt"/>
      <line num="215" count="0" type="stmt"/>
      <line num="218" count="0" type="stmt"/>
      <line num="219" count="0" type="stmt"/>
      <line num="222" count="0" type="stmt"/>
      <line num="223" count="0" type="stmt"/>
      <line num="227" count="0" type="cond" truecount="0" falsecount="6"/>
      <line num="229" count="0" type="cond" truecount="0" falsecount="5"/>
      <line num="231" count="0" type="cond" truecount="0" falsecount="4"/>
      <line num="233" count="0" type="cond" truecount="0" falsecount="2"/>
      <line num="235" count="0" type="stmt"/>
      <line num="237" count="3" type="stmt"/>
      <line num="242" count="5" type="stmt"/>
      <line num="245" count="3" type="stmt"/>
      <line num="248" count="3" type="cond" truecount="1" falsecount="1"/>
      <line num="249" count="3" type="stmt"/>
      <line num="251" count="3" type="stmt"/>
      <line num="252" count="3" type="stmt"/>
      <line num="256" count="5" type="stmt"/>
      <line num="257" count="3" type="stmt"/>
      <line num="258" count="3" type="cond" truecount="1" falsecount="1"/>
      <line num="259" count="0" type="stmt"/>
      <line num="260" count="0" type="stmt"/>
      <line num="264" count="3" type="stmt"/>
      <line num="266" count="3" type="stmt"/>
      <line num="267" count="3" type="stmt"/>
      <line num="268" count="3" type="stmt"/>
      <line num="272" count="5" type="stmt"/>
      <line num="273" count="24" type="stmt"/>
      <line num="277" count="5" type="stmt"/>
      <line num="278" count="4" type="stmt"/>
      <line num="279" count="4" type="stmt"/>
      <line num="280" count="4" type="cond" truecount="2" falsecount="0"/>
      <line num="281" count="3" type="stmt"/>
      <line num="286" count="5" type="stmt"/>
      <line num="287" count="18" type="cond" truecount="2" falsecount="0"/>
      <line num="288" count="18" type="cond" truecount="2" falsecount="0"/>
      <line num="292" count="5" type="stmt"/>
      <line num="293" count="17" type="cond" truecount="1" falsecount="1"/>
      <line num="294" count="17" type="cond" truecount="2" falsecount="0"/>
      <line num="295" count="17" type="cond" truecount="2" falsecount="0"/>
      <line num="297" count="17" type="stmt"/>
      <line num="298" count="156" type="cond" truecount="2" falsecount="0"/>
      <line num="299" count="15" type="stmt"/>
      <line num="300" count="15" type="cond" truecount="1" falsecount="1"/>
      <line num="301" count="141" type="cond" truecount="2" falsecount="0"/>
      <line num="302" count="6" type="stmt"/>
      <line num="306" count="11" type="stmt"/>
      <line num="307" count="47" type="cond" truecount="1" falsecount="1"/>
      <line num="308" count="0" type="stmt"/>
      <line num="309" count="0" type="cond" truecount="0" falsecount="2"/>
      <line num="310" count="47" type="cond" truecount="2" falsecount="0"/>
      <line num="311" count="8" type="stmt"/>
      <line num="315" count="3" type="stmt"/>
      <line num="319" count="5" type="stmt"/>
      <line num="320" count="37" type="cond" truecount="2" falsecount="0"/>
      <line num="324" count="5" type="stmt"/>
      <line num="325" count="3" type="cond" truecount="2" falsecount="0"/>
      <line num="326" count="1" type="stmt"/>
      <line num="331" count="5" type="stmt"/>
      <line num="332" count="54" type="stmt"/>
      <line num="336" count="5" type="stmt"/>
      <line num="337" count="10" type="cond" truecount="2" falsecount="0"/>
      <line num="339" count="2" type="cond" truecount="2" falsecount="0"/>
      <line num="340" count="1" type="stmt"/>
      <line num="341" count="1" type="stmt"/>
      <line num="344" count="1" type="stmt"/>
      <line num="346" count="1" type="cond" truecount="1" falsecount="1"/>
      <line num="347" count="1" type="stmt"/>
      <line num="348" count="1" type="stmt"/>
      <line num="349" count="1" type="stmt"/>
      <line num="352" count="0" type="stmt"/>
      <line num="355" count="5" type="stmt"/>
      <line num="368" count="5" type="stmt"/>
    </file>
    <file name="tdd-workflow.ts" path="/home/alex/MyProjects/opencode_orc_kit/src/tdd-workflow.ts">
      <metrics statements="29" coveredstatements="29" conditionals="16" coveredconditionals="15" methods="7" coveredmethods="7"/>
      <line num="19" count="2" type="stmt"/>
      <line num="22" count="2" type="stmt"/>
      <line num="23" count="15" type="stmt"/>
      <line num="33" count="2" type="stmt"/>
      <line num="34" count="8" type="stmt"/>
      <line num="35" count="8" type="cond" truecount="1" falsecount="1"/>
      <line num="36" count="8" type="cond" truecount="2" falsecount="0"/>
      <line num="37" count="8" type="cond" truecount="2" falsecount="0"/>
      <line num="38" count="3" type="stmt"/>
      <line num="44" count="2" type="stmt"/>
      <line num="45" count="9" type="stmt"/>
      <line num="47" count="9" type="cond" truecount="2" falsecount="0"/>
      <line num="48" count="2" type="stmt"/>
      <line num="55" count="7" type="stmt"/>
      <line num="63" count="2" type="stmt"/>
      <line num="64" count="7" type="stmt"/>
      <line num="66" count="7" type="cond" truecount="2" falsecount="0"/>
      <line num="67" count="1" type="stmt"/>
      <line num="70" count="6" type="cond" truecount="2" falsecount="0"/>
      <line num="71" count="3" type="stmt"/>
      <line num="74" count="3" type="stmt"/>
      <line num="75" count="3" type="stmt"/>
      <line num="79" count="2" type="stmt"/>
      <line num="80" count="4" type="cond" truecount="2" falsecount="0"/>
      <line num="84" count="2" type="stmt"/>
      <line num="85" count="6" type="stmt"/>
      <line num="86" count="23" type="stmt"/>
      <line num="90" count="2" type="stmt"/>
      <line num="99" count="2" type="stmt"/>
    </file>
    <file name="user-approval.ts" path="/home/alex/MyProjects/opencode_orc_kit/src/user-approval.ts">
      <metrics statements="33" coveredstatements="33" conditionals="11" coveredconditionals="11" methods="8" coveredmethods="8"/>
      <line num="12" count="2" type="stmt"/>
      <line num="13" count="4" type="stmt"/>
      <line num="15" count="4" type="stmt"/>
      <line num="16" count="4" type="stmt"/>
      <line num="17" count="7" type="stmt"/>
      <line num="20" count="4" type="cond" truecount="2" falsecount="0"/>
      <line num="21" count="1" type="stmt"/>
      <line num="24" count="4" type="stmt"/>
      <line num="26" count="4" type="stmt"/>
      <line num="30" count="2" type="stmt"/>
      <line num="35" count="6" type="stmt"/>
      <line num="51" count="2" type="stmt"/>
      <line num="52" count="2" type="stmt"/>
      <line num="60" count="2" type="stmt"/>
      <line num="64" count="2" type="stmt"/>
      <line num="66" count="2" type="stmt"/>
      <line num="67" count="4" type="stmt"/>
      <line num="70" count="2" type="stmt"/>
      <line num="72" count="2" type="stmt"/>
      <line num="76" count="2" type="stmt"/>
      <line num="77" count="23" type="stmt"/>
      <line num="79" count="23" type="cond" truecount="2" falsecount="0"/>
      <line num="80" count="13" type="stmt"/>
      <line num="83" count="10" type="cond" truecount="2" falsecount="0"/>
      <line num="84" count="7" type="stmt"/>
      <line num="87" count="3" type="stmt"/>
      <line num="91" count="2" type="stmt"/>
      <line num="92" count="11" type="stmt"/>
      <line num="94" count="11" type="cond" truecount="5" falsecount="0"/>
      <line num="95" count="4" type="stmt"/>
      <line num="98" count="7" type="stmt"/>
      <line num="101" count="2" type="stmt"/>
      <line num="110" count="2" type="stmt"/>
    </file>
  </project>
</coverage>
