{"/home/alex/MyProjects/opencode_orc_kit/src/blocking-rules.ts": {"path":"/home/alex/MyProjects/opencode_orc_kit/src/blocking-rules.ts","statementMap":{"0":{"start":{"line":120,"column":0},"end":{"line":120,"column":7}},"1":{"start":{"line":144,"column":0},"end":{"line":144,"column":7}},"2":{"start":{"line":186,"column":0},"end":{"line":186,"column":16}},"3":{"start":{"line":191,"column":0},"end":{"line":191,"column":7}},"4":{"start":{"line":211,"column":0},"end":{"line":211,"column":16}},"5":{"start":{"line":216,"column":0},"end":{"line":216,"column":16}},"6":{"start":{"line":4,"column":0},"end":{"line":4,"column":25}},"7":{"start":{"line":5,"column":0},"end":{"line":5,"column":29}},"8":{"start":{"line":7,"column":17},"end":{"line":7,"column":33}},"9":{"start":{"line":8,"column":27},"end":{"line":8,"column":64}},"10":{"start":{"line":9,"column":17},"end":{"line":9,"column":44}},"11":{"start":{"line":10,"column":20},"end":{"line":10,"column":25}},"12":{"start":{"line":13,"column":2},"end":{"line":13,"column":27}},"13":{"start":{"line":13,"column":20},"end":{"line":13,"column":27}},"14":{"start":{"line":14,"column":2},"end":{"line":19,"column":26}},"15":{"start":{"line":15,"column":20},"end":{"line":15,"column":54}},"16":{"start":{"line":16,"column":4},"end":{"line":16,"column":76}},"17":{"start":{"line":16,"column":33},"end":{"line":16,"column":76}},"18":{"start":{"line":17,"column":18},"end":{"line":17,"column":62}},"19":{"start":{"line":18,"column":4},"end":{"line":18,"column":65}},"20":{"start":{"line":37,"column":38},"end":{"line":37,"column":40}},"21":{"start":{"line":41,"column":27},"end":{"line":41,"column":58}},"22":{"start":{"line":42,"column":16},"end":{"line":42,"column":46}},"23":{"start":{"line":43,"column":2},"end":{"line":43,"column":57}},"24":{"start":{"line":47,"column":25},"end":{"line":78,"column":1}},"25":{"start":{"line":49,"column":27},"end":{"line":49,"column":58}},"26":{"start":{"line":50,"column":16},"end":{"line":50,"column":46}},"27":{"start":{"line":53,"column":2},"end":{"line":55,"column":3}},"28":{"start":{"line":54,"column":4},"end":{"line":54,"column":16}},"29":{"start":{"line":57,"column":2},"end":{"line":77,"column":3}},"30":{"start":{"line":60,"column":21},"end":{"line":60,"column":50}},"31":{"start":{"line":61,"column":25},"end":{"line":69,"column":6}},"32":{"start":{"line":62,"column":6},"end":{"line":68,"column":9}},"33":{"start":{"line":63,"column":8},"end":{"line":67,"column":9}},"34":{"start":{"line":64,"column":10},"end":{"line":64,"column":24}},"35":{"start":{"line":66,"column":10},"end":{"line":66,"column":33}},"36":{"start":{"line":71,"column":19},"end":{"line":71,"column":31}},"37":{"start":{"line":73,"column":4},"end":{"line":73,"column":105}},"38":{"start":{"line":76,"column":4},"end":{"line":76,"column":17}},"39":{"start":{"line":84,"column":27},"end":{"line":84,"column":58}},"40":{"start":{"line":85,"column":16},"end":{"line":85,"column":46}},"41":{"start":{"line":89,"column":2},"end":{"line":91,"column":3}},"42":{"start":{"line":90,"column":4},"end":{"line":90,"column":16}},"43":{"start":{"line":94,"column":2},"end":{"line":94,"column":57}},"44":{"start":{"line":100,"column":26},"end":{"line":100,"column":56}},"45":{"start":{"line":101,"column":18},"end":{"line":101,"column":47}},"46":{"start":{"line":102,"column":2},"end":{"line":102,"column":30}},"47":{"start":{"line":107,"column":2},"end":{"line":107,"column":60}},"48":{"start":{"line":111,"column":41},"end":{"line":117,"column":2}},"49":{"start":{"line":121,"column":31},"end":{"line":121,"column":33}},"50":{"start":{"line":123,"column":2},"end":{"line":135,"column":3}},"51":{"start":{"line":124,"column":4},"end":{"line":134,"column":5}},"52":{"start":{"line":125,"column":21},"end":{"line":125,"column":39}},"53":{"start":{"line":126,"column":6},"end":{"line":131,"column":7}},"54":{"start":{"line":127,"column":8},"end":{"line":127,"column":103}},"55":{"start":{"line":130,"column":8},"end":{"line":130,"column":48}},"56":{"start":{"line":133,"column":6},"end":{"line":133,"column":46}},"57":{"start":{"line":137,"column":2},"end":{"line":140,"column":4}},"58":{"start":{"line":138,"column":35},"end":{"line":138,"column":52}},"59":{"start":{"line":145,"column":15},"end":{"line":145,"column":32}},"60":{"start":{"line":146,"column":2},"end":{"line":146,"column":26}},"61":{"start":{"line":146,"column":13},"end":{"line":146,"column":26}},"62":{"start":{"line":148,"column":2},"end":{"line":152,"column":3}},"63":{"start":{"line":149,"column":4},"end":{"line":149,"column":30}},"64":{"start":{"line":151,"column":4},"end":{"line":151,"column":17}},"65":{"start":{"line":157,"column":35},"end":{"line":161,"column":4}},"66":{"start":{"line":163,"column":2},"end":{"line":163,"column":31}},"67":{"start":{"line":166,"column":2},"end":{"line":168,"column":3}},"68":{"start":{"line":167,"column":4},"end":{"line":167,"column":25}},"69":{"start":{"line":170,"column":2},"end":{"line":170,"column":49}},"70":{"start":{"line":173,"column":2},"end":{"line":182,"column":3}},"71":{"start":{"line":174,"column":20},"end":{"line":174,"column":54}},"72":{"start":{"line":175,"column":4},"end":{"line":175,"column":76}},"73":{"start":{"line":175,"column":33},"end":{"line":175,"column":76}},"74":{"start":{"line":176,"column":4},"end":{"line":179,"column":6}},"75":{"start":{"line":181,"column":4},"end":{"line":181,"column":42}},"76":{"start":{"line":187,"column":2},"end":{"line":187,"column":27}},"77":{"start":{"line":193,"column":2},"end":{"line":207,"column":3}},"78":{"start":{"line":195,"column":6},"end":{"line":203,"column":7}},"79":{"start":{"line":196,"column":20},"end":{"line":196,"column":55}},"80":{"start":{"line":197,"column":8},"end":{"line":199,"column":9}},"81":{"start":{"line":198,"column":10},"end":{"line":198,"column":49}},"82":{"start":{"line":200,"column":8},"end":{"line":200,"column":20}},"83":{"start":{"line":202,"column":8},"end":{"line":202,"column":21}},"84":{"start":{"line":206,"column":6},"end":{"line":206,"column":19}},"85":{"start":{"line":212,"column":2},"end":{"line":212,"column":27}},"86":{"start":{"line":217,"column":2},"end":{"line":217,"column":36}},"87":{"start":{"line":220,"column":13},"end":{"line":227,"column":2}},"88":{"start":{"line":229,"column":0},"end":{"line":229,"column":29}}},"fnMap":{"0":{"name":"logToFile","decl":{"start":{"line":12,"column":9},"end":{"line":12,"column":18}},"loc":{"start":{"line":12,"column":34},"end":{"line":20,"column":1}}},"1":{"name":"checkStateValid","decl":{"start":{"line":40,"column":15},"end":{"line":40,"column":30}},"loc":{"start":{"line":40,"column":30},"end":{"line":44,"column":1}}},"2":{"name":"(anonymous_11)","decl":{"start":{"line":41,"column":27},"end":{"line":41,"column":40}},"loc":{"start":{"line":41,"column":27},"end":{"line":41,"column":58}}},"3":{"name":"(anonymous_12)","decl":{"start":{"line":47,"column":25},"end":{"line":47,"column":30}},"loc":{"start":{"line":47,"column":54},"end":{"line":78,"column":1}}},"4":{"name":"(anonymous_13)","decl":{"start":{"line":49,"column":27},"end":{"line":49,"column":40}},"loc":{"start":{"line":49,"column":27},"end":{"line":49,"column":58}}},"5":{"name":"(anonymous_14)","decl":{"start":{"line":60,"column":21},"end":{"line":60,"column":34}},"loc":{"start":{"line":60,"column":21},"end":{"line":60,"column":50}}},"6":{"name":"(anonymous_15)","decl":{"start":{"line":61,"column":51},"end":{"line":61,"column":52}},"loc":{"start":{"line":61,"column":71},"end":{"line":69,"column":5}}},"7":{"name":"(anonymous_16)","decl":{"start":{"line":62,"column":40},"end":{"line":62,"column":41}},"loc":{"start":{"line":62,"column":58},"end":{"line":68,"column":7}}},"8":{"name":"checkAnalystPreconditions","decl":{"start":{"line":81,"column":15},"end":{"line":81,"column":40}},"loc":{"start":{"line":81,"column":40},"end":{"line":95,"column":1}}},"9":{"name":"(anonymous_18)","decl":{"start":{"line":84,"column":27},"end":{"line":84,"column":40}},"loc":{"start":{"line":84,"column":27},"end":{"line":84,"column":58}}},"10":{"name":"checkCoderPreconditions","decl":{"start":{"line":98,"column":15},"end":{"line":98,"column":38}},"loc":{"start":{"line":98,"column":38},"end":{"line":103,"column":1}}},"11":{"name":"(anonymous_20)","decl":{"start":{"line":100,"column":26},"end":{"line":100,"column":39}},"loc":{"start":{"line":100,"column":26},"end":{"line":100,"column":56}}},"12":{"name":"checkReviewerPreconditions","decl":{"start":{"line":106,"column":15},"end":{"line":106,"column":41}},"loc":{"start":{"line":106,"column":41},"end":{"line":108,"column":1}}},"13":{"name":"checkAllRules","decl":{"start":{"line":120,"column":22},"end":{"line":120,"column":35}},"loc":{"start":{"line":120,"column":35},"end":{"line":141,"column":1}}},"14":{"name":"(anonymous_23)","decl":{"start":{"line":138,"column":30},"end":{"line":138,"column":31}},"loc":{"start":{"line":138,"column":35},"end":{"line":138,"column":52}}},"15":{"name":"checkRule","decl":{"start":{"line":144,"column":22},"end":{"line":144,"column":31}},"loc":{"start":{"line":144,"column":46},"end":{"line":153,"column":1}}},"16":{"name":"logViolation","decl":{"start":{"line":156,"column":9},"end":{"line":156,"column":21}},"loc":{"start":{"line":156,"column":53},"end":{"line":183,"column":1}}},"17":{"name":"getViolationLog","decl":{"start":{"line":186,"column":16},"end":{"line":186,"column":31}},"loc":{"start":{"line":186,"column":31},"end":{"line":188,"column":1}}},"18":{"name":"autoFix","decl":{"start":{"line":191,"column":22},"end":{"line":191,"column":29}},"loc":{"start":{"line":191,"column":44},"end":{"line":208,"column":1}}},"19":{"name":"registerRule","decl":{"start":{"line":211,"column":16},"end":{"line":211,"column":28}},"loc":{"start":{"line":211,"column":47},"end":{"line":213,"column":1}}},"20":{"name":"getRules","decl":{"start":{"line":216,"column":16},"end":{"line":216,"column":24}},"loc":{"start":{"line":216,"column":24},"end":{"line":218,"column":1}}}},"branchMap":{"0":{"loc":{"start":{"line":13,"column":2},"end":{"line":13,"column":27}},"type":"if","locations":[{"start":{"line":13,"column":2},"end":{"line":13,"column":27}},{"start":{},"end":{}}]},"1":{"loc":{"start":{"line":16,"column":4},"end":{"line":16,"column":76}},"type":"if","locations":[{"start":{"line":16,"column":4},"end":{"line":16,"column":76}},{"start":{},"end":{}}]},"2":{"loc":{"start":{"line":53,"column":2},"end":{"line":55,"column":3}},"type":"if","locations":[{"start":{"line":53,"column":2},"end":{"line":55,"column":3}},{"start":{},"end":{}}]},"3":{"loc":{"start":{"line":53,"column":6},"end":{"line":53,"column":32}},"type":"binary-expr","locations":[{"start":{"line":53,"column":6},"end":{"line":53,"column":17}},{"start":{"line":53,"column":21},"end":{"line":53,"column":32}}]},"4":{"loc":{"start":{"line":63,"column":8},"end":{"line":67,"column":9}},"type":"if","locations":[{"start":{"line":63,"column":8},"end":{"line":67,"column":9}},{"start":{"line":65,"column":15},"end":{"line":67,"column":9}}]},"5":{"loc":{"start":{"line":73,"column":11},"end":{"line":73,"column":104}},"type":"binary-expr","locations":[{"start":{"line":73,"column":11},"end":{"line":73,"column":40}},{"start":{"line":73,"column":44},"end":{"line":73,"column":72}},{"start":{"line":73,"column":76},"end":{"line":73,"column":104}}]},"6":{"loc":{"start":{"line":89,"column":2},"end":{"line":91,"column":3}},"type":"if","locations":[{"start":{"line":89,"column":2},"end":{"line":91,"column":3}},{"start":{},"end":{}}]},"7":{"loc":{"start":{"line":89,"column":6},"end":{"line":89,"column":32}},"type":"binary-expr","locations":[{"start":{"line":89,"column":6},"end":{"line":89,"column":17}},{"start":{"line":89,"column":21},"end":{"line":89,"column":32}}]},"8":{"loc":{"start":{"line":126,"column":6},"end":{"line":131,"column":7}},"type":"if","locations":[{"start":{"line":126,"column":6},"end":{"line":131,"column":7}},{"start":{},"end":{}}]},"9":{"loc":{"start":{"line":127,"column":27},"end":{"line":127,"column":65}},"type":"cond-expr","locations":[{"start":{"line":127,"column":55},"end":{"line":127,"column":58}},{"start":{"line":127,"column":61},"end":{"line":127,"column":65}}]},"10":{"loc":{"start":{"line":146,"column":2},"end":{"line":146,"column":26}},"type":"if","locations":[{"start":{"line":146,"column":2},"end":{"line":146,"column":26}},{"start":{},"end":{}}]},"11":{"loc":{"start":{"line":166,"column":2},"end":{"line":168,"column":3}},"type":"if","locations":[{"start":{"line":166,"column":2},"end":{"line":168,"column":3}},{"start":{},"end":{}}]},"12":{"loc":{"start":{"line":175,"column":4},"end":{"line":175,"column":76}},"type":"if","locations":[{"start":{"line":175,"column":4},"end":{"line":175,"column":76}},{"start":{},"end":{}}]},"13":{"loc":{"start":{"line":193,"column":2},"end":{"line":207,"column":3}},"type":"switch","locations":[{"start":{"line":194,"column":4},"end":{"line":203,"column":7}},{"start":{"line":205,"column":4},"end":{"line":206,"column":19}}]},"14":{"loc":{"start":{"line":197,"column":8},"end":{"line":199,"column":9}},"type":"if","locations":[{"start":{"line":197,"column":8},"end":{"line":199,"column":9}},{"start":{},"end":{}}]}},"s":{"0":0,"1":0,"2":0,"3":0,"4":0,"5":0,"6":0,"7":0,"8":0,"9":0,"10":0,"11":0,"12":0,"13":0,"14":0,"15":0,"16":0,"17":0,"18":0,"19":0,"20":0,"21":0,"22":0,"23":0,"24":0,"25":0,"26":0,"27":0,"28":0,"29":0,"30":0,"31":0,"32":0,"33":0,"34":0,"35":0,"36":0,"37":0,"38":0,"39":0,"40":0,"41":0,"42":0,"43":0,"44":0,"45":0,"46":0,"47":0,"48":0,"49":0,"50":0,"51":0,"52":0,"53":0,"54":0,"55":0,"56":0,"57":0,"58":0,"59":0,"60":0,"61":0,"62":0,"63":0,"64":0,"65":0,"66":0,"67":0,"68":0,"69":0,"70":0,"71":0,"72":0,"73":0,"74":0,"75":0,"76":0,"77":0,"78":0,"79":0,"80":0,"81":0,"82":0,"83":0,"84":0,"85":0,"86":0,"87":0,"88":0},"f":{"0":0,"1":0,"2":0,"3":0,"4":0,"5":0,"6":0,"7":0,"8":0,"9":0,"10":0,"11":0,"12":0,"13":0,"14":0,"15":0,"16":0,"17":0,"18":0,"19":0,"20":0},"b":{"0":[0,0],"1":[0,0],"2":[0,0],"3":[0,0],"4":[0,0],"5":[0,0,0],"6":[0,0],"7":[0,0],"8":[0,0],"9":[0,0],"10":[0,0],"11":[0,0],"12":[0,0],"13":[0,0],"14":[0,0]}}
,"/home/alex/MyProjects/opencode_orc_kit/src/git-workflow.ts": {"path":"/home/alex/MyProjects/opencode_orc_kit/src/git-workflow.ts","statementMap":{"0":{"start":{"line":12,"column":0},"end":{"line":12,"column":7}},"1":{"start":{"line":17,"column":0},"end":{"line":17,"column":7}},"2":{"start":{"line":35,"column":0},"end":{"line":35,"column":7}},"3":{"start":{"line":55,"column":0},"end":{"line":55,"column":7}},"4":{"start":{"line":70,"column":0},"end":{"line":70,"column":7}},"5":{"start":{"line":88,"column":0},"end":{"line":88,"column":7}},"6":{"start":{"line":94,"column":0},"end":{"line":94,"column":7}},"7":{"start":{"line":110,"column":0},"end":{"line":110,"column":7}},"8":{"start":{"line":116,"column":0},"end":{"line":116,"column":7}},"9":{"start":{"line":10,"column":33},"end":{"line":10,"column":111}},"10":{"start":{"line":13,"column":2},"end":{"line":13,"column":48}},"11":{"start":{"line":18,"column":21},"end":{"line":18,"column":106}},"12":{"start":{"line":21,"column":24},"end":{"line":21,"column":73}},"13":{"start":{"line":23,"column":2},"end":{"line":29,"column":3}},"14":{"start":{"line":25,"column":4},"end":{"line":25,"column":86}},"15":{"start":{"line":28,"column":4},"end":{"line":28,"column":78}},"16":{"start":{"line":31,"column":2},"end":{"line":31,"column":20}},"17":{"start":{"line":36,"column":27},"end":{"line":36,"column":29}},"18":{"start":{"line":39,"column":17},"end":{"line":39,"column":82}},"19":{"start":{"line":40,"column":2},"end":{"line":43,"column":3}},"20":{"start":{"line":41,"column":4},"end":{"line":41,"column":45}},"21":{"start":{"line":42,"column":4},"end":{"line":42,"column":36}},"22":{"start":{"line":46,"column":17},"end":{"line":46,"column":85}},"23":{"start":{"line":47,"column":2},"end":{"line":49,"column":3}},"24":{"start":{"line":48,"column":4},"end":{"line":48,"column":69}},"25":{"start":{"line":51,"column":2},"end":{"line":51,"column":48}},"26":{"start":{"line":56,"column":2},"end":{"line":65,"column":3}},"27":{"start":{"line":57,"column":4},"end":{"line":64,"column":6}},"28":{"start":{"line":66,"column":2},"end":{"line":66,"column":25}},"29":{"start":{"line":72,"column":2},"end":{"line":72,"column":59}},"30":{"start":{"line":75,"column":2},"end":{"line":75,"column":62}},"31":{"start":{"line":78,"column":2},"end":{"line":78,"column":70}},"32":{"start":{"line":81,"column":2},"end":{"line":81,"column":62}},"33":{"start":{"line":84,"column":2},"end":{"line":84,"column":66}},"34":{"start":{"line":89,"column":17},"end":{"line":89,"column":80}},"35":{"start":{"line":90,"column":2},"end":{"line":90,"column":60}},"36":{"start":{"line":90,"column":50},"end":{"line":90,"column":58}},"37":{"start":{"line":95,"column":15},"end":{"line":95,"column":73}},"38":{"start":{"line":98,"column":21},"end":{"line":98,"column":45}},"39":{"start":{"line":99,"column":19},"end":{"line":99,"column":48}},"40":{"start":{"line":100,"column":19},"end":{"line":100,"column":47}},"41":{"start":{"line":102,"column":2},"end":{"line":106,"column":4}},"42":{"start":{"line":111,"column":17},"end":{"line":111,"column":87}},"43":{"start":{"line":112,"column":2},"end":{"line":112,"column":37}},"44":{"start":{"line":117,"column":17},"end":{"line":117,"column":82}},"45":{"start":{"line":118,"column":2},"end":{"line":118,"column":81}},"46":{"start":{"line":121,"column":13},"end":{"line":131,"column":2}},"47":{"start":{"line":133,"column":0},"end":{"line":133,"column":27}}},"fnMap":{"0":{"name":"isValidCommitMessage","decl":{"start":{"line":12,"column":22},"end":{"line":12,"column":42}},"loc":{"start":{"line":12,"column":58},"end":{"line":14,"column":1}}},"1":{"name":"createFeatureBranch","decl":{"start":{"line":17,"column":22},"end":{"line":17,"column":41}},"loc":{"start":{"line":17,"column":95},"end":{"line":32,"column":1}}},"2":{"name":"preCommitCheck","decl":{"start":{"line":35,"column":22},"end":{"line":35,"column":36}},"loc":{"start":{"line":35,"column":62},"end":{"line":52,"column":1}}},"3":{"name":"validateCommitMessage","decl":{"start":{"line":55,"column":22},"end":{"line":55,"column":43}},"loc":{"start":{"line":55,"column":86},"end":{"line":67,"column":1}}},"4":{"name":"mergeToDevelop","decl":{"start":{"line":70,"column":22},"end":{"line":70,"column":36}},"loc":{"start":{"line":70,"column":82},"end":{"line":85,"column":1}}},"5":{"name":"getChangedFiles","decl":{"start":{"line":88,"column":22},"end":{"line":88,"column":37}},"loc":{"start":{"line":88,"column":63},"end":{"line":91,"column":1}}},"6":{"name":"(anonymous_6)","decl":{"start":{"line":90,"column":35},"end":{"line":90,"column":36}},"loc":{"start":{"line":90,"column":50},"end":{"line":90,"column":58}}},"7":{"name":"getChangeStats","decl":{"start":{"line":94,"column":22},"end":{"line":94,"column":36}},"loc":{"start":{"line":94,"column":62},"end":{"line":107,"column":1}}},"8":{"name":"isMergedToDevelop","decl":{"start":{"line":110,"column":22},"end":{"line":110,"column":39}},"loc":{"start":{"line":110,"column":85},"end":{"line":113,"column":1}}},"9":{"name":"hasConflicts","decl":{"start":{"line":116,"column":22},"end":{"line":116,"column":34}},"loc":{"start":{"line":116,"column":60},"end":{"line":119,"column":1}}}},"branchMap":{"0":{"loc":{"start":{"line":18,"column":24},"end":{"line":18,"column":57}},"type":"binary-expr","locations":[{"start":{"line":18,"column":24},"end":{"line":18,"column":44}},{"start":{"line":18,"column":48},"end":{"line":18,"column":57}}]},"1":{"loc":{"start":{"line":23,"column":2},"end":{"line":29,"column":3}},"type":"if","locations":[{"start":{"line":23,"column":2},"end":{"line":29,"column":3}},{"start":{"line":26,"column":9},"end":{"line":29,"column":3}}]},"2":{"loc":{"start":{"line":23,"column":6},"end":{"line":23,"column":61}},"type":"binary-expr","locations":[{"start":{"line":23,"column":6},"end":{"line":23,"column":30}},{"start":{"line":23,"column":34},"end":{"line":23,"column":61}}]},"3":{"loc":{"start":{"line":40,"column":2},"end":{"line":43,"column":3}},"type":"if","locations":[{"start":{"line":40,"column":2},"end":{"line":43,"column":3}},{"start":{},"end":{}}]},"4":{"loc":{"start":{"line":47,"column":2},"end":{"line":49,"column":3}},"type":"if","locations":[{"start":{"line":47,"column":2},"end":{"line":49,"column":3}},{"start":{},"end":{}}]},"5":{"loc":{"start":{"line":47,"column":6},"end":{"line":47,"column":96}},"type":"binary-expr","locations":[{"start":{"line":47,"column":6},"end":{"line":47,"column":34}},{"start":{"line":47,"column":38},"end":{"line":47,"column":65}},{"start":{"line":47,"column":69},"end":{"line":47,"column":96}}]},"6":{"loc":{"start":{"line":56,"column":2},"end":{"line":65,"column":3}},"type":"if","locations":[{"start":{"line":56,"column":2},"end":{"line":65,"column":3}},{"start":{},"end":{}}]},"7":{"loc":{"start":{"line":103,"column":11},"end":{"line":103,"column":51}},"type":"cond-expr","locations":[{"start":{"line":103,"column":24},"end":{"line":103,"column":47}},{"start":{"line":103,"column":50},"end":{"line":103,"column":51}}]},"8":{"loc":{"start":{"line":104,"column":16},"end":{"line":104,"column":52}},"type":"cond-expr","locations":[{"start":{"line":104,"column":27},"end":{"line":104,"column":48}},{"start":{"line":104,"column":51},"end":{"line":104,"column":52}}]},"9":{"loc":{"start":{"line":105,"column":15},"end":{"line":105,"column":51}},"type":"cond-expr","locations":[{"start":{"line":105,"column":26},"end":{"line":105,"column":47}},{"start":{"line":105,"column":50},"end":{"line":105,"column":51}}]},"10":{"loc":{"start":{"line":118,"column":9},"end":{"line":118,"column":80}},"type":"binary-expr","locations":[{"start":{"line":118,"column":9},"end":{"line":118,"column":30}},{"start":{"line":118,"column":34},"end":{"line":118,"column":55}},{"start":{"line":118,"column":59},"end":{"line":118,"column":80}}]}},"s":{"0":0,"1":0,"2":0,"3":0,"4":0,"5":0,"6":0,"7":0,"8":0,"9":0,"10":0,"11":0,"12":0,"13":0,"14":0,"15":0,"16":0,"17":0,"18":0,"19":0,"20":0,"21":0,"22":0,"23":0,"24":0,"25":0,"26":0,"27":0,"28":0,"29":0,"30":0,"31":0,"32":0,"33":0,"34":0,"35":0,"36":0,"37":0,"38":0,"39":0,"40":0,"41":0,"42":0,"43":0,"44":0,"45":0,"46":0,"47":0},"f":{"0":0,"1":0,"2":0,"3":0,"4":0,"5":0,"6":0,"7":0,"8":0,"9":0},"b":{"0":[0,0],"1":[0,0],"2":[0,0],"3":[0,0],"4":[0,0],"5":[0,0,0],"6":[0,0],"7":[0,0],"8":[0,0],"9":[0,0],"10":[0,0,0]}}
,"/home/alex/MyProjects/opencode_orc_kit/src/index.ts": {"path":"/home/alex/MyProjects/opencode_orc_kit/src/index.ts","statementMap":{"0":{"start":{"line":5,"column":0},"end":{"line":5,"column":47}},"1":{"start":{"line":7,"column":0},"end":{"line":7,"column":47}},"2":{"start":{"line":8,"column":0},"end":{"line":8,"column":60}},"3":{"start":{"line":9,"column":0},"end":{"line":9,"column":49}},"4":{"start":{"line":13,"column":24},"end":{"line":122,"column":2}},"5":{"start":{"line":127,"column":18},"end":{"line":127,"column":59}},"6":{"start":{"line":128,"column":20},"end":{"line":128,"column":44}},"7":{"start":{"line":129,"column":2},"end":{"line":129,"column":93}},"8":{"start":{"line":134,"column":47},"end":{"line":145,"column":4}},"9":{"start":{"line":146,"column":2},"end":{"line":146,"column":55}},"10":{"start":{"line":150,"column":46},"end":{"line":161,"column":4}},"11":{"start":{"line":162,"column":2},"end":{"line":162,"column":58}},"12":{"start":{"line":167,"column":2},"end":{"line":174,"column":22}},"13":{"start":{"line":170,"column":19},"end":{"line":170,"column":27}},"14":{"start":{"line":179,"column":2},"end":{"line":187,"column":22}},"15":{"start":{"line":191,"column":2},"end":{"line":259,"column":3}},"16":{"start":{"line":192,"column":4},"end":{"line":192,"column":65}},"17":{"start":{"line":195,"column":22},"end":{"line":195,"column":85}},"18":{"start":{"line":196,"column":4},"end":{"line":196,"column":86}},"19":{"start":{"line":197,"column":19},"end":{"line":197,"column":45}},"20":{"start":{"line":199,"column":4},"end":{"line":227,"column":5}},"21":{"start":{"line":204,"column":6},"end":{"line":223,"column":9}},"22":{"start":{"line":225,"column":6},"end":{"line":225,"column":109}},"23":{"start":{"line":226,"column":6},"end":{"line":226,"column":19}},"24":{"start":{"line":230,"column":22},"end":{"line":230,"column":90}},"25":{"start":{"line":232,"column":4},"end":{"line":237,"column":5}},"26":{"start":{"line":234,"column":6},"end":{"line":235,"column":12}},"27":{"start":{"line":236,"column":6},"end":{"line":236,"column":93}},"28":{"start":{"line":240,"column":25},"end":{"line":240,"column":55}},"29":{"start":{"line":241,"column":22},"end":{"line":241,"column":55}},"30":{"start":{"line":242,"column":22},"end":{"line":242,"column":48}},"31":{"start":{"line":244,"column":4},"end":{"line":253,"column":7}},"32":{"start":{"line":250,"column":26},"end":{"line":250,"column":42}},"33":{"start":{"line":255,"column":4},"end":{"line":255,"column":16}},"34":{"start":{"line":257,"column":4},"end":{"line":257,"column":70}},"35":{"start":{"line":258,"column":4},"end":{"line":258,"column":17}},"36":{"start":{"line":262,"column":39},"end":{"line":410,"column":1}},"37":{"start":{"line":270,"column":2},"end":{"line":270,"column":43}},"38":{"start":{"line":274,"column":25},"end":{"line":274,"column":83}},"39":{"start":{"line":276,"column":2},"end":{"line":280,"column":3}},"40":{"start":{"line":277,"column":4},"end":{"line":279,"column":7}},"41":{"start":{"line":283,"column":23},"end":{"line":300,"column":3}},"42":{"start":{"line":284,"column":4},"end":{"line":286,"column":5}},"43":{"start":{"line":285,"column":6},"end":{"line":285,"column":64}},"44":{"start":{"line":288,"column":4},"end":{"line":290,"column":5}},"45":{"start":{"line":289,"column":6},"end":{"line":289,"column":58}},"46":{"start":{"line":292,"column":4},"end":{"line":294,"column":5}},"47":{"start":{"line":293,"column":6},"end":{"line":293,"column":63}},"48":{"start":{"line":296,"column":4},"end":{"line":299,"column":5}},"49":{"start":{"line":297,"column":20},"end":{"line":297,"column":95}},"50":{"start":{"line":298,"column":6},"end":{"line":298,"column":73}},"51":{"start":{"line":303,"column":27},"end":{"line":303,"column":32}},"52":{"start":{"line":305,"column":28},"end":{"line":354,"column":3}},"53":{"start":{"line":306,"column":4},"end":{"line":306,"column":116}},"54":{"start":{"line":309,"column":4},"end":{"line":331,"column":5}},"55":{"start":{"line":310,"column":6},"end":{"line":310,"column":32}},"56":{"start":{"line":311,"column":27},"end":{"line":311,"column":57}},"57":{"start":{"line":312,"column":6},"end":{"line":330,"column":7}},"58":{"start":{"line":313,"column":8},"end":{"line":313,"column":74}},"59":{"start":{"line":314,"column":8},"end":{"line":329,"column":9}},"60":{"start":{"line":315,"column":25},"end":{"line":315,"column":88}},"61":{"start":{"line":316,"column":10},"end":{"line":326,"column":11}},"62":{"start":{"line":317,"column":12},"end":{"line":317,"column":72}},"63":{"start":{"line":318,"column":12},"end":{"line":323,"column":12}},"64":{"start":{"line":324,"column":12},"end":{"line":324,"column":64}},"65":{"start":{"line":325,"column":12},"end":{"line":325,"column":83}},"66":{"start":{"line":328,"column":10},"end":{"line":328,"column":84}},"67":{"start":{"line":333,"column":25},"end":{"line":333,"column":55}},"68":{"start":{"line":336,"column":4},"end":{"line":338,"column":5}},"69":{"start":{"line":337,"column":6},"end":{"line":337,"column":144}},"70":{"start":{"line":341,"column":24},"end":{"line":341,"column":59}},"71":{"start":{"line":342,"column":4},"end":{"line":344,"column":5}},"72":{"start":{"line":343,"column":6},"end":{"line":343,"column":98}},"73":{"start":{"line":357,"column":27},"end":{"line":403,"column":3}},"74":{"start":{"line":359,"column":4},"end":{"line":370,"column":5}},"75":{"start":{"line":360,"column":25},"end":{"line":360,"column":65}},"76":{"start":{"line":361,"column":6},"end":{"line":366,"column":7}},"77":{"start":{"line":363,"column":8},"end":{"line":365,"column":11}},"78":{"start":{"line":364,"column":92},"end":{"line":364,"column":101}},"79":{"start":{"line":364,"column":112},"end":{"line":364,"column":121}},"80":{"start":{"line":369,"column":6},"end":{"line":369,"column":63}},"81":{"start":{"line":373,"column":4},"end":{"line":380,"column":5}},"82":{"start":{"line":374,"column":25},"end":{"line":374,"column":67}},"83":{"start":{"line":375,"column":6},"end":{"line":379,"column":7}},"84":{"start":{"line":376,"column":8},"end":{"line":378,"column":11}},"85":{"start":{"line":377,"column":88},"end":{"line":377,"column":97}},"86":{"start":{"line":377,"column":108},"end":{"line":377,"column":114}},"87":{"start":{"line":383,"column":4},"end":{"line":402,"column":5}},"88":{"start":{"line":384,"column":28},"end":{"line":384,"column":77}},"89":{"start":{"line":387,"column":6},"end":{"line":401,"column":7}},"90":{"start":{"line":388,"column":27},"end":{"line":388,"column":68}},"91":{"start":{"line":390,"column":8},"end":{"line":395,"column":9}},"92":{"start":{"line":391,"column":10},"end":{"line":393,"column":13}},"93":{"start":{"line":392,"column":84},"end":{"line":392,"column":93}},"94":{"start":{"line":392,"column":104},"end":{"line":392,"column":110}},"95":{"start":{"line":394,"column":10},"end":{"line":394,"column":68}},"96":{"start":{"line":398,"column":8},"end":{"line":400,"column":11}},"97":{"start":{"line":405,"column":2},"end":{"line":409,"column":4}},"98":{"start":{"line":262,"column":13},"end":{"line":262,"column":39}},"99":{"start":{"line":412,"column":0},"end":{"line":412,"column":31}}},"fnMap":{"0":{"name":"logToFile","decl":{"start":{"line":126,"column":15},"end":{"line":126,"column":24}},"loc":{"start":{"line":126,"column":67},"end":{"line":130,"column":1}}},"1":{"name":"getStateDescription","decl":{"start":{"line":133,"column":9},"end":{"line":133,"column":28}},"loc":{"start":{"line":133,"column":41},"end":{"line":147,"column":1}}},"2":{"name":"getNextSteps","decl":{"start":{"line":149,"column":9},"end":{"line":149,"column":21}},"loc":{"start":{"line":149,"column":42},"end":{"line":163,"column":1}}},"3":{"name":"formatConfirmationDialog","decl":{"start":{"line":166,"column":9},"end":{"line":166,"column":33}},"loc":{"start":{"line":166,"column":88},"end":{"line":175,"column":1}}},"4":{"name":"(anonymous_4)","decl":{"start":{"line":170,"column":14},"end":{"line":170,"column":15}},"loc":{"start":{"line":170,"column":19},"end":{"line":170,"column":27}}},"5":{"name":"formatInitDialog","decl":{"start":{"line":178,"column":9},"end":{"line":178,"column":25}},"loc":{"start":{"line":178,"column":25},"end":{"line":188,"column":1}}},"6":{"name":"autoInitOnPluginLoad","decl":{"start":{"line":190,"column":15},"end":{"line":190,"column":35}},"loc":{"start":{"line":190,"column":92},"end":{"line":260,"column":1}}},"7":{"name":"(anonymous_7)","decl":{"start":{"line":250,"column":16},"end":{"line":250,"column":17}},"loc":{"start":{"line":250,"column":26},"end":{"line":250,"column":42}}},"8":{"name":"(anonymous_8)","decl":{"start":{"line":262,"column":39},"end":{"line":262,"column":44}},"loc":{"start":{"line":268,"column":5},"end":{"line":410,"column":1}}},"9":{"name":"(anonymous_9)","decl":{"start":{"line":283,"column":23},"end":{"line":283,"column":28}},"loc":{"start":{"line":283,"column":57},"end":{"line":300,"column":3}}},"10":{"name":"(anonymous_10)","decl":{"start":{"line":305,"column":28},"end":{"line":305,"column":33}},"loc":{"start":{"line":305,"column":62},"end":{"line":354,"column":3}}},"11":{"name":"(anonymous_11)","decl":{"start":{"line":357,"column":27},"end":{"line":357,"column":32}},"loc":{"start":{"line":357,"column":61},"end":{"line":403,"column":3}}},"12":{"name":"(anonymous_12)","decl":{"start":{"line":364,"column":87},"end":{"line":364,"column":88}},"loc":{"start":{"line":364,"column":92},"end":{"line":364,"column":101}}},"13":{"name":"(anonymous_13)","decl":{"start":{"line":364,"column":107},"end":{"line":364,"column":108}},"loc":{"start":{"line":364,"column":112},"end":{"line":364,"column":121}}},"14":{"name":"(anonymous_14)","decl":{"start":{"line":377,"column":83},"end":{"line":377,"column":84}},"loc":{"start":{"line":377,"column":88},"end":{"line":377,"column":97}}},"15":{"name":"(anonymous_15)","decl":{"start":{"line":377,"column":103},"end":{"line":377,"column":104}},"loc":{"start":{"line":377,"column":108},"end":{"line":377,"column":114}}},"16":{"name":"(anonymous_16)","decl":{"start":{"line":392,"column":79},"end":{"line":392,"column":80}},"loc":{"start":{"line":392,"column":84},"end":{"line":392,"column":93}}},"17":{"name":"(anonymous_17)","decl":{"start":{"line":392,"column":99},"end":{"line":392,"column":100}},"loc":{"start":{"line":392,"column":104},"end":{"line":392,"column":110}}}},"branchMap":{"0":{"loc":{"start":{"line":146,"column":9},"end":{"line":146,"column":54}},"type":"binary-expr","locations":[{"start":{"line":146,"column":9},"end":{"line":146,"column":27}},{"start":{"line":146,"column":31},"end":{"line":146,"column":54}}]},"1":{"loc":{"start":{"line":162,"column":9},"end":{"line":162,"column":57}},"type":"binary-expr","locations":[{"start":{"line":162,"column":9},"end":{"line":162,"column":32}},{"start":{"line":162,"column":36},"end":{"line":162,"column":57}}]},"2":{"loc":{"start":{"line":199,"column":4},"end":{"line":227,"column":5}},"type":"if","locations":[{"start":{"line":199,"column":4},"end":{"line":227,"column":5}},{"start":{},"end":{}}]},"3":{"loc":{"start":{"line":232,"column":4},"end":{"line":237,"column":5}},"type":"if","locations":[{"start":{"line":232,"column":4},"end":{"line":237,"column":5}},{"start":{},"end":{}}]},"4":{"loc":{"start":{"line":276,"column":2},"end":{"line":280,"column":3}},"type":"if","locations":[{"start":{"line":276,"column":2},"end":{"line":280,"column":3}},{"start":{},"end":{}}]},"5":{"loc":{"start":{"line":284,"column":4},"end":{"line":286,"column":5}},"type":"if","locations":[{"start":{"line":284,"column":4},"end":{"line":286,"column":5}},{"start":{},"end":{}}]},"6":{"loc":{"start":{"line":288,"column":4},"end":{"line":290,"column":5}},"type":"if","locations":[{"start":{"line":288,"column":4},"end":{"line":290,"column":5}},{"start":{},"end":{}}]},"7":{"loc":{"start":{"line":292,"column":4},"end":{"line":294,"column":5}},"type":"if","locations":[{"start":{"line":292,"column":4},"end":{"line":294,"column":5}},{"start":{},"end":{}}]},"8":{"loc":{"start":{"line":296,"column":4},"end":{"line":299,"column":5}},"type":"if","locations":[{"start":{"line":296,"column":4},"end":{"line":299,"column":5}},{"start":{},"end":{}}]},"9":{"loc":{"start":{"line":297,"column":20},"end":{"line":297,"column":95}},"type":"cond-expr","locations":[{"start":{"line":297,"column":51},"end":{"line":297,"column":62}},{"start":{"line":297,"column":65},"end":{"line":297,"column":95}}]},"10":{"loc":{"start":{"line":309,"column":4},"end":{"line":331,"column":5}},"type":"if","locations":[{"start":{"line":309,"column":4},"end":{"line":331,"column":5}},{"start":{},"end":{}}]},"11":{"loc":{"start":{"line":312,"column":6},"end":{"line":330,"column":7}},"type":"if","locations":[{"start":{"line":312,"column":6},"end":{"line":330,"column":7}},{"start":{},"end":{}}]},"12":{"loc":{"start":{"line":316,"column":10},"end":{"line":326,"column":11}},"type":"if","locations":[{"start":{"line":316,"column":10},"end":{"line":326,"column":11}},{"start":{},"end":{}}]},"13":{"loc":{"start":{"line":336,"column":4},"end":{"line":338,"column":5}},"type":"if","locations":[{"start":{"line":336,"column":4},"end":{"line":338,"column":5}},{"start":{},"end":{}}]},"14":{"loc":{"start":{"line":342,"column":4},"end":{"line":344,"column":5}},"type":"if","locations":[{"start":{"line":342,"column":4},"end":{"line":344,"column":5}},{"start":{},"end":{}}]},"15":{"loc":{"start":{"line":359,"column":4},"end":{"line":370,"column":5}},"type":"if","locations":[{"start":{"line":359,"column":4},"end":{"line":370,"column":5}},{"start":{},"end":{}}]},"16":{"loc":{"start":{"line":361,"column":6},"end":{"line":366,"column":7}},"type":"if","locations":[{"start":{"line":361,"column":6},"end":{"line":366,"column":7}},{"start":{},"end":{}}]},"17":{"loc":{"start":{"line":373,"column":4},"end":{"line":380,"column":5}},"type":"if","locations":[{"start":{"line":373,"column":4},"end":{"line":380,"column":5}},{"start":{},"end":{}}]},"18":{"loc":{"start":{"line":373,"column":8},"end":{"line":373,"column":76}},"type":"binary-expr","locations":[{"start":{"line":373,"column":8},"end":{"line":373,"column":29}},{"start":{"line":373,"column":33},"end":{"line":373,"column":76}}]},"19":{"loc":{"start":{"line":375,"column":6},"end":{"line":379,"column":7}},"type":"if","locations":[{"start":{"line":375,"column":6},"end":{"line":379,"column":7}},{"start":{},"end":{}}]},"20":{"loc":{"start":{"line":383,"column":4},"end":{"line":402,"column":5}},"type":"if","locations":[{"start":{"line":383,"column":4},"end":{"line":402,"column":5}},{"start":{},"end":{}}]},"21":{"loc":{"start":{"line":383,"column":8},"end":{"line":383,"column":75}},"type":"binary-expr","locations":[{"start":{"line":383,"column":8},"end":{"line":383,"column":29}},{"start":{"line":383,"column":33},"end":{"line":383,"column":75}}]},"22":{"loc":{"start":{"line":387,"column":6},"end":{"line":401,"column":7}},"type":"if","locations":[{"start":{"line":387,"column":6},"end":{"line":401,"column":7}},{"start":{},"end":{}}]},"23":{"loc":{"start":{"line":390,"column":8},"end":{"line":395,"column":9}},"type":"if","locations":[{"start":{"line":390,"column":8},"end":{"line":395,"column":9}},{"start":{},"end":{}}]},"24":{"loc":{"start":{"line":399,"column":101},"end":{"line":399,"column":131}},"type":"binary-expr","locations":[{"start":{"line":399,"column":101},"end":{"line":399,"column":115}},{"start":{"line":399,"column":119},"end":{"line":399,"column":131}}]}},"s":{"0":0,"1":0,"2":0,"3":0,"4":0,"5":0,"6":0,"7":0,"8":0,"9":0,"10":0,"11":0,"12":0,"13":0,"14":0,"15":0,"16":0,"17":0,"18":0,"19":0,"20":0,"21":0,"22":0,"23":0,"24":0,"25":0,"26":0,"27":0,"28":0,"29":0,"30":0,"31":0,"32":0,"33":0,"34":0,"35":0,"36":0,"37":0,"38":0,"39":0,"40":0,"41":0,"42":0,"43":0,"44":0,"45":0,"46":0,"47":0,"48":0,"49":0,"50":0,"51":0,"52":0,"53":0,"54":0,"55":0,"56":0,"57":0,"58":0,"59":0,"60":0,"61":0,"62":0,"63":0,"64":0,"65":0,"66":0,"67":0,"68":0,"69":0,"70":0,"71":0,"72":0,"73":0,"74":0,"75":0,"76":0,"77":0,"78":0,"79":0,"80":0,"81":0,"82":0,"83":0,"84":0,"85":0,"86":0,"87":0,"88":0,"89":0,"90":0,"91":0,"92":0,"93":0,"94":0,"95":0,"96":0,"97":0,"98":0,"99":0},"f":{"0":0,"1":0,"2":0,"3":0,"4":0,"5":0,"6":0,"7":0,"8":0,"9":0,"10":0,"11":0,"12":0,"13":0,"14":0,"15":0,"16":0,"17":0},"b":{"0":[0,0],"1":[0,0],"2":[0,0],"3":[0,0],"4":[0,0],"5":[0,0],"6":[0,0],"7":[0,0],"8":[0,0],"9":[0,0],"10":[0,0],"11":[0,0],"12":[0,0],"13":[0,0],"14":[0,0],"15":[0,0],"16":[0,0],"17":[0,0],"18":[0,0],"19":[0,0],"20":[0,0],"21":[0,0],"22":[0,0],"23":[0,0],"24":[0,0]}}
,"/home/alex/MyProjects/opencode_orc_kit/src/mcp-registry.ts": {"path":"/home/alex/MyProjects/opencode_orc_kit/src/mcp-registry.ts","statementMap":{"0":{"start":{"line":271,"column":0},"end":{"line":271,"column":16}},"1":{"start":{"line":306,"column":0},"end":{"line":306,"column":16}},"2":{"start":{"line":311,"column":0},"end":{"line":311,"column":16}},"3":{"start":{"line":318,"column":0},"end":{"line":318,"column":16}},"4":{"start":{"line":323,"column":0},"end":{"line":323,"column":16}},"5":{"start":{"line":328,"column":0},"end":{"line":328,"column":16}},"6":{"start":{"line":31,"column":13},"end":{"line":252,"column":2}},"7":{"start":{"line":255,"column":13},"end":{"line":268,"column":2}},"8":{"start":{"line":272,"column":49},"end":{"line":297,"column":4}},"9":{"start":{"line":299,"column":21},"end":{"line":299,"column":54}},"10":{"start":{"line":300,"column":2},"end":{"line":300,"column":41}},"11":{"start":{"line":300,"column":31},"end":{"line":300,"column":41}},"12":{"start":{"line":302,"column":2},"end":{"line":302,"column":67}},"13":{"start":{"line":302,"column":34},"end":{"line":302,"column":65}},"14":{"start":{"line":307,"column":2},"end":{"line":307,"column":59}},"15":{"start":{"line":307,"column":34},"end":{"line":307,"column":57}},"16":{"start":{"line":312,"column":2},"end":{"line":314,"column":4}},"17":{"start":{"line":313,"column":4},"end":{"line":313,"column":65}},"18":{"start":{"line":313,"column":21},"end":{"line":313,"column":64}},"19":{"start":{"line":319,"column":2},"end":{"line":319,"column":45}},"20":{"start":{"line":319,"column":32},"end":{"line":319,"column":43}},"21":{"start":{"line":324,"column":2},"end":{"line":324,"column":27}},"22":{"start":{"line":329,"column":62},"end":{"line":329,"column":71}},"23":{"start":{"line":331,"column":2},"end":{"line":333,"column":3}},"24":{"start":{"line":332,"column":4},"end":{"line":332,"column":89}},"25":{"start":{"line":332,"column":64},"end":{"line":332,"column":87}},"26":{"start":{"line":335,"column":2},"end":{"line":335,"column":17}},"27":{"start":{"line":338,"column":13},"end":{"line":346,"column":2}},"28":{"start":{"line":348,"column":0},"end":{"line":348,"column":27}}},"fnMap":{"0":{"name":"findMCPServersByTechnology","decl":{"start":{"line":271,"column":16},"end":{"line":271,"column":42}},"loc":{"start":{"line":271,"column":55},"end":{"line":303,"column":1}}},"1":{"name":"(anonymous_1)","decl":{"start":{"line":302,"column":29},"end":{"line":302,"column":30}},"loc":{"start":{"line":302,"column":34},"end":{"line":302,"column":65}}},"2":{"name":"findMCPServersByCategory","decl":{"start":{"line":306,"column":16},"end":{"line":306,"column":40}},"loc":{"start":{"line":306,"column":62},"end":{"line":308,"column":1}}},"3":{"name":"(anonymous_3)","decl":{"start":{"line":307,"column":29},"end":{"line":307,"column":30}},"loc":{"start":{"line":307,"column":34},"end":{"line":307,"column":57}}},"4":{"name":"findMCPServersByTag","decl":{"start":{"line":311,"column":16},"end":{"line":311,"column":35}},"loc":{"start":{"line":311,"column":47},"end":{"line":315,"column":1}}},"5":{"name":"(anonymous_5)","decl":{"start":{"line":312,"column":29},"end":{"line":312,"column":30}},"loc":{"start":{"line":313,"column":4},"end":{"line":313,"column":65}}},"6":{"name":"(anonymous_6)","decl":{"start":{"line":313,"column":16},"end":{"line":313,"column":17}},"loc":{"start":{"line":313,"column":21},"end":{"line":313,"column":64}}},"7":{"name":"getMCPServer","decl":{"start":{"line":318,"column":16},"end":{"line":318,"column":28}},"loc":{"start":{"line":318,"column":39},"end":{"line":320,"column":1}}},"8":{"name":"(anonymous_8)","decl":{"start":{"line":319,"column":27},"end":{"line":319,"column":28}},"loc":{"start":{"line":319,"column":32},"end":{"line":319,"column":43}}},"9":{"name":"getAllMCPServers","decl":{"start":{"line":323,"column":16},"end":{"line":323,"column":32}},"loc":{"start":{"line":323,"column":32},"end":{"line":325,"column":1}}},"10":{"name":"getMCPServersGroupedByCategory","decl":{"start":{"line":328,"column":16},"end":{"line":328,"column":46}},"loc":{"start":{"line":328,"column":46},"end":{"line":336,"column":1}}},"11":{"name":"(anonymous_11)","decl":{"start":{"line":332,"column":59},"end":{"line":332,"column":60}},"loc":{"start":{"line":332,"column":64},"end":{"line":332,"column":87}}}},"branchMap":{"0":{"loc":{"start":{"line":299,"column":21},"end":{"line":299,"column":54}},"type":"binary-expr","locations":[{"start":{"line":299,"column":21},"end":{"line":299,"column":48}},{"start":{"line":299,"column":52},"end":{"line":299,"column":54}}]},"1":{"loc":{"start":{"line":300,"column":2},"end":{"line":300,"column":41}},"type":"if","locations":[{"start":{"line":300,"column":2},"end":{"line":300,"column":41}},{"start":{},"end":{}}]}},"s":{"0":0,"1":0,"2":0,"3":0,"4":0,"5":0,"6":0,"7":0,"8":0,"9":0,"10":0,"11":0,"12":0,"13":0,"14":0,"15":0,"16":0,"17":0,"18":0,"19":0,"20":0,"21":0,"22":0,"23":0,"24":0,"25":0,"26":0,"27":0,"28":0},"f":{"0":0,"1":0,"2":0,"3":0,"4":0,"5":0,"6":0,"7":0,"8":0,"9":0,"10":0,"11":0},"b":{"0":[0,0],"1":[0,0]}}
,"/home/alex/MyProjects/opencode_orc_kit/src/mcp-resolution.ts": {"path":"/home/alex/MyProjects/opencode_orc_kit/src/mcp-resolution.ts","statementMap":{"0":{"start":{"line":53,"column":0},"end":{"line":53,"column":16}},"1":{"start":{"line":68,"column":0},"end":{"line":68,"column":16}},"2":{"start":{"line":83,"column":0},"end":{"line":83,"column":16}},"3":{"start":{"line":120,"column":0},"end":{"line":120,"column":16}},"4":{"start":{"line":125,"column":0},"end":{"line":125,"column":7}},"5":{"start":{"line":149,"column":0},"end":{"line":149,"column":16}},"6":{"start":{"line":158,"column":0},"end":{"line":158,"column":16}},"7":{"start":{"line":163,"column":0},"end":{"line":163,"column":16}},"8":{"start":{"line":168,"column":0},"end":{"line":168,"column":7}},"9":{"start":{"line":178,"column":0},"end":{"line":178,"column":16}},"10":{"start":{"line":183,"column":0},"end":{"line":183,"column":16}},"11":{"start":{"line":188,"column":0},"end":{"line":188,"column":16}},"12":{"start":{"line":193,"column":0},"end":{"line":193,"column":16}},"13":{"start":{"line":4,"column":0},"end":{"line":4,"column":25}},"14":{"start":{"line":5,"column":0},"end":{"line":5,"column":29}},"15":{"start":{"line":6,"column":0},"end":{"line":6,"column":85}},"16":{"start":{"line":25,"column":56},"end":{"line":46,"column":2}},"17":{"start":{"line":49,"column":41},"end":{"line":49,"column":50}},"18":{"start":{"line":50,"column":19},"end":{"line":50,"column":45}},"19":{"start":{"line":54,"column":2},"end":{"line":64,"column":3}},"20":{"start":{"line":55,"column":22},"end":{"line":55,"column":54}},"21":{"start":{"line":56,"column":4},"end":{"line":61,"column":5}},"22":{"start":{"line":57,"column":19},"end":{"line":57,"column":66}},"23":{"start":{"line":58,"column":6},"end":{"line":60,"column":9}},"24":{"start":{"line":59,"column":8},"end":{"line":59,"column":46}},"25":{"start":{"line":63,"column":4},"end":{"line":63,"column":52}},"26":{"start":{"line":69,"column":2},"end":{"line":79,"column":3}},"27":{"start":{"line":70,"column":22},"end":{"line":70,"column":54}},"28":{"start":{"line":71,"column":16},"end":{"line":71,"column":39}},"29":{"start":{"line":72,"column":4},"end":{"line":74,"column":5}},"30":{"start":{"line":73,"column":6},"end":{"line":73,"column":45}},"31":{"start":{"line":75,"column":17},"end":{"line":75,"column":45}},"32":{"start":{"line":76,"column":4},"end":{"line":76,"column":63}},"33":{"start":{"line":78,"column":4},"end":{"line":78,"column":52}},"34":{"start":{"line":84,"column":26},"end":{"line":84,"column":28}},"35":{"start":{"line":87,"column":2},"end":{"line":90,"column":3}},"36":{"start":{"line":89,"column":4},"end":{"line":89,"column":25}},"37":{"start":{"line":93,"column":2},"end":{"line":96,"column":3}},"38":{"start":{"line":94,"column":4},"end":{"line":94,"column":29}},"39":{"start":{"line":95,"column":4},"end":{"line":95,"column":29}},"40":{"start":{"line":99,"column":2},"end":{"line":101,"column":3}},"41":{"start":{"line":100,"column":4},"end":{"line":100,"column":21}},"42":{"start":{"line":104,"column":2},"end":{"line":107,"column":3}},"43":{"start":{"line":106,"column":4},"end":{"line":106,"column":25}},"44":{"start":{"line":110,"column":2},"end":{"line":113,"column":3}},"45":{"start":{"line":112,"column":4},"end":{"line":112,"column":29}},"46":{"start":{"line":115,"column":2},"end":{"line":115,"column":64}},"47":{"start":{"line":116,"column":2},"end":{"line":116,"column":15}},"48":{"start":{"line":121,"column":2},"end":{"line":121,"column":43}},"49":{"start":{"line":126,"column":2},"end":{"line":126,"column":51}},"50":{"start":{"line":128,"column":2},"end":{"line":145,"column":3}},"51":{"start":{"line":129,"column":19},"end":{"line":129,"column":69}},"52":{"start":{"line":131,"column":4},"end":{"line":142,"column":5}},"53":{"start":{"line":132,"column":6},"end":{"line":137,"column":9}},"54":{"start":{"line":138,"column":6},"end":{"line":138,"column":53}},"55":{"start":{"line":139,"column":6},"end":{"line":139,"column":31}},"56":{"start":{"line":141,"column":6},"end":{"line":141,"column":63}},"57":{"start":{"line":144,"column":4},"end":{"line":144,"column":48}},"58":{"start":{"line":150,"column":19},"end":{"line":150,"column":43}},"59":{"start":{"line":151,"column":2},"end":{"line":154,"column":3}},"60":{"start":{"line":152,"column":4},"end":{"line":152,"column":31}},"61":{"start":{"line":153,"column":4},"end":{"line":153,"column":39}},"62":{"start":{"line":159,"column":2},"end":{"line":159,"column":34}},"63":{"start":{"line":164,"column":2},"end":{"line":164,"column":64}},"64":{"start":{"line":164,"column":51},"end":{"line":164,"column":62}},"65":{"start":{"line":169,"column":2},"end":{"line":174,"column":3}},"66":{"start":{"line":170,"column":19},"end":{"line":170,"column":75}},"67":{"start":{"line":171,"column":4},"end":{"line":171,"column":24}},"68":{"start":{"line":173,"column":4},"end":{"line":173,"column":17}},"69":{"start":{"line":179,"column":2},"end":{"line":179,"column":30}},"70":{"start":{"line":184,"column":2},"end":{"line":184,"column":52}},"71":{"start":{"line":189,"column":2},"end":{"line":189,"column":35}},"72":{"start":{"line":194,"column":2},"end":{"line":194,"column":32}},"73":{"start":{"line":197,"column":13},"end":{"line":211,"column":2}},"74":{"start":{"line":213,"column":0},"end":{"line":213,"column":29}}},"fnMap":{"0":{"name":"loadCache","decl":{"start":{"line":53,"column":16},"end":{"line":53,"column":25}},"loc":{"start":{"line":53,"column":43},"end":{"line":65,"column":1}}},"1":{"name":"(anonymous_10)","decl":{"start":{"line":58,"column":35},"end":{"line":58,"column":36}},"loc":{"start":{"line":58,"column":52},"end":{"line":60,"column":7}}},"2":{"name":"saveCache","decl":{"start":{"line":68,"column":16},"end":{"line":68,"column":25}},"loc":{"start":{"line":68,"column":43},"end":{"line":80,"column":1}}},"3":{"name":"detectTechnologies","decl":{"start":{"line":83,"column":16},"end":{"line":83,"column":34}},"loc":{"start":{"line":83,"column":60},"end":{"line":117,"column":1}}},"4":{"name":"searchMCPServers","decl":{"start":{"line":120,"column":16},"end":{"line":120,"column":32}},"loc":{"start":{"line":120,"column":51},"end":{"line":122,"column":1}}},"5":{"name":"installMCPServer","decl":{"start":{"line":125,"column":22},"end":{"line":125,"column":38}},"loc":{"start":{"line":125,"column":89},"end":{"line":146,"column":1}}},"6":{"name":"configureMcpServer","decl":{"start":{"line":149,"column":16},"end":{"line":149,"column":34}},"loc":{"start":{"line":149,"column":82},"end":{"line":155,"column":1}}},"7":{"name":"getMCPStatus","decl":{"start":{"line":158,"column":16},"end":{"line":158,"column":28}},"loc":{"start":{"line":158,"column":47},"end":{"line":160,"column":1}}},"8":{"name":"getInstalledMCPs","decl":{"start":{"line":163,"column":16},"end":{"line":163,"column":32}},"loc":{"start":{"line":163,"column":32},"end":{"line":165,"column":1}}},"9":{"name":"(anonymous_18)","decl":{"start":{"line":164,"column":46},"end":{"line":164,"column":47}},"loc":{"start":{"line":164,"column":51},"end":{"line":164,"column":62}}},"10":{"name":"validateMCP","decl":{"start":{"line":168,"column":22},"end":{"line":168,"column":33}},"loc":{"start":{"line":168,"column":60},"end":{"line":175,"column":1}}},"11":{"name":"getAllMCPRegistry","decl":{"start":{"line":178,"column":16},"end":{"line":178,"column":33}},"loc":{"start":{"line":178,"column":33},"end":{"line":180,"column":1}}},"12":{"name":"searchByCategory","decl":{"start":{"line":183,"column":16},"end":{"line":183,"column":32}},"loc":{"start":{"line":183,"column":49},"end":{"line":185,"column":1}}},"13":{"name":"searchByTag","decl":{"start":{"line":188,"column":16},"end":{"line":188,"column":27}},"loc":{"start":{"line":188,"column":39},"end":{"line":190,"column":1}}},"14":{"name":"getCategories","decl":{"start":{"line":193,"column":16},"end":{"line":193,"column":29}},"loc":{"start":{"line":193,"column":29},"end":{"line":195,"column":1}}}},"branchMap":{"0":{"loc":{"start":{"line":56,"column":4},"end":{"line":61,"column":5}},"type":"if","locations":[{"start":{"line":56,"column":4},"end":{"line":61,"column":5}},{"start":{},"end":{}}]},"1":{"loc":{"start":{"line":72,"column":4},"end":{"line":74,"column":5}},"type":"if","locations":[{"start":{"line":72,"column":4},"end":{"line":74,"column":5}},{"start":{},"end":{}}]},"2":{"loc":{"start":{"line":87,"column":2},"end":{"line":90,"column":3}},"type":"if","locations":[{"start":{"line":87,"column":2},"end":{"line":90,"column":3}},{"start":{},"end":{}}]},"3":{"loc":{"start":{"line":87,"column":6},"end":{"line":88,"column":59}},"type":"binary-expr","locations":[{"start":{"line":87,"column":6},"end":{"line":87,"column":61}},{"start":{"line":88,"column":6},"end":{"line":88,"column":59}}]},"4":{"loc":{"start":{"line":93,"column":2},"end":{"line":96,"column":3}},"type":"if","locations":[{"start":{"line":93,"column":2},"end":{"line":96,"column":3}},{"start":{},"end":{}}]},"5":{"loc":{"start":{"line":99,"column":2},"end":{"line":101,"column":3}},"type":"if","locations":[{"start":{"line":99,"column":2},"end":{"line":101,"column":3}},{"start":{},"end":{}}]},"6":{"loc":{"start":{"line":104,"column":2},"end":{"line":107,"column":3}},"type":"if","locations":[{"start":{"line":104,"column":2},"end":{"line":107,"column":3}},{"start":{},"end":{}}]},"7":{"loc":{"start":{"line":104,"column":6},"end":{"line":105,"column":63}},"type":"binary-expr","locations":[{"start":{"line":104,"column":6},"end":{"line":104,"column":55}},{"start":{"line":105,"column":6},"end":{"line":105,"column":63}}]},"8":{"loc":{"start":{"line":110,"column":2},"end":{"line":113,"column":3}},"type":"if","locations":[{"start":{"line":110,"column":2},"end":{"line":113,"column":3}},{"start":{},"end":{}}]},"9":{"loc":{"start":{"line":110,"column":6},"end":{"line":111,"column":55}},"type":"binary-expr","locations":[{"start":{"line":110,"column":6},"end":{"line":110,"column":48}},{"start":{"line":111,"column":6},"end":{"line":111,"column":55}}]},"10":{"loc":{"start":{"line":131,"column":4},"end":{"line":142,"column":5}},"type":"if","locations":[{"start":{"line":131,"column":4},"end":{"line":142,"column":5}},{"start":{"line":140,"column":11},"end":{"line":142,"column":5}}]},"11":{"loc":{"start":{"line":151,"column":2},"end":{"line":154,"column":3}},"type":"if","locations":[{"start":{"line":151,"column":2},"end":{"line":154,"column":3}},{"start":{},"end":{}}]}},"s":{"0":0,"1":0,"2":0,"3":0,"4":0,"5":0,"6":0,"7":0,"8":0,"9":0,"10":0,"11":0,"12":0,"13":0,"14":0,"15":0,"16":0,"17":0,"18":0,"19":0,"20":0,"21":0,"22":0,"23":0,"24":0,"25":0,"26":0,"27":0,"28":0,"29":0,"30":0,"31":0,"32":0,"33":0,"34":0,"35":0,"36":0,"37":0,"38":0,"39":0,"40":0,"41":0,"42":0,"43":0,"44":0,"45":0,"46":0,"47":0,"48":0,"49":0,"50":0,"51":0,"52":0,"53":0,"54":0,"55":0,"56":0,"57":0,"58":0,"59":0,"60":0,"61":0,"62":0,"63":0,"64":0,"65":0,"66":0,"67":0,"68":0,"69":0,"70":0,"71":0,"72":0,"73":0,"74":0},"f":{"0":0,"1":0,"2":0,"3":0,"4":0,"5":0,"6":0,"7":0,"8":0,"9":0,"10":0,"11":0,"12":0,"13":0,"14":0},"b":{"0":[0,0],"1":[0,0],"2":[0,0],"3":[0,0],"4":[0,0],"5":[0,0],"6":[0,0],"7":[0,0],"8":[0,0],"9":[0,0],"10":[0,0],"11":[0,0]}}
,"/home/alex/MyProjects/opencode_orc_kit/src/meta-agents.ts": {"path":"/home/alex/MyProjects/opencode_orc_kit/src/meta-agents.ts","statementMap":{"0":{"start":{"line":53,"column":0},"end":{"line":53,"column":16}},"1":{"start":{"line":74,"column":0},"end":{"line":74,"column":16}},"2":{"start":{"line":85,"column":0},"end":{"line":85,"column":16}},"3":{"start":{"line":102,"column":0},"end":{"line":102,"column":16}},"4":{"start":{"line":116,"column":0},"end":{"line":116,"column":16}},"5":{"start":{"line":121,"column":0},"end":{"line":121,"column":16}},"6":{"start":{"line":126,"column":0},"end":{"line":126,"column":16}},"7":{"start":{"line":131,"column":0},"end":{"line":131,"column":16}},"8":{"start":{"line":25,"column":55},"end":{"line":44,"column":2}},"9":{"start":{"line":47,"column":49},"end":{"line":47,"column":58}},"10":{"start":{"line":50,"column":49},"end":{"line":50,"column":58}},"11":{"start":{"line":54,"column":19},"end":{"line":54,"column":48}},"12":{"start":{"line":55,"column":2},"end":{"line":58,"column":3}},"13":{"start":{"line":56,"column":4},"end":{"line":56,"column":66}},"14":{"start":{"line":57,"column":4},"end":{"line":57,"column":16}},"15":{"start":{"line":60,"column":30},"end":{"line":65,"column":4}},"16":{"start":{"line":67,"column":2},"end":{"line":67,"column":39}},"17":{"start":{"line":68,"column":2},"end":{"line":68,"column":72}},"18":{"start":{"line":70,"column":2},"end":{"line":70,"column":15}},"19":{"start":{"line":75,"column":2},"end":{"line":81,"column":3}},"20":{"start":{"line":76,"column":4},"end":{"line":79,"column":7}},"21":{"start":{"line":80,"column":4},"end":{"line":80,"column":65}},"22":{"start":{"line":86,"column":18},"end":{"line":86,"column":47}},"23":{"start":{"line":87,"column":2},"end":{"line":89,"column":3}},"24":{"start":{"line":88,"column":4},"end":{"line":88,"column":16}},"25":{"start":{"line":91,"column":16},"end":{"line":91,"column":76}},"26":{"start":{"line":92,"column":2},"end":{"line":96,"column":3}},"27":{"start":{"line":93,"column":4},"end":{"line":93,"column":29}},"28":{"start":{"line":94,"column":4},"end":{"line":94,"column":38}},"29":{"start":{"line":95,"column":4},"end":{"line":95,"column":43}},"30":{"start":{"line":98,"column":2},"end":{"line":98,"column":15}},"31":{"start":{"line":103,"column":27},"end":{"line":103,"column":29}},"32":{"start":{"line":105,"column":2},"end":{"line":105,"column":51}},"33":{"start":{"line":105,"column":19},"end":{"line":105,"column":51}},"34":{"start":{"line":106,"column":2},"end":{"line":106,"column":65}},"35":{"start":{"line":106,"column":26},"end":{"line":106,"column":65}},"36":{"start":{"line":107,"column":2},"end":{"line":107,"column":61}},"37":{"start":{"line":107,"column":24},"end":{"line":107,"column":61}},"38":{"start":{"line":109,"column":2},"end":{"line":112,"column":4}},"39":{"start":{"line":117,"column":2},"end":{"line":117,"column":38}},"40":{"start":{"line":122,"column":2},"end":{"line":122,"column":44}},"41":{"start":{"line":127,"column":2},"end":{"line":127,"column":44}},"42":{"start":{"line":132,"column":2},"end":{"line":138,"column":3}},"43":{"start":{"line":133,"column":18},"end":{"line":133,"column":47}},"44":{"start":{"line":134,"column":4},"end":{"line":134,"column":47}},"45":{"start":{"line":135,"column":4},"end":{"line":135,"column":40}},"46":{"start":{"line":136,"column":4},"end":{"line":136,"column":53}},"47":{"start":{"line":137,"column":4},"end":{"line":137,"column":16}},"48":{"start":{"line":139,"column":2},"end":{"line":139,"column":15}},"49":{"start":{"line":142,"column":13},"end":{"line":151,"column":2}},"50":{"start":{"line":153,"column":0},"end":{"line":153,"column":26}}},"fnMap":{"0":{"name":"createAgentFromTemplate","decl":{"start":{"line":53,"column":16},"end":{"line":53,"column":39}},"loc":{"start":{"line":53,"column":81},"end":{"line":71,"column":1}}},"1":{"name":"registerFuturesAgent","decl":{"start":{"line":74,"column":16},"end":{"line":74,"column":36}},"loc":{"start":{"line":74,"column":55},"end":{"line":82,"column":1}}},"2":{"name":"createFuturesAgent","decl":{"start":{"line":85,"column":16},"end":{"line":85,"column":34}},"loc":{"start":{"line":85,"column":75},"end":{"line":99,"column":1}}},"3":{"name":"validateAgentStructure","decl":{"start":{"line":102,"column":16},"end":{"line":102,"column":38}},"loc":{"start":{"line":102,"column":58},"end":{"line":113,"column":1}}},"4":{"name":"getTemplates","decl":{"start":{"line":116,"column":16},"end":{"line":116,"column":28}},"loc":{"start":{"line":116,"column":28},"end":{"line":118,"column":1}}},"5":{"name":"getDynamicAgents","decl":{"start":{"line":121,"column":16},"end":{"line":121,"column":32}},"loc":{"start":{"line":121,"column":32},"end":{"line":123,"column":1}}},"6":{"name":"getFuturesAgents","decl":{"start":{"line":126,"column":16},"end":{"line":126,"column":32}},"loc":{"start":{"line":126,"column":32},"end":{"line":128,"column":1}}},"7":{"name":"reloadAgent","decl":{"start":{"line":131,"column":16},"end":{"line":131,"column":27}},"loc":{"start":{"line":131,"column":45},"end":{"line":140,"column":1}}}},"branchMap":{"0":{"loc":{"start":{"line":55,"column":2},"end":{"line":58,"column":3}},"type":"if","locations":[{"start":{"line":55,"column":2},"end":{"line":58,"column":3}},{"start":{},"end":{}}]},"1":{"loc":{"start":{"line":61,"column":10},"end":{"line":61,"column":37}},"type":"binary-expr","locations":[{"start":{"line":61,"column":10},"end":{"line":61,"column":20}},{"start":{"line":61,"column":24},"end":{"line":61,"column":37}}]},"2":{"loc":{"start":{"line":75,"column":2},"end":{"line":81,"column":3}},"type":"if","locations":[{"start":{"line":75,"column":2},"end":{"line":81,"column":3}},{"start":{},"end":{}}]},"3":{"loc":{"start":{"line":87,"column":2},"end":{"line":89,"column":3}},"type":"if","locations":[{"start":{"line":87,"column":2},"end":{"line":89,"column":3}},{"start":{},"end":{}}]},"4":{"loc":{"start":{"line":92,"column":2},"end":{"line":96,"column":3}},"type":"if","locations":[{"start":{"line":92,"column":2},"end":{"line":96,"column":3}},{"start":{},"end":{}}]},"5":{"loc":{"start":{"line":105,"column":2},"end":{"line":105,"column":51}},"type":"if","locations":[{"start":{"line":105,"column":2},"end":{"line":105,"column":51}},{"start":{},"end":{}}]},"6":{"loc":{"start":{"line":106,"column":2},"end":{"line":106,"column":65}},"type":"if","locations":[{"start":{"line":106,"column":2},"end":{"line":106,"column":65}},{"start":{},"end":{}}]},"7":{"loc":{"start":{"line":107,"column":2},"end":{"line":107,"column":61}},"type":"if","locations":[{"start":{"line":107,"column":2},"end":{"line":107,"column":61}},{"start":{},"end":{}}]},"8":{"loc":{"start":{"line":132,"column":2},"end":{"line":138,"column":3}},"type":"if","locations":[{"start":{"line":132,"column":2},"end":{"line":138,"column":3}},{"start":{},"end":{}}]}},"s":{"0":0,"1":0,"2":0,"3":0,"4":0,"5":0,"6":0,"7":0,"8":0,"9":0,"10":0,"11":0,"12":0,"13":0,"14":0,"15":0,"16":0,"17":0,"18":0,"19":0,"20":0,"21":0,"22":0,"23":0,"24":0,"25":0,"26":0,"27":0,"28":0,"29":0,"30":0,"31":0,"32":0,"33":0,"34":0,"35":0,"36":0,"37":0,"38":0,"39":0,"40":0,"41":0,"42":0,"43":0,"44":0,"45":0,"46":0,"47":0,"48":0,"49":0,"50":0},"f":{"0":0,"1":0,"2":0,"3":0,"4":0,"5":0,"6":0,"7":0},"b":{"0":[0,0],"1":[0,0],"2":[0,0],"3":[0,0],"4":[0,0],"5":[0,0],"6":[0,0],"7":[0,0],"8":[0,0]}}
,"/home/alex/MyProjects/opencode_orc_kit/src/orchestrator.ts": {"path":"/home/alex/MyProjects/opencode_orc_kit/src/orchestrator.ts","statementMap":{"0":{"start":{"line":129,"column":0},"end":{"line":129,"column":16}},"1":{"start":{"line":4,"column":0},"end":{"line":4,"column":47}},"2":{"start":{"line":5,"column":0},"end":{"line":5,"column":41}},"3":{"start":{"line":6,"column":0},"end":{"line":6,"column":47}},"4":{"start":{"line":7,"column":0},"end":{"line":7,"column":45}},"5":{"start":{"line":8,"column":0},"end":{"line":8,"column":47}},"6":{"start":{"line":19,"column":43},"end":{"line":24,"column":2}},"7":{"start":{"line":29,"column":33},"end":{"line":29,"column":39}},"8":{"start":{"line":32,"column":4},"end":{"line":32,"column":51}},"9":{"start":{"line":37,"column":4},"end":{"line":37,"column":29}},"10":{"start":{"line":42,"column":4},"end":{"line":42,"column":30}},"11":{"start":{"line":47,"column":4},"end":{"line":47,"column":36}},"12":{"start":{"line":49,"column":4},"end":{"line":54,"column":5}},"13":{"start":{"line":50,"column":21},"end":{"line":50,"column":54}},"14":{"start":{"line":51,"column":6},"end":{"line":53,"column":7}},"15":{"start":{"line":52,"column":8},"end":{"line":52,"column":78}},"16":{"start":{"line":56,"column":4},"end":{"line":56,"column":45}},"17":{"start":{"line":57,"column":4},"end":{"line":57,"column":27}},"18":{"start":{"line":62,"column":4},"end":{"line":62,"column":35}},"19":{"start":{"line":63,"column":18},"end":{"line":63,"column":59}},"20":{"start":{"line":64,"column":4},"end":{"line":64,"column":22}},"21":{"start":{"line":69,"column":25},"end":{"line":69,"column":55}},"22":{"start":{"line":70,"column":4},"end":{"line":70,"column":64}},"23":{"start":{"line":75,"column":25},"end":{"line":75,"column":55}},"24":{"start":{"line":76,"column":4},"end":{"line":76,"column":62}},"25":{"start":{"line":81,"column":4},"end":{"line":81,"column":53}},"26":{"start":{"line":81,"column":41},"end":{"line":81,"column":53}},"27":{"start":{"line":83,"column":19},"end":{"line":83,"column":61}},"28":{"start":{"line":84,"column":4},"end":{"line":84,"column":25}},"29":{"start":{"line":89,"column":4},"end":{"line":89,"column":53}},"30":{"start":{"line":89,"column":41},"end":{"line":89,"column":53}},"31":{"start":{"line":91,"column":19},"end":{"line":91,"column":63}},"32":{"start":{"line":92,"column":4},"end":{"line":92,"column":25}},"33":{"start":{"line":97,"column":4},"end":{"line":99,"column":5}},"34":{"start":{"line":98,"column":6},"end":{"line":98,"column":47}},"35":{"start":{"line":101,"column":4},"end":{"line":101,"column":77}},"36":{"start":{"line":106,"column":4},"end":{"line":108,"column":5}},"37":{"start":{"line":107,"column":6},"end":{"line":107,"column":41}},"38":{"start":{"line":110,"column":4},"end":{"line":110,"column":58}},"39":{"start":{"line":115,"column":4},"end":{"line":115,"column":76}},"40":{"start":{"line":120,"column":17},"end":{"line":120,"column":47}},"41":{"start":{"line":121,"column":4},"end":{"line":124,"column":6}},"42":{"start":{"line":27,"column":0},"end":{"line":27,"column":13}},"43":{"start":{"line":130,"column":2},"end":{"line":130,"column":34}},"44":{"start":{"line":133,"column":13},"end":{"line":138,"column":2}},"45":{"start":{"line":135,"column":36},"end":{"line":135,"column":51}},"46":{"start":{"line":136,"column":40},"end":{"line":136,"column":68}},"47":{"start":{"line":137,"column":42},"end":{"line":137,"column":72}},"48":{"start":{"line":140,"column":0},"end":{"line":140,"column":28}}},"fnMap":{"0":{"name":"(anonymous_0)","decl":{"start":{"line":31,"column":2},"end":{"line":31,"column":14}},"loc":{"start":{"line":31,"column":54},"end":{"line":33,"column":3}}},"1":{"name":"(anonymous_1)","decl":{"start":{"line":36,"column":2},"end":{"line":36,"column":10}},"loc":{"start":{"line":36,"column":10},"end":{"line":38,"column":3}}},"2":{"name":"(anonymous_2)","decl":{"start":{"line":41,"column":2},"end":{"line":41,"column":10}},"loc":{"start":{"line":41,"column":24},"end":{"line":43,"column":3}}},"3":{"name":"(anonymous_3)","decl":{"start":{"line":46,"column":2},"end":{"line":46,"column":7}},"loc":{"start":{"line":46,"column":44},"end":{"line":58,"column":3}}},"4":{"name":"(anonymous_4)","decl":{"start":{"line":61,"column":2},"end":{"line":61,"column":7}},"loc":{"start":{"line":61,"column":46},"end":{"line":65,"column":3}}},"5":{"name":"(anonymous_5)","decl":{"start":{"line":68,"column":2},"end":{"line":68,"column":16}},"loc":{"start":{"line":68,"column":34},"end":{"line":71,"column":3}}},"6":{"name":"(anonymous_6)","decl":{"start":{"line":74,"column":2},"end":{"line":74,"column":15}},"loc":{"start":{"line":74,"column":32},"end":{"line":77,"column":3}}},"7":{"name":"(anonymous_7)","decl":{"start":{"line":80,"column":2},"end":{"line":80,"column":7}},"loc":{"start":{"line":80,"column":35},"end":{"line":85,"column":3}}},"8":{"name":"(anonymous_8)","decl":{"start":{"line":88,"column":2},"end":{"line":88,"column":7}},"loc":{"start":{"line":88,"column":37},"end":{"line":93,"column":3}}},"9":{"name":"(anonymous_9)","decl":{"start":{"line":96,"column":2},"end":{"line":96,"column":7}},"loc":{"start":{"line":96,"column":71},"end":{"line":102,"column":3}}},"10":{"name":"(anonymous_10)","decl":{"start":{"line":105,"column":2},"end":{"line":105,"column":7}},"loc":{"start":{"line":105,"column":48},"end":{"line":111,"column":3}}},"11":{"name":"(anonymous_11)","decl":{"start":{"line":114,"column":2},"end":{"line":114,"column":17}},"loc":{"start":{"line":114,"column":49},"end":{"line":116,"column":3}}},"12":{"name":"(anonymous_12)","decl":{"start":{"line":119,"column":2},"end":{"line":119,"column":14}},"loc":{"start":{"line":119,"column":14},"end":{"line":125,"column":3}}},"13":{"name":"createOrchestrator","decl":{"start":{"line":129,"column":16},"end":{"line":129,"column":34}},"loc":{"start":{"line":129,"column":71},"end":{"line":131,"column":1}}},"14":{"name":"(anonymous_14)","decl":{"start":{"line":135,"column":12},"end":{"line":135,"column":13}},"loc":{"start":{"line":135,"column":36},"end":{"line":135,"column":51}}},"15":{"name":"(anonymous_15)","decl":{"start":{"line":136,"column":16},"end":{"line":136,"column":17}},"loc":{"start":{"line":136,"column":40},"end":{"line":136,"column":68}}},"16":{"name":"(anonymous_16)","decl":{"start":{"line":137,"column":18},"end":{"line":137,"column":19}},"loc":{"start":{"line":137,"column":42},"end":{"line":137,"column":72}}}},"branchMap":{"0":{"loc":{"start":{"line":31,"column":14},"end":{"line":31,"column":54}},"type":"default-arg","locations":[{"start":{"line":31,"column":52},"end":{"line":31,"column":54}}]},"1":{"loc":{"start":{"line":49,"column":4},"end":{"line":54,"column":5}},"type":"if","locations":[{"start":{"line":49,"column":4},"end":{"line":54,"column":5}},{"start":{},"end":{}}]},"2":{"loc":{"start":{"line":51,"column":6},"end":{"line":53,"column":7}},"type":"if","locations":[{"start":{"line":51,"column":6},"end":{"line":53,"column":7}},{"start":{},"end":{}}]},"3":{"loc":{"start":{"line":81,"column":4},"end":{"line":81,"column":53}},"type":"if","locations":[{"start":{"line":81,"column":4},"end":{"line":81,"column":53}},{"start":{},"end":{}}]},"4":{"loc":{"start":{"line":89,"column":4},"end":{"line":89,"column":53}},"type":"if","locations":[{"start":{"line":89,"column":4},"end":{"line":89,"column":53}},{"start":{},"end":{}}]},"5":{"loc":{"start":{"line":97,"column":4},"end":{"line":99,"column":5}},"type":"if","locations":[{"start":{"line":97,"column":4},"end":{"line":99,"column":5}},{"start":{},"end":{}}]},"6":{"loc":{"start":{"line":106,"column":4},"end":{"line":108,"column":5}},"type":"if","locations":[{"start":{"line":106,"column":4},"end":{"line":108,"column":5}},{"start":{},"end":{}}]}},"s":{"0":0,"1":0,"2":0,"3":0,"4":0,"5":0,"6":0,"7":0,"8":0,"9":0,"10":0,"11":0,"12":0,"13":0,"14":0,"15":0,"16":0,"17":0,"18":0,"19":0,"20":0,"21":0,"22":0,"23":0,"24":0,"25":0,"26":0,"27":0,"28":0,"29":0,"30":0,"31":0,"32":0,"33":0,"34":0,"35":0,"36":0,"37":0,"38":0,"39":0,"40":0,"41":0,"42":0,"43":0,"44":0,"45":0,"46":0,"47":0,"48":0},"f":{"0":0,"1":0,"2":0,"3":0,"4":0,"5":0,"6":0,"7":0,"8":0,"9":0,"10":0,"11":0,"12":0,"13":0,"14":0,"15":0,"16":0},"b":{"0":[0],"1":[0,0],"2":[0,0],"3":[0,0],"4":[0,0],"5":[0,0],"6":[0,0]}}
,"/home/alex/MyProjects/opencode_orc_kit/src/permissions.ts": {"path":"/home/alex/MyProjects/opencode_orc_kit/src/permissions.ts","statementMap":{"0":{"start":{"line":140,"column":0},"end":{"line":140,"column":16}},"1":{"start":{"line":178,"column":0},"end":{"line":178,"column":16}},"2":{"start":{"line":184,"column":0},"end":{"line":184,"column":16}},"3":{"start":{"line":199,"column":0},"end":{"line":199,"column":16}},"4":{"start":{"line":219,"column":0},"end":{"line":219,"column":16}},"5":{"start":{"line":16,"column":46},"end":{"line":134,"column":2}},"6":{"start":{"line":137,"column":104},"end":{"line":137,"column":106}},"7":{"start":{"line":144,"column":20},"end":{"line":144,"column":70}},"8":{"start":{"line":144,"column":49},"end":{"line":144,"column":69}},"9":{"start":{"line":146,"column":2},"end":{"line":149,"column":3}},"10":{"start":{"line":147,"column":4},"end":{"line":147,"column":37}},"11":{"start":{"line":148,"column":4},"end":{"line":148,"column":57}},"12":{"start":{"line":151,"column":15},"end":{"line":151,"column":63}},"13":{"start":{"line":151,"column":47},"end":{"line":151,"column":62}},"14":{"start":{"line":153,"column":2},"end":{"line":156,"column":3}},"15":{"start":{"line":154,"column":4},"end":{"line":154,"column":37}},"16":{"start":{"line":155,"column":4},"end":{"line":155,"column":76}},"17":{"start":{"line":158,"column":2},"end":{"line":158,"column":42}},"18":{"start":{"line":159,"column":2},"end":{"line":159,"column":56}},"19":{"start":{"line":164,"column":2},"end":{"line":169,"column":5}},"20":{"start":{"line":172,"column":2},"end":{"line":174,"column":3}},"21":{"start":{"line":173,"column":4},"end":{"line":173,"column":31}},"22":{"start":{"line":179,"column":20},"end":{"line":179,"column":65}},"23":{"start":{"line":179,"column":49},"end":{"line":179,"column":64}},"24":{"start":{"line":180,"column":2},"end":{"line":180,"column":38}},"25":{"start":{"line":185,"column":2},"end":{"line":185,"column":45}},"26":{"start":{"line":185,"column":37},"end":{"line":185,"column":43}},"27":{"start":{"line":189,"column":51},"end":{"line":196,"column":2}},"28":{"start":{"line":204,"column":15},"end":{"line":204,"column":47}},"29":{"start":{"line":206,"column":2},"end":{"line":206,"column":36}},"30":{"start":{"line":206,"column":22},"end":{"line":206,"column":36}},"31":{"start":{"line":209,"column":22},"end":{"line":209,"column":55}},"32":{"start":{"line":210,"column":2},"end":{"line":213,"column":3}},"33":{"start":{"line":211,"column":4},"end":{"line":211,"column":43}},"34":{"start":{"line":212,"column":4},"end":{"line":212,"column":38}},"35":{"start":{"line":212,"column":24},"end":{"line":212,"column":38}},"36":{"start":{"line":215,"column":2},"end":{"line":215,"column":74}},"37":{"start":{"line":220,"column":2},"end":{"line":220,"column":33}},"38":{"start":{"line":223,"column":13},"end":{"line":229,"column":2}},"39":{"start":{"line":231,"column":0},"end":{"line":231,"column":27}}},"fnMap":{"0":{"name":"checkPermission","decl":{"start":{"line":140,"column":16},"end":{"line":140,"column":31}},"loc":{"start":{"line":142,"column":14},"end":{"line":160,"column":1}}},"1":{"name":"(anonymous_1)","decl":{"start":{"line":144,"column":44},"end":{"line":144,"column":45}},"loc":{"start":{"line":144,"column":49},"end":{"line":144,"column":69}}},"2":{"name":"(anonymous_2)","decl":{"start":{"line":151,"column":42},"end":{"line":151,"column":43}},"loc":{"start":{"line":151,"column":47},"end":{"line":151,"column":62}}},"3":{"name":"logAudit","decl":{"start":{"line":163,"column":9},"end":{"line":163,"column":17}},"loc":{"start":{"line":163,"column":63},"end":{"line":175,"column":1}}},"4":{"name":"getRolePermissions","decl":{"start":{"line":178,"column":16},"end":{"line":178,"column":34}},"loc":{"start":{"line":178,"column":47},"end":{"line":181,"column":1}}},"5":{"name":"(anonymous_5)","decl":{"start":{"line":179,"column":44},"end":{"line":179,"column":45}},"loc":{"start":{"line":179,"column":49},"end":{"line":179,"column":64}}},"6":{"name":"getAllRoles","decl":{"start":{"line":184,"column":16},"end":{"line":184,"column":27}},"loc":{"start":{"line":184,"column":27},"end":{"line":186,"column":1}}},"7":{"name":"(anonymous_7)","decl":{"start":{"line":185,"column":32},"end":{"line":185,"column":33}},"loc":{"start":{"line":185,"column":37},"end":{"line":185,"column":43}}},"8":{"name":"checkPermissionWithInheritance","decl":{"start":{"line":199,"column":16},"end":{"line":199,"column":46}},"loc":{"start":{"line":201,"column":14},"end":{"line":216,"column":1}}},"9":{"name":"getPermissionAudit","decl":{"start":{"line":219,"column":16},"end":{"line":219,"column":34}},"loc":{"start":{"line":219,"column":34},"end":{"line":221,"column":1}}}},"branchMap":{"0":{"loc":{"start":{"line":146,"column":2},"end":{"line":149,"column":3}},"type":"if","locations":[{"start":{"line":146,"column":2},"end":{"line":149,"column":3}},{"start":{},"end":{}}]},"1":{"loc":{"start":{"line":153,"column":2},"end":{"line":156,"column":3}},"type":"if","locations":[{"start":{"line":153,"column":2},"end":{"line":156,"column":3}},{"start":{},"end":{}}]},"2":{"loc":{"start":{"line":172,"column":2},"end":{"line":174,"column":3}},"type":"if","locations":[{"start":{"line":172,"column":2},"end":{"line":174,"column":3}},{"start":{},"end":{}}]},"3":{"loc":{"start":{"line":180,"column":9},"end":{"line":180,"column":37}},"type":"binary-expr","locations":[{"start":{"line":180,"column":9},"end":{"line":180,"column":31}},{"start":{"line":180,"column":35},"end":{"line":180,"column":37}}]},"4":{"loc":{"start":{"line":206,"column":2},"end":{"line":206,"column":36}},"type":"if","locations":[{"start":{"line":206,"column":2},"end":{"line":206,"column":36}},{"start":{},"end":{}}]},"5":{"loc":{"start":{"line":209,"column":22},"end":{"line":209,"column":55}},"type":"binary-expr","locations":[{"start":{"line":209,"column":22},"end":{"line":209,"column":49}},{"start":{"line":209,"column":53},"end":{"line":209,"column":55}}]},"6":{"loc":{"start":{"line":212,"column":4},"end":{"line":212,"column":38}},"type":"if","locations":[{"start":{"line":212,"column":4},"end":{"line":212,"column":38}},{"start":{},"end":{}}]}},"s":{"0":0,"1":0,"2":0,"3":0,"4":0,"5":0,"6":0,"7":0,"8":0,"9":0,"10":0,"11":0,"12":0,"13":0,"14":0,"15":0,"16":0,"17":0,"18":0,"19":0,"20":0,"21":0,"22":0,"23":0,"24":0,"25":0,"26":0,"27":0,"28":0,"29":0,"30":0,"31":0,"32":0,"33":0,"34":0,"35":0,"36":0,"37":0,"38":0,"39":0},"f":{"0":0,"1":0,"2":0,"3":0,"4":0,"5":0,"6":0,"7":0,"8":0,"9":0},"b":{"0":[0,0],"1":[0,0],"2":[0,0],"3":[0,0],"4":[0,0],"5":[0,0],"6":[0,0]}}
,"/home/alex/MyProjects/opencode_orc_kit/src/pre-flight.ts": {"path":"/home/alex/MyProjects/opencode_orc_kit/src/pre-flight.ts","statementMap":{"0":{"start":{"line":7,"column":0},"end":{"line":7,"column":7}},"1":{"start":{"line":8,"column":17},"end":{"line":19,"column":4}},"2":{"start":{"line":21,"column":27},"end":{"line":21,"column":29}},"3":{"start":{"line":22,"column":15},"end":{"line":22,"column":16}},"4":{"start":{"line":24,"column":2},"end":{"line":35,"column":3}},"5":{"start":{"line":25,"column":4},"end":{"line":34,"column":5}},"6":{"start":{"line":26,"column":21},"end":{"line":26,"column":40}},"7":{"start":{"line":27,"column":6},"end":{"line":31,"column":7}},"8":{"start":{"line":28,"column":8},"end":{"line":28,"column":17}},"9":{"start":{"line":30,"column":8},"end":{"line":30,"column":39}},"10":{"start":{"line":33,"column":6},"end":{"line":33,"column":43}},"11":{"start":{"line":37,"column":2},"end":{"line":42,"column":4}},"12":{"start":{"line":47,"column":2},"end":{"line":52,"column":3}},"13":{"start":{"line":48,"column":19},"end":{"line":48,"column":70}},"14":{"start":{"line":49,"column":4},"end":{"line":49,"column":24}},"15":{"start":{"line":51,"column":4},"end":{"line":51,"column":17}},"16":{"start":{"line":57,"column":2},"end":{"line":62,"column":3}},"17":{"start":{"line":58,"column":19},"end":{"line":58,"column":68}},"18":{"start":{"line":59,"column":4},"end":{"line":59,"column":38}},"19":{"start":{"line":61,"column":4},"end":{"line":61,"column":17}},"20":{"start":{"line":67,"column":2},"end":{"line":73,"column":3}},"21":{"start":{"line":69,"column":19},"end":{"line":69,"column":90}},"22":{"start":{"line":70,"column":4},"end":{"line":70,"column":35}},"23":{"start":{"line":72,"column":4},"end":{"line":72,"column":17}},"24":{"start":{"line":78,"column":2},"end":{"line":84,"column":3}},"25":{"start":{"line":80,"column":19},"end":{"line":80,"column":120}},"26":{"start":{"line":81,"column":4},"end":{"line":81,"column":35}},"27":{"start":{"line":83,"column":4},"end":{"line":83,"column":17}},"28":{"start":{"line":89,"column":2},"end":{"line":95,"column":3}},"29":{"start":{"line":91,"column":19},"end":{"line":91,"column":87}},"30":{"start":{"line":92,"column":4},"end":{"line":92,"column":35}},"31":{"start":{"line":94,"column":4},"end":{"line":94,"column":17}},"32":{"start":{"line":100,"column":2},"end":{"line":106,"column":3}},"33":{"start":{"line":102,"column":19},"end":{"line":102,"column":92}},"34":{"start":{"line":103,"column":4},"end":{"line":103,"column":39}},"35":{"start":{"line":105,"column":4},"end":{"line":105,"column":17}},"36":{"start":{"line":111,"column":2},"end":{"line":117,"column":3}},"37":{"start":{"line":113,"column":19},"end":{"line":113,"column":94}},"38":{"start":{"line":114,"column":4},"end":{"line":114,"column":39}},"39":{"start":{"line":116,"column":4},"end":{
[...]
:272,"column":31}},"loc":{"start":{"line":272,"column":31},"end":{"line":274,"column":1}}},"16":{"name":"setState","decl":{"start":{"line":277,"column":16},"end":{"line":277,"column":24}},"loc":{"start":{"line":277,"column":65},"end":{"line":283,"column":1}}},"17":{"name":"isToolAllowed","decl":{"start":{"line":286,"column":16},"end":{"line":286,"column":29}},"loc":{"start":{"line":286,"column":72},"end":{"line":289,"column":1}}},"18":{"name":"isAgentAllowed","decl":{"start":{"line":292,"column":16},"end":{"line":292,"column":30}},"loc":{"start":{"line":292,"column":74},"end":{"line":316,"column":1}}},"19":{"name":"getStateDescription","decl":{"start":{"line":319,"column":16},"end":{"line":319,"column":35}},"loc":{"start":{"line":319,"column":63},"end":{"line":321,"column":1}}},"20":{"name":"updateAfterTask","decl":{"start":{"line":324,"column":22},"end":{"line":324,"column":37}},"loc":{"start":{"line":324,"column":80},"end":{"line":328,"column":1}}},"21":{"name":"getAvailableTransitions","decl":{"start":{"line":331,"column":16},"end":{"line":331,"column":39}},"loc":{"start":{"line":331,"column":39},"end":{"line":333,"column":1}}},"22":{"name":"(anonymous_31)","decl":{"start":{"line":332,"column":28},"end":{"line":332,"column":29}},"loc":{"start":{"line":332,"column":33},"end":{"line":332,"column":56}}},"23":{"name":"tryTransition","decl":{"start":{"line":336,"column":22},"end":{"line":336,"column":35}},"loc":{"start":{"line":336,"column":92},"end":{"line":353,"column":1}}},"24":{"name":"(anonymous_33)","decl":{"start":{"line":337,"column":38},"end":{"line":337,"column":39}},"loc":{"start":{"line":337,"column":43},"end":{"line":337,"column":90}}}},"branchMap":{"0":{"loc":{"start":{"line":161,"column":49},"end":{"line":161,"column":76}},"type":"cond-expr","locations":[{"start":{"line":161,"column":58},"end":{"line":161,"column":71}},{"start":{"line":161,"column":74},"end":{"line":161,"column":76}}]},"1":{"loc":{"start":{"line":175,"column":4},"end":{"line":177,"column":5}},"type":"if","locations":[{"start":{"line":175,"column":4},"end":{"line":177,"column":5}},{"start":{},"end":{}}]},"2":{"loc":{"start":{"line":188,"column":4},"end":{"line":191,"column":5}},"type":"if","locations":[{"start":{"line":188,"column":4},"end":{"line":191,"column":5}},{"start":{},"end":{}}]},"3":{"loc":{"start":{"line":227,"column":4},"end":{"line":227,"column":70}},"type":"if","locations":[{"start":{"line":227,"column":4},"end":{"line":227,"column":70}},{"start":{},"end":{}}]},"4":{"loc":{"start":{"line":227,"column":8},"end":{"line":227,"column":58}},"type":"binary-expr","locations":[{"start":{"line":227,"column":8},"end":{"line":227,"column":15}},{"start":{"line":227,"column":19},"end":{"line":227,"column":27}},{"start":{"line":227,"column":31},"end":{"line":227,"column":39}},{"start":{"line":227,"column":43},"end":{"line":227,"column":58}}]},"5":{"loc":{"start":{"line":229,"column":4},"end":{"line":229,"column":50}},"type":"if","locations":[{"start":{"line":229,"column":4},"end":{"line":229,"column":50}},{"start":{},"end":{}}]},"6":{"loc":{"start":{"line":229,"column":8},"end":{"line":229,"column":39}},"type":"binary-expr","locations":[{"start":{"line":229,"column":8},"end":{"line":229,"column":15}},{"start":{"line":229,"column":19},"end":{"line":229,"column":27}},{"start":{"line":229,"column":31},"end":{"line":229,"column":39}}]},"7":{"loc":{"start":{"line":231,"column":4},"end":{"line":231,"column":38}},"type":"if","locations":[{"start":{"line":231,"column":4},"end":{"line":231,"column":38}},{"start":{},"end":{}}]},"8":{"loc":{"start":{"line":231,"column":8},"end":{"line":231,"column":27}},"type":"binary-expr","locations":[{"start":{"line":231,"column":8},"end":{"line":231,"column":16}},{"start":{"line":231,"column":20},"end":{"line":231,"column":27}}]},"9":{"loc":{"start":{"line":233,"column":4},"end":{"line":233,"column":34}},"type":"if","locations":[{"start":{"line":233,"column":4},"end":{"line":233,"column":34}},{"start":{},"end":{}}]},"10":{"loc":{"start":{"line":248,"column":17},"end":{"line":248,"column":43}},"type":"cond-expr","locations":[{"start":{"line":248,"column":34},"end":{"line":248,"column":39}},{"start":{"line":248,"column":42},"end":{"line":248,"column":43}}]},"11":{"loc":{"start":{"line":258,"column":2},"end":{"line":261,"column":3}},"type":"if","locations":[{"start":{"line":258,"column":2},"end":{"line":261,"column":3}},{"start":{},"end":{}}]},"12":{"loc":{"start":{"line":280,"column":2},"end":{"line":282,"column":3}},"type":"if","locations":[{"start":{"line":280,"column":2},"end":{"line":282,"column":3}},{"start":{},"end":{}}]},"13":{"loc":{"start":{"line":287,"column":16},"end":{"line":287,"column":41}},"type":"binary-expr","locations":[{"start":{"line":287,"column":16},"end":{"line":287,"column":25}},{"start":{"line":287,"column":29},"end":{"line":287,"column":41}}]},"14":{"loc":{"start":{"line":288,"column":9},"end":{"line":288,"column":60}},"type":"binary-expr","locations":[{"start":{"line":288,"column":9},"end":{"line":288,"column":51}},{"start":{"line":288,"column":55},"end":{"line":288,"column":60}}]},"15":{"loc":{"start":{"line":293,"column":16},"end":{"line":293,"column":41}},"type":"binary-expr","locations":[{"start":{"line":293,"column":16},"end":{"line":293,"column":25}},{"start":{"line":293,"column":29},"end":{"line":293,"column":41}}]},"16":{"loc":{"start":{"line":294,"column":18},"end":{"line":294,"column":52}},"type":"binary-expr","locations":[{"start":{"line":294,"column":18},"end":{"line":294,"column":46}},{"start":{"line":294,"column":50},"end":{"line":294,"column":52}}]},"17":{"loc":{"start":{"line":295,"column":18},"end":{"line":295,"column":52}},"type":"binary-expr","locations":[{"start":{"line":295,"column":18},"end":{"line":295,"column":46}},{"start":{"line":295,"column":50},"end":{"line":295,"column":52}}]},"18":{"loc":{"start":{"line":298,"column":4},"end":{"line":303,"column":5}},"type":"if","locations":[{"start":{"line":298,"column":4},"end":{"line":303,"column":5}},{"start":{"line":301,"column":11},"end":{"line":303,"column":5}}]},"19":{"loc":{"start":{"line":300,"column":6},"end":{"line":300,"column":42}},"type":"if","locations":[{"start":{"line":300,"column":6},"end":{"line":300,"column":42}},{"start":{},"end":{}}]},"20":{"loc":{"start":{"line":301,"column":11},"end":{"line":303,"column":5}},"type":"if","locations":[{"start":{"line":301,"column":11},"end":{"line":303,"column":5}},{"start":{},"end":{}}]},"21":{"loc":{"start":{"line":307,"column":4},"end":{"line":312,"column":5}},"type":"if","locations":[{"start":{"line":307,"column":4},"end":{"line":312,"column":5}},{"start":{"line":310,"column":11},"end":{"line":312,"column":5}}]},"22":{"loc":{"start":{"line":309,"column":6},"end":{"line":309,"column":41}},"type":"if","locations":[{"start":{"line":309,"column":6},"end":{"line":309,"column":41}},{"start":{},"end":{}}]},"23":{"loc":{"start":{"line":310,"column":11},"end":{"line":312,"column":5}},"type":"if","locations":[{"start":{"line":310,"column":11},"end":{"line":312,"column":5}},{"start":{},"end":{}}]},"24":{"loc":{"start":{"line":320,"column":9},"end":{"line":320,"column":52}},"type":"binary-expr","locations":[{"start":{"line":320,"column":9},"end":{"line":320,"column":39}},{"start":{"line":320,"column":43},"end":{"line":320,"column":52}}]},"25":{"loc":{"start":{"line":325,"column":2},"end":{"line":327,"column":3}},"type":"if","locations":[{"start":{"line":325,"column":2},"end":{"line":327,"column":3}},{"start":{},"end":{}}]},"26":{"loc":{"start":{"line":337,"column":43},"end":{"line":337,"column":90}},"type":"binary-expr","locations":[{"start":{"line":337,"column":43},"end":{"line":337,"column":66}},{"start":{"line":337,"column":70},"end":{"line":337,"column":90}}]},"27":{"loc":{"start":{"line":339,"column":2},"end":{"line":342,"column":3}},"type":"if","locations":[{"start":{"line":339,"column":2},"end":{"line":342,"column":3}},{"start":{},"end":{}}]},"28":{"loc":{"start":{"line":346,"column":2},"end":{"line":350,"column":3}},"type":"if","locations":[{"start":{"line":346,"column":2},"end":{"line":350,"column":3}},{"start":{},"end":{}}]}},"s":{"0":1,"1":1,"2":1,"3":1,"4":1,"5":1,"6":1,"7":1,"8":1,"9":1,"10":1,"11":1,"12":1,"13":1,"14":1,"15":1,"16":0,"17":0,"18":0,"19":0,"20":0,"21":0,"22":0,"23":0,"24":0,"25":1,"26":1,"27":0,"28":0,"29":0,"30":0,"31":0,"32":0,"33":0,"34":0,"35":0,"36":0,"37":0,"38":0,"39":0,"40":0,"41":0,"42":0,"43":0,"44":0,"45":0,"46":0,"47":0,"48":0,"49":0,"50":0,"51":0,"52":0,"53":0,"54":0,"55":0,"56":0,"57":0,"58":0,"59":0,"60":0,"61":0,"62":0,"63":0,"64":0,"65":0,"66":0,"67":0,"68":0,"69":0,"70":0,"71":0,"72":0,"73":0,"74":0,"75":0,"76":0,"77":0,"78":0,"79":0,"80":0,"81":0,"82":0,"83":1,"84":0,"85":0,"86":0,"87":0,"88":2,"89":2,"90":2,"91":2,"92":2,"93":2,"94":25,"95":2,"96":2,"97":0,"98":23,"99":1,"100":1,"101":1,"102":0,"103":0,"104":0,"105":1,"106":1,"107":0,"108":11,"109":0,"110":0,"111":1,"112":9,"113":0,"114":0,"115":0,"116":0,"117":0,"118":0,"119":0,"120":0,"121":0,"122":0,"123":0,"124":1,"125":1},"f":{"0":0,"1":0,"2":0,"3":0,"4":0,"5":0,"6":0,"7":0,"8":0,"9":0,"10":0,"11":0,"12":0,"13":0,"14":0,"15":1,"16":0,"17":2,"18":2,"19":11,"20":0,"21":1,"22":9,"23":0,"24":0},"b":{"0":[0,0],"1":[0,0],"2":[0,0],"3":[0,0],"4":[0,0,0,0],"5":[0,0],"6":[0,0,0],"7":[0,0],"8":[0,0],"9":[0,0],"10":[0,0],"11":[0,0],"12":[0,0],"13":[2,0],"14":[2,0],"15":[2,0],"16":[2,0],"17":[2,0],"18":[2,23],"19":[0,2],"20":[1,22],"21":[0,1],"22":[0,0],"23":[1,0],"24":[11,1],"25":[0,0],"26":[0,0],"27":[0,0],"28":[0,0]}}
,"/home/alex/MyProjects/opencode_orc_kit/src/tdd-workflow.ts": {"path":"/home/alex/MyProjects/opencode_orc_kit/src/tdd-workflow.ts","statementMap":{"0":{"start":{"line":22,"column":0},"end":{"line":22,"column":16}},"1":{"start":{"line":33,"column":0},"end":{"line":33,"column":16}},"2":{"start":{"line":44,"column":0},"end":{"line":44,"column":16}},"3":{"start":{"line":63,"column":0},"end":{"line":63,"column":16}},"4":{"start":{"line":79,"column":0},"end":{"line":79,"column":16}},"5":{"start":{"line":84,"column":0},"end":{"line":84,"column":16}},"6":{"start":{"line":19,"column":54},"end":{"line":19,"column":63}},"7":{"start":{"line":23,"column":2},"end":{"line":29,"column":5}},"8":{"start":{"line":34,"column":14},"end":{"line":34,"column":46}},"9":{"start":{"line":35,"column":2},"end":{"line":40,"column":3}},"10":{"start":{"line":36,"column":4},"end":{"line":36,"column":50}},"11":{"start":{"line":37,"column":4},"end":{"line":39,"column":5}},"12":{"start":{"line":38,"column":6},"end":{"line":38,"column":33}},"13":{"start":{"line":45,"column":14},"end":{"line":45,"column":46}},"14":{"start":{"line":47,"column":2},"end":{"line":53,"column":3}},"15":{"start":{"line":48,"column":4},"end":{"line":52,"column":6}},"16":{"start":{"line":55,"column":2},"end":{"line":59,"column":4}},"17":{"start":{"line":64,"column":14},"end":{"line":64,"column":46}},"18":{"start":{"line":66,"column":2},"end":{"line":68,"column":3}},"19":{"start":{"line":67,"column":4},"end":{"line":67,"column":66}},"20":{"start":{"line":70,"column":2},"end":{"line":72,"column":3}},"21":{"start":{"line":71,"column":4},"end":{"line":71,"column":91}},"22":{"start":{"line":74,"column":2},"end":{"line":74,"column":29}},"23":{"start":{"line":75,"column":2},"end":{"line":75,"column":62}},"24":{"start":{"line":80,"column":2},"end":{"line":80,"column":62}},"25":{"start":{"line":85,"column":2},"end":{"line":87,"column":4}},"26":{"start":{"line":86,"column":9},"end":{"line":86,"column":35}},"27":{"start":{"line":90,"column":13},"end":{"line":97,"column":2}},"28":{"start":{"line":99,"column":0},"end":{"line":99,"column":27}}},"fnMap":{"0":{"name":"registerTestTask","decl":{"start":{"line":22,"column":16},"end":{"line":22,"column":32}},"loc":{"start":{"line":22,"column":71},"end":{"line":30,"column":1}}},"1":{"name":"updateTestStatus","decl":{"start":{"line":33,"column":16},"end":{"line":33,"column":32}},"loc":{"start":{"line":33,"column":68},"end":{"line":41,"column":1}}},"2":{"name":"canStartCode","decl":{"start":{"line":44,"column":16},"end":{"line":44,"column":28}},"loc":{"start":{"line":44,"column":47},"end":{"line":60,"column":1}}},"3":{"name":"tryStartCodeTask","decl":{"start":{"line":63,"column":16},"end":{"line":63,"column":32}},"loc":{"start":{"line":63,"column":51},"end":{"line":76,"column":1}}},"4":{"name":"getTestTaskId","decl":{"start":{"line":79,"column":16},"end":{"line":79,"column":29}},"loc":{"start":{"line":79,"column":48},"end":{"line":81,"column":1}}},"5":{"name":"getPendingTasks","decl":{"start":{"line":84,"column":16},"end":{"line":84,"column":31}},"loc":{"start":{"line":84,"column":31},"end":{"line":88,"column":1}}},"6":{"name":"(anonymous_6)","decl":{"start":{"line":86,"column":4},"end":{"line":86,"column":5}},"loc":{"start":{"line":86,"column":9},"end":{"line":86,"column":35}}}},"branchMap":{"0":{"loc":{"start":{"line":35,"column":2},"end":{"line":40,"column":3}},"type":"if","locations":[{"start":{"line":35,"column":2},"end":{"line":40,"column":3}},{"start":{},"end":{}}]},"1":{"loc":{"start":{"line":36,"column":21},"end":{"line":36,"column":49}},"type":"cond-expr","locations":[{"start":{"line":36,"column":30},"end":{"line":36,"column":38}},{"start":{"line":36,"column":41},"end":{"line":36,"column":49}}]},"2":{"loc":{"start":{"line":37,"column":4},"end":{"line":39,"column":5}},"type":"if","locations":[{"start":{"line":37,"column":4},"end":{"line":39,"column":5}},{"start":{},"end":{}}]},"3":{"loc":{"start":{"line":47,"column":2},"end":{"line":53,"column":3}},"type":"if","locations":[{"start":{"line":47,"column":2},"end":{"line":53,"column":3}},{"start":{},"end":{}}]},"4":{"loc":{"start":{"line":58,"column":18},"end":{"line":58,"column":77}},"type":"binary-expr","locations":[{"start":{"line":58,"column":18},"end":{"line":58,"column":46}},{"start":{"line":58,"column":50},"end":{"line":58,"column":77}}]},"5":{"loc":{"start":{"line":66,"column":2},"end":{"line":68,"column":3}},"type":"if","locations":[{"start":{"line":66,"column":2},"end":{"line":68,"column":3}},{"start":{},"end":{}}]},"6":{"loc":{"start":{"line":70,"column":2},"end":{"line":72,"column":3}},"type":"if","locations":[{"start":{"line":70,"column":2},"end":{"line":72,"column":3}},{"start":{},"end":{}}]},"7":{"loc":{"start":{"line":80,"column":9},"end":{"line":80,"column":61}},"type":"binary-expr","locations":[{"start":{"line":80,"column":9},"end":{"line":80,"column":53}},{"start":{"line":80,"column":57},"end":{"line":80,"column":61}}]}},"s":{"0":0,"1":0,"2":0,"3":0,"4":0,"5":0,"6":0,"7":0,"8":0,"9":0,"10":0,"11":0,"12":0,"13":0,"14":0,"15":0,"16":0,"17":0,"18":0,"19":0,"20":0,"21":0,"22":0,"23":0,"24":0,"25":0,"26":0,"27":0,"28":0},"f":{"0":0,"1":0,"2":0,"3":0,"4":0,"5":0,"6":0},"b":{"0":[0,0],"1":[0,0],"2":[0,0],"3":[0,0],"4":[0,0],"5":[0,0],"6":[0,0],"7":[0,0]}}
,"/home/alex/MyProjects/opencode_orc_kit/src/user-approval.ts": {"path":"/home/alex/MyProjects/opencode_orc_kit/src/user-approval.ts","statementMap":{"0":{"start":{"line":12,"column":0},"end":{"line":12,"column":16}},"1":{"start":{"line":30,"column":0},"end":{"line":30,"column":16}},"2":{"start":{"line":51,"column":0},"end":{"line":51,"column":16}},"3":{"start":{"line":60,"column":0},"end":{"line":60,"column":16}},"4":{"start":{"line":76,"column":0},"end":{"line":76,"column":16}},"5":{"start":{"line":91,"column":0},"end":{"line":91,"column":16}},"6":{"start":{"line":13,"column":15},"end":{"line":13,"column":63}},"7":{"start":{"line":15,"column":2},"end":{"line":15,"column":36}},"8":{"start":{"line":16,"column":2},"end":{"line":18,"column":5}},"9":{"start":{"line":17,"column":4},"end":{"line":17,"column":38}},"10":{"start":{"line":20,"column":2},"end":{"line":22,"column":3}},"11":{"start":{"line":21,"column":4},"end":{"line":21,"column":57}},"12":{"start":{"line":24,"column":2},"end":{"line":24,"column":59}},"13":{"start":{"line":26,"column":2},"end":{"line":26,"column":16}},"14":{"start":{"line":35,"column":2},"end":{"line":47,"column":22}},"15":{"start":{"line":52,"column":2},"end":{"line":56,"column":22}},"16":{"start":{"line":64,"column":15},"end":{"line":64,"column":33}},"17":{"start":{"line":66,"column":2},"end":{"line":68,"column":5}},"18":{"start":{"line":67,"column":4},"end":{"line":67,"column":38}},"19":{"start":{"line":70,"column":2},"end":{"line":70,"column":50}},"20":{"start":{"line":72,"column":2},"end":{"line":72,"column":16}},"21":{"start":{"line":77,"column":21},"end":{"line":77,"column":50}},"22":{"start":{"line":79,"column":2},"end":{"line":81,"column":3}},"23":{"start":{"line":80,"column":4},"end":{"line":80,"column":16}},"24":{"start":{"line":83,"column":2},"end":{"line":85,"column":3}},"25":{"start":{"line":84,"column":4},"end":{"line":84,"column":17}},"26":{"start":{"line":87,"column":2},"end":{"line":87,"column":14}},"27":{"start":{"line":92,"column":14},"end":{"line":92,"column":43}},"28":{"start":{"line":94,"column":2},"end":{"line":96,"column":3}},"29":{"start":{"line":95,"column":4},"end":{"line":95,"column":16}},"30":{"start":{"line":98,"column":2},"end":{"line":98,"column":17}},"31":{"start":{"line":101,"column":13},"end":{"line":108,"column":2}},"32":{"start":{"line":110,"column":0},"end":{"line":110,"column":28}}},"fnMap":{"0":{"name":"formatApprovalRequest","decl":{"start":{"line":12,"column":16},"end":{"line":12,"column":37}},"loc":{"start":{"line":12,"column":62},"end":{"line":27,"column":1}}},"1":{"name":"(anonymous_1)","decl":{"start":{"line":16,"column":26},"end":{"line":16,"column":27}},"loc":{"start":{"line":16,"column":40},"end":{"line":18,"column":3}}},"2":{"name":"suggestNextStep","decl":{"start":{"line":30,"column":16},"end":{"line":30,"column":31}},"loc":{"start":{"line":33,"column":14},"end":{"line":48,"column":1}}},"3":{"name":"requestAgentConfirmation","decl":{"start":{"line":51,"column":16},"end":{"line":51,"column":40}},"loc":{"start":{"line":51,"column":83},"end":{"line":57,"column":1}}},"4":{"name":"formatSelectionPrompt","decl":{"start":{"line":60,"column":16},"end":{"line":60,"column":37}},"loc":{"start":{"line":62,"column":19},"end":{"line":73,"column":1}}},"5":{"name":"(anonymous_5)","decl":{"start":{"line":66,"column":18},"end":{"line":66,"column":19}},"loc":{"start":{"line":66,"column":32},"end":{"line":68,"column":3}}},"6":{"name":"parseYesNoResponse","decl":{"start":{"line":76,"column":16},"end":{"line":76,"column":34}},"loc":{"start":{"line":76,"column":51},"end":{"line":88,"column":1}}},"7":{"name":"parseSelection","decl":{"start":{"line":91,"column":16},"end":{"line":91,"column":30}},"loc":{"start":{"line":91,"column":65},"end":{"line":99,"column":1}}}},"branchMap":{"0":{"loc":{"start":{"line":20,"column":2},"end":{"line":22,"column":3}},"type":"if","locations":[{"start":{"line":20,"column":2},"end":{"line":22,"column":3}},{"start":{},"end":{}}]},"1":{"loc":{"start":{"line":79,"column":2},"end":{"line":81,"column":3}},"type":"if","locations":[{"start":{"line":79,"column":2},"end":{"line":81,"column":3}},{"start":{},"end":{}}]},"2":{"loc":{"start":{"line":83,"column":2},"end":{"line":85,"column":3}},"type":"if","locations":[{"start":{"line":83,"column":2},"end":{"line":85,"column":3}},{"start":{},"end":{}}]},"3":{"loc":{"start":{"line":94,"column":2},"end":{"line":96,"column":3}},"type":"if","locations":[{"start":{"line":94,"column":2},"end":{"line":96,"column":3}},{"start":{},"end":{}}]},"4":{"loc":{"start":{"line":94,"column":6},"end":{"line":94,"column":45}},"type":"binary-expr","locations":[{"start":{"line":94,"column":6},"end":{"line":94,"column":16}},{"start":{"line":94,"column":20},"end":{"line":94,"column":27}},{"start":{"line":94,"column":31},"end":{"line":94,"column":45}}]}},"s":{"0":0,"1":0,"2":0,"3":0,"4":0,"5":0,"6":0,"7":0,"8":0,"9":0,"10":0,"11":0,"12":0,"13":0,"14":0,"15":0,"16":0,"17":0,"18":0,"19":0,"20":0,"21":0,"22":0,"23":0,"24":0,"25":0,"26":0,"27":0,"28":0,"29":0,"30":0,"31":0,"32":0},"f":{"0":0,"1":0,"2":0,"3":0,"4":0,"5":0,"6":0,"7":0},"b":{"0":[0,0],"1":[0,0],"2":[0,0],"3":[0,0],"4":[0,0,0]}}
}
