TN:
SF:src/blocking-rules.ts
FN:12,logToFile
FN:40,checkStateValid
FN:41,(anonymous_11)
FN:47,(anonymous_12)
FN:49,(anonymous_13)
FN:60,(anonymous_14)
FN:61,(anonymous_15)
FN:62,(anonymous_16)
FN:81,checkAnalystPreconditions
FN:84,(anonymous_18)
FN:98,checkCoderPreconditions
FN:100,(anonymous_20)
FN:106,checkReviewerPreconditions
FN:120,checkAllRules
FN:138,(anonymous_23)
FN:144,checkRule
FN:156,logViolation
FN:186,getViolationLog
FN:191,autoFix
FN:211,registerRule
FN:216,getRules
FNF:21
FNH:0
FNDA:0,logToFile
FNDA:0,checkStateValid
FNDA:0,(anonymous_11)
FNDA:0,(anonymous_12)
FNDA:0,(anonymous_13)
FNDA:0,(anonymous_14)
FNDA:0,(anonymous_15)
FNDA:0,(anonymous_16)
FNDA:0,checkAnalystPreconditions
FNDA:0,(anonymous_18)
FNDA:0,checkCoderPreconditions
FNDA:0,(anonymous_20)
FNDA:0,checkReviewerPreconditions
FNDA:0,checkAllRules
FNDA:0,(anonymous_23)
FNDA:0,checkRule
FNDA:0,logViolation
FNDA:0,getViolationLog
FNDA:0,autoFix
FNDA:0,registerRule
FNDA:0,getRules
DA:4,0
DA:5,0
DA:7,0
DA:8,0
DA:9,0
DA:10,0
DA:13,0
DA:14,0
DA:15,0
DA:16,0
DA:17,0
DA:18,0
DA:37,0
DA:41,0
DA:42,0
DA:43,0
DA:47,0
DA:49,0
DA:50,0
DA:53,0
DA:54,0
DA:57,0
DA:60,0
DA:61,0
DA:62,0
DA:63,0
DA:64,0
DA:66,0
DA:71,0
DA:73,0
DA:76,0
DA:84,0
DA:85,0
DA:89,0
DA:90,0
DA:94,0
DA:100,0
DA:101,0
DA:102,0
DA:107,0
DA:111,0
DA:120,0
DA:121,0
DA:123,0
DA:124,0
DA:125,0
DA:126,0
DA:127,0
DA:130,0
DA:133,0
DA:137,0
DA:138,0
DA:144,0
DA:145,0
DA:146,0
DA:148,0
DA:149,0
DA:151,0
DA:157,0
DA:163,0
DA:166,0
DA:167,0
DA:170,0
DA:173,0
DA:174,0
DA:175,0
DA:176,0
DA:181,0
DA:186,0
DA:187,0
DA:191,0
DA:193,0
DA:195,0
DA:196,0
DA:197,0
DA:198,0
DA:200,0
DA:202,0
DA:206,0
DA:211,0
DA:212,0
DA:216,0
DA:217,0
DA:220,0
DA:229,0
LF:85
LH:0
BRDA:13,0,0,0
BRDA:13,0,1,0
BRDA:16,1,0,0
BRDA:16,1,1,0
BRDA:53,2,0,0
BRDA:53,2,1,0
BRDA:53,3,0,0
BRDA:53,3,1,0
BRDA:63,4,0,0
BRDA:63,4,1,0
BRDA:73,5,0,0
BRDA:73,5,1,0
BRDA:73,5,2,0
BRDA:89,6,0,0
BRDA:89,6,1,0
BRDA:89,7,0,0
BRDA:89,7,1,0
BRDA:126,8,0,0
BRDA:126,8,1,0
BRDA:127,9,0,0
BRDA:127,9,1,0
BRDA:146,10,0,0
BRDA:146,10,1,0
BRDA:166,11,0,0
BRDA:166,11,1,0
BRDA:175,12,0,0
BRDA:175,12,1,0
BRDA:193,13,0,0
BRDA:193,13,1,0
BRDA:197,14,0,0
BRDA:197,14,1,0
BRF:31
BRH:0
end_of_record
TN:
SF:src/git-workflow.ts
FN:12,isValidCommitMessage
FN:17,createFeatureBranch
FN:35,preCommitCheck
FN:55,validateCommitMessage
FN:70,mergeToDevelop
FN:88,getChangedFiles
FN:90,(anonymous_6)
FN:94,getChangeStats
FN:110,isMergedToDevelop
FN:116,hasConflicts
FNF:10
FNH:0
FNDA:0,isValidCommitMessage
FNDA:0,createFeatureBranch
FNDA:0,preCommitCheck
FNDA:0,validateCommitMessage
FNDA:0,mergeToDevelop
FNDA:0,getChangedFiles
FNDA:0,(anonymous_6)
FNDA:0,getChangeStats
FNDA:0,isMergedToDevelop
FNDA:0,hasConflicts
DA:10,0
DA:12,0
DA:13,0
DA:17,0
DA:18,0
DA:21,0
DA:23,0
DA:25,0
DA:28,0
DA:31,0
DA:35,0
DA:36,0
DA:39,0
DA:40,0
DA:41,0
DA:42,0
DA:46,0
DA:47,0
DA:48,0
DA:51,0
DA:55,0
DA:56,0
DA:57,0
DA:66,0
DA:70,0
DA:72,0
DA:75,0
DA:78,0
DA:81,0
DA:84,0
DA:88,0
DA:89,0
DA:90,0
DA:94,0
DA:95,0
DA:98,0
DA:99,0
DA:100,0
DA:102,0
DA:110,0
DA:111,0
DA:112,0
DA:116,0
DA:117,0
DA:118,0
DA:121,0
DA:133,0
LF:47
LH:0
BRDA:18,0,0,0
BRDA:18,0,1,0
BRDA:23,1,0,0
BRDA:23,1,1,0
BRDA:23,2,0,0
BRDA:23,2,1,0
BRDA:40,3,0,0
BRDA:40,3,1,0
BRDA:47,4,0,0
BRDA:47,4,1,0
BRDA:47,5,0,0
BRDA:47,5,1,0
BRDA:47,5,2,0
BRDA:56,6,0,0
BRDA:56,6,1,0
BRDA:103,7,0,0
BRDA:103,7,1,0
BRDA:104,8,0,0
BRDA:104,8,1,0
BRDA:105,9,0,0
BRDA:105,9,1,0
BRDA:118,10,0,0
BRDA:118,10,1,0
BRDA:118,10,2,0
BRF:24
BRH:0
end_of_record
TN:
SF:src/index.ts
FN:126,logToFile
FN:133,getStateDescription
FN:149,getNextSteps
FN:166,formatConfirmationDialog
FN:170,(anonymous_4)
FN:178,formatInitDialog
FN:190,autoInitOnPluginLoad
FN:250,(anonymous_7)
FN:262,(anonymous_8)
FN:283,(anonymous_9)
FN:305,(anonymous_10)
FN:357,(anonymous_11)
FN:364,(anonymous_12)
FN:364,(anonymous_13)
FN:377,(anonymous_14)
FN:377,(anonymous_15)
FN:392,(anonymous_16)
FN:392,(anonymous_17)
FNF:18
FNH:0
FNDA:0,logToFile
FNDA:0,getStateDescription
FNDA:0,getNextSteps
FNDA:0,formatConfirmationDialog
FNDA:0,(anonymous_4)
FNDA:0,formatInitDialog
FNDA:0,autoInitOnPluginLoad
FNDA:0,(anonymous_7)
FNDA:0,(anonymous_8)
FNDA:0,(anonymous_9)
FNDA:0,(anonymous_10)
FNDA:0,(anonymous_11)
FNDA:0,(anonymous_12)
FNDA:0,(anonymous_13)
FNDA:0,(anonymous_14)
FNDA:0,(anonymous_15)
FNDA:0,(anonymous_16)
FNDA:0,(anonymous_17)
DA:5,0
DA:7,0
DA:8,0
DA:9,0
DA:13,0
DA:127,0
DA:128,0
DA:129,0
DA:134,0
DA:146,0
DA:150,0
DA:162,0
DA:167,0
DA:170,0
DA:179,0
DA:191,0
DA:192,0
DA:195,0
DA:196,0
DA:197,0
DA:199,0
DA:204,0
DA:225,0
DA:226,0
DA:230,0
DA:232,0
DA:234,0
DA:236,0
DA:240,0
DA:241,0
DA:242,0
DA:244,0
DA:250,0
DA:255,0
DA:257,0
DA:258,0
DA:262,0
DA:270,0
DA:274,0
DA:276,0
DA:277,0
DA:283,0
DA:284,0
DA:285,0
DA:288,0
DA:289,0
DA:292,0
DA:293,0
DA:296,0
DA:297,0
DA:298,0
DA:303,0
DA:305,0
DA:306,0
DA:309,0
DA:310,0
DA:311,0
DA:312,0
DA:313,0
DA:314,0
DA:315,0
DA:316,0
DA:317,0
DA:318,0
DA:324,0
DA:325,0
DA:328,0
DA:333,0
DA:336,0
DA:337,0
DA:341,0
DA:342,0
DA:343,0
DA:357,0
DA:359,0
DA:360,0
DA:361,0
DA:363,0
DA:364,0
DA:369,0
DA:373,0
DA:374,0
DA:375,0
DA:376,0
DA:377,0
DA:383,0
DA:384,0
DA:387,0
DA:388,0
DA:390,0
DA:391,0
DA:392,0
DA:394,0
DA:398,0
DA:405,0
DA:412,0
LF:96
LH:0
BRDA:146,0,0,0
BRDA:146,0,1,0
BRDA:162,1,0,0
BRDA:162,1,1,0
BRDA:199,2,0,0
BRDA:199,2,1,0
BRDA:232,3,0,0
BRDA:232,3,1,0
BRDA:276,4,0,0
BRDA:276,4,1,0
BRDA:284,5,0,0
BRDA:284,5,1,0
BRDA:288,6,0,0
BRDA:288,6,1,0
BRDA:292,7,0,0
BRDA:292,7,1,0
BRDA:296,8,0,0
BRDA:296,8,1,0
BRDA:297,9,0,0
BRDA:297,9,1,0
BRDA:309,10,0,0
BRDA:309,10,1,0
BRDA:312,11,0,0
BRDA:312,11,1,0
BRDA:316,12,0,0
BRDA:316,12,1,0
BRDA:336,13,0,0
BRDA:336,13,1,0
BRDA:342,14,0,0
BRDA:342,14,1,0
BRDA:359,15,0,0
BRDA:359,15,1,0
BRDA:361,16,0,0
BRDA:361,16,1,0
BRDA:373,17,0,0
BRDA:373,17,1,0
BRDA:373,18,0,0
BRDA:373,18,1,0
BRDA:375,19,0,0
BRDA:375,19,1,0
BRDA:383,20,0,0
BRDA:383,20,1,0
BRDA:383,21,0,0
BRDA:383,21,1,0
BRDA:387,22,0,0
BRDA:387,22,1,0
BRDA:390,23,0,0
BRDA:390,23,1,0
BRDA:399,24,0,0
BRDA:399,24,1,0
BRF:50
BRH:0
end_of_record
TN:
SF:src/mcp-registry.ts
FN:271,findMCPServersByTechnology
FN:302,(anonymous_1)
FN:306,findMCPServersByCategory
FN:307,(anonymous_3)
FN:311,findMCPServersByTag
FN:312,(anonymous_5)
FN:313,(anonymous_6)
FN:318,getMCPServer
FN:319,(anonymous_8)
FN:323,getAllMCPServers
FN:328,getMCPServersGroupedByCategory
FN:332,(anonymous_11)
FNF:12
FNH:0
FNDA:0,findMCPServersByTechnology
FNDA:0,(anonymous_1)
FNDA:0,findMCPServersByCategory
FNDA:0,(anonymous_3)
FNDA:0,findMCPServersByTag
FNDA:0,(anonymous_5)
FNDA:0,(anonymous_6)
FNDA:0,getMCPServer
FNDA:0,(anonymous_8)
FNDA:0,getAllMCPServers
FNDA:0,getMCPServersGroupedByCategory
FNDA:0,(anonymous_11)
DA:31,0
DA:255,0
DA:271,0
DA:272,0
DA:299,0
DA:300,0
DA:302,0
DA:306,0
DA:307,0
DA:311,0
DA:312,0
DA:313,0
DA:318,0
DA:319,0
DA:323,0
DA:324,0
DA:328,0
DA:329,0
DA:331,0
DA:332,0
DA:335,0
DA:338,0
DA:348,0
LF:23
LH:0
BRDA:299,0,0,0
BRDA:299,0,1,0
BRDA:300,1,0,0
BRDA:300,1,1,0
BRF:4
BRH:0
end_of_record
TN:
SF:src/mcp-resolution.ts
FN:53,loadCache
FN:58,(anonymous_10)
FN:68,saveCache
FN:83,detectTechnologies
FN:120,searchMCPServers
FN:125,installMCPServer
FN:149,configureMcpServer
FN:158,getMCPStatus
FN:163,getInstalledMCPs
FN:164,(anonymous_18)
FN:168,validateMCP
FN:178,getAllMCPRegistry
FN:183,searchByCategory
FN:188,searchByTag
FN:193,getCategories
FNF:15
FNH:0
FNDA:0,loadCache
FNDA:0,(anonymous_10)
FNDA:0,saveCache
FNDA:0,detectTechnologies
FNDA:0,searchMCPServers
FNDA:0,installMCPServer
FNDA:0,configureMcpServer
FNDA:0,getMCPStatus
FNDA:0,getInstalledMCPs
FNDA:0,(anonymous_18)
FNDA:0,validateMCP
FNDA:0,getAllMCPRegistry
FNDA:0,searchByCategory
FNDA:0,searchByTag
FNDA:0,getCategories
DA:4,0
DA:5,0
DA:6,0
DA:25,0
DA:49,0
DA:50,0
DA:53,0
DA:54,0
DA:55,0
DA:56,0
DA:57,0
DA:58,0
DA:59,0
DA:63,0
DA:68,0
DA:69,0
DA:70,0
DA:71,0
DA:72,0
DA:73,0
DA:75,0
DA:76,0
DA:78,0
DA:83,0
DA:84,0
DA:87,0
DA:89,0
DA:93,0
DA:94,0
DA:95,0
DA:99,0
DA:100,0
DA:104,0
DA:106,0
DA:110,0
DA:112,0
DA:115,0
DA:116,0
DA:120,0
DA:121,0
DA:125,0
DA:126,0
DA:128,0
DA:129,0
DA:131,0
DA:132,0
DA:138,0
DA:139,0
DA:141,0
DA:144,0
DA:149,0
DA:150,0
DA:151,0
DA:152,0
DA:153,0
DA:158,0
DA:159,0
DA:163,0
DA:164,0
DA:168,0
DA:169,0
DA:170,0
DA:171,0
DA:173,0
DA:178,0
DA:179,0
DA:183,0
DA:184,0
DA:188,0
DA:189,0
DA:193,0
DA:194,0
DA:197,0
DA:213,0
LF:74
LH:0
BRDA:56,0,0,0
BRDA:56,0,1,0
BRDA:72,1,0,0
BRDA:72,1,1,0
BRDA:87,2,0,0
BRDA:87,2,1,0
BRDA:87,3,0,0
BRDA:87,3,1,0
BRDA:93,4,0,0
BRDA:93,4,1,0
BRDA:99,5,0,0
BRDA:99,5,1,0
BRDA:104,6,0,0
BRDA:104,6,1,0
BRDA:104,7,0,0
BRDA:104,7,1,0
BRDA:110,8,0,0
BRDA:110,8,1,0
BRDA:110,9,0,0
BRDA:110,9,1,0
BRDA:131,10,0,0
BRDA:131,10,1,0
BRDA:151,11,0,0
BRDA:151,11,1,0
BRF:24
BRH:0
end_of_record
TN:
SF:src/meta-agents.ts
FN:53,createAgentFromTemplate
FN:74,registerFuturesAgent
FN:85,createFuturesAgent
FN:102,validateAgentStructure
FN:116,getTemplates
FN:121,getDynamicAgents
FN:126,getFuturesAgents
FN:131,reloadAgent
FNF:8
FNH:0
FNDA:0,createAgentFromTemplate
FNDA:0,registerFuturesAgent
FNDA:0,createFuturesAgent
FNDA:0,validateAgentStructure
FNDA:0,getTemplates
FNDA:0,getDynamicAgents
FNDA:0,getFuturesAgents
FNDA:0,reloadAgent
DA:25,0
DA:47,0
DA:50,0
DA:53,0
DA:54,0
DA:55,0
DA:56,0
DA:57,0
DA:60,0
DA:67,0
DA:68,0
DA:70,0
DA:74,0
DA:75,0
DA:76,0
DA:80,0
DA:85,0
DA:86,0
DA:87,0
DA:88,0
DA:91,0
DA:92,0
DA:93,0
DA:94,0
DA:95,0
DA:98,0
DA:102,0
DA:103,0
DA:105,0
DA:106,0
DA:107,0
DA:109,0
DA:116,0
DA:117,0
DA:121,0
DA:122,0
DA:126,0
DA:127,0
DA:131,0
DA:132,0
DA:133,0
DA:134,0
DA:135,0
DA:136,0
DA:137,0
DA:139,0
DA:142,0
DA:153,0
LF:48
LH:0
BRDA:55,0,0,0
BRDA:55,0,1,0
BRDA:61,1,0,0
BRDA:61,1,1,0
BRDA:75,2,0,0
BRDA:75,2,1,0
BRDA:87,3,0,0
BRDA:87,3,1,0
BRDA:92,4,0,0
BRDA:92,4,1,0
BRDA:105,5,0,0
BRDA:105,5,1,0
BRDA:106,6,0,0
BRDA:106,6,1,0
BRDA:107,7,0,0
BRDA:107,7,1,0
BRDA:132,8,0,0
BRDA:132,8,1,0
BRF:18
BRH:0
end_of_record
TN:
SF:src/orchestrator.ts
FN:31,(anonymous_0)
FN:36,(anonymous_1)
FN:41,(anonymous_2)
FN:46,(anonymous_3)
FN:61,(anonymous_4)
FN:68,(anonymous_5)
FN:74,(anonymous_6)
FN:80,(anonymous_7)
FN:88,(anonymous_8)
FN:96,(anonymous_9)
FN:105,(anonymous_10)
FN:114,(anonymous_11)
FN:119,(anonymous_12)
FN:129,createOrchestrator
FN:135,(anonymous_14)
FN:136,(anonymous_15)
FN:137,(anonymous_16)
FNF:17
FNH:0
FNDA:0,(anonymous_0)
FNDA:0,(anonymous_1)
FNDA:0,(anonymous_2)
FNDA:0,(anonymous_3)
FNDA:0,(anonymous_4)
FNDA:0,(anonymous_5)
FNDA:0,(anonymous_6)
FNDA:0,(anonymous_7)
FNDA:0,(anonymous_8)
FNDA:0,(anonymous_9)
FNDA:0,(anonymous_10)
FNDA:0,(anonymous_11)
FNDA:0,(anonymous_12)
FNDA:0,createOrchestrator
FNDA:0,(anonymous_14)
FNDA:0,(anonymous_15)
FNDA:0,(anonymous_16)
DA:4,0
DA:5,0
DA:6,0
DA:7,0
DA:8,0
DA:19,0
DA:27,0
DA:29,0
DA:32,0
DA:37,0
DA:42,0
DA:47,0
DA:49,0
DA:50,0
DA:51,0
DA:52,0
DA:56,0
DA:57,0
DA:62,0
DA:63,0
DA:64,0
DA:69,0
DA:70,0
DA:75,0
DA:76,0
DA:81,0
DA:83,0
DA:84,0
DA:89,0
DA:91,0
DA:92,0
DA:97,0
DA:98,0
DA:101,0
DA:106,0
DA:107,0
DA:110,0
DA:115,0
DA:120,0
DA:121,0
DA:129,0
DA:130,0
DA:133,0
DA:135,0
DA:136,0
DA:137,0
DA:140,0
LF:47
LH:0
BRDA:31,0,0,0
BRDA:49,1,0,0
BRDA:49,1,1,0
BRDA:51,2,0,0
BRDA:51,2,1,0
BRDA:81,3,0,0
BRDA:81,3,1,0
BRDA:89,4,0,0
BRDA:89,4,1,0
BRDA:97,5,0,0
BRDA:97,5,1,0
BRDA:106,6,0,0
BRDA:106,6,1,0
BRF:13
BRH:0
end_of_record
TN:
SF:src/permissions.ts
FN:140,checkPermission
FN:144,(anonymous_1)
FN:151,(anonymous_2)
FN:163,logAudit
FN:178,getRolePermissions
FN:179,(anonymous_5)
FN:184,getAllRoles
FN:185,(anonymous_7)
FN:199,checkPermissionWithInheritance
FN:219,getPermissionAudit
FNF:10
FNH:0
FNDA:0,checkPermission
FNDA:0,(anonymous_1)
FNDA:0,(anonymous_2)
FNDA:0,logAudit
FNDA:0,getRolePermissions
FNDA:0,(anonymous_5)
FNDA:0,getAllRoles
FNDA:0,(anonymous_7)
FNDA:0,checkPermissionWithInheritance
FNDA:0,getPermissionAudit
DA:16,0
DA:137,0
DA:140,0
DA:144,0
DA:146,0
DA:147,0
DA:148,0
DA:151,0
DA:153,0
DA:154,0
DA:155,0
DA:158,0
DA:159,0
DA:164,0
DA:172,0
DA:173,0
DA:178,0
DA:179,0
DA:180,0
DA:184,0
DA:185,0
DA:189,0
DA:199,0
DA:204,0
DA:206,0
DA:209,0
DA:210,0
DA:211,0
DA:212,0
DA:215,0
DA:219,0
DA:220,0
DA:223,0
DA:231,0
LF:34
LH:0
BRDA:146,0,0,0
BRDA:146,0,1,0
BRDA:153,1,0,0
BRDA:153,1,1,0
BRDA:172,2,0,0
BRDA:172,2,1,0
BRDA:180,3,0,0
BRDA:180,3,1,0
BRDA:206,4,0,0
BRDA:206,4,1,0
BRDA:209,5,0,0
BRDA:209,5,1,0
BRDA:212,6,0,0
BRDA:212,6,1,0
BRF:14
BRH:0
end_of_record
TN:
SF:src/pre-flight.ts
FN:7,run
FN:46,checkGitRepository
FN:56,checkDevelopBranch
FN:66,checkGitignore
FN:77,checkConstitution
FN:88,checkQualityGatesScripts
FN:99,checkAgents
FN:110,checkSpeckitCommands
FN:121,checkSkills
FN:132,checkMcpConfig
FN:143,checkScripts
FNF:11
FNH:0
FNDA:0,run
FNDA:0,checkGitRepository
FNDA:0,checkDevelopBranch
FNDA:0,checkGitignore
FNDA:0,checkConstitution
FNDA:0,checkQualityGatesScripts
FNDA:0,checkAgents
FNDA:0,checkSpeckitCommands
FNDA:0,checkSkills
FNDA:0,checkMcpConfig
FNDA:0,checkScripts
DA:7,0
DA:8,0
DA:21,0
DA:22,0
DA:24,0
DA:25,0
DA:26,0
DA:27,0
DA:28,0
DA:30,0
DA:33,0
DA:37,0
DA:47,0
DA:48,0
DA:49,0
DA:51,0
DA:57,0
DA:58,0
DA:59,0
DA:61,0
DA:67,0
DA:69,0
DA:70,0
DA:72,0
DA:78,0
DA:80,0
DA:81,0
DA:83,0
DA:89,0
DA:91,0
DA:92,0
DA:94,0
DA:100,0
DA:102,0
DA:103,0
DA:105,0
DA:111,0
DA:113,0
DA:114,0
DA:116,0
DA:122,0
DA:124,0
DA:125,0
DA:127,0
DA:133,0
DA:135,0
DA:136,0
DA:138,0
DA:144,0
DA:146,0
DA:147,0
DA:149,0
DA:154,0
DA:158,0
LF:54
LH:0
BRDA:27,0,0,0
BRDA:27,0,1,0
BRF:2
BRH:0
end_of_record
TN:
SF:src/quality-gates.ts
FN:7,detectLanguages
FN:30,preExecution
FN:55,(anonymous_11)
FN:62,postExecution
FN:77,(anonymous_13)
FN:84,preCommit
FN:141,(anonymous_15)
FN:148,preMerge
FN:169,(anonymous_17)
FN:176,preImplementation
FN:186,(anonymous_19)
FN:193,mcpCheck
FN:197,(anonymous_21)
FN:222,(anonymous_22)
FN:238,(anonymous_23)
FNF:15
FNH:0
FNDA:0,detectLanguages
FNDA:0,preExecution
FNDA:0,(anonymous_11)
FNDA:0,postExecution
FNDA:0,(anonymous_13)
FNDA:0,preCommit
FNDA:0,(anonymous_15)
FNDA:0,preMerge
FNDA:0,(anonymous_17)
FNDA:0,preImplementation
FNDA:0,(anonymous_19)
FNDA:0,mcpCheck
FNDA:0,(anonymous_21)
FNDA:0,(anonymous_22)
FNDA:0,(anonymous_23)
DA:8,0
DA:10,0
DA:11,0
DA:12,0
DA:14,0
DA:15,0
DA:17,0
DA:18,0
DA:20,0
DA:21,0
DA:26,0
DA:30,0
DA:33,0
DA:34,0
DA:41,0
DA:54,0
DA:55,0
DA:62,0
DA:63,0
DA:76,0
DA:77,0
DA:84,0
DA:85,0
DA:86,0
DA:89,0
DA:90,0
DA:91,0
DA:92,0
DA:98,0
DA:103,0
DA:104,0
DA:105,0
DA:106,0
DA:112,0
DA:117,0
DA:118,0
DA:119,0
DA:120,0
DA:126,0
DA:131,0
DA:132,0
DA:133,0
DA:140,0
DA:141,0
DA:148,0
DA:149,0
DA:151,0
DA:153,0
DA:154,0
DA:155,0
DA:161,0
DA:168,0
DA:169,0
DA:176,0
DA:177,0
DA:185,0
DA:186,0
DA:193,0
DA:194,0
DA:196,0
DA:197,0
DA:200,0
DA:201,0
DA:208,0
DA:209,0
DA:210,0
DA:220,0
DA:221,0
DA:222,0
DA:223,0
DA:230,0
DA:237,0
DA:238,0
DA:245,0
DA:254,0
LF:75
LH:0
BRDA:12,0,0,0
BRDA:12,0,1,0
BRDA:15,1,0,0
BRDA:15,1,1,0
BRDA:18,2,0,0
BRDA:18,2,1,0
BRDA:21,3,0,0
BRDA:21,3,1,0
BRDA:33,4,0,0
BRDA:33,4,1,0
BRDA:33,5,0,0
BRDA:33,5,1,0
BRDA:33,5,2,0
BRDA:45,6,0,0
BRDA:45,6,1,0
BRDA:50,7,0,0
BRDA:50,7,1,0
BRDA:67,8,0,0
BRDA:67,8,1,0
BRDA:72,9,0,0
BRDA:72,9,1,0
BRDA:89,10,0,0
BRDA:89,10,1,0
BRDA:95,11,0,0
BRDA:95,11,1,0
BRDA:103,12,0,0
BRDA:103,12,1,0
BRDA:109,13,0,0
BRDA:109,13,1,0
BRDA:117,14,0,0
BRDA:117,14,1,0
BRDA:123,15,0,0
BRDA:123,15,1,0
BRDA:132,16,0,0
BRDA:132,16,1,0
BRDA:154,17,0,0
BRDA:154,17,1,0
BRDA:154,17,2,0
BRDA:158,18,0,0
BRDA:158,18,1,0
BRDA:181,19,0,0
BRDA:181,19,1,0
BRDA:204,20,0,0
BRDA:204,20,1,0
BRDA:213,21,0,0
BRDA:213,21,1,0
BRDA:225,22,0,0
BRDA:225,22,1,0
BRDA:226,23,0,0
BRDA:226,23,1,0
BRF:50
BRH:0
end_of_record
TN:
SF:src/reporting.ts
FN:58,generateReport
FN:80,saveReport
FN:105,(anonymous_11)
FN:110,(anonymous_12)
FN:112,(anonymous_13)
FN:124,getProgressDashboard
FN:137,updateProgress
FN:164,notifyPhaseComplete
FN:173,getReports
FN:178,(anonymous_18)
FNF:10
FNH:0
FNDA:0,generateReport
FNDA:0,saveReport
FNDA:0,(anonymous_11)
FNDA:0,(anonymous_12)
FNDA:0,(anonymous_13)
FNDA:0,getProgressDashboard
FNDA:0,updateProgress
FNDA:0,notifyPhaseComplete
FNDA:0,getReports
FNDA:0,(anonymous_18)
DA:4,0
DA:5,0
DA:29,0
DA:54,0
DA:55,0
DA:58,0
DA:67,0
DA:80,0
DA:85,0
DA:86,0
DA:87,0
DA:90,0
DA:91,0
DA:93,0
DA:94,0
DA:105,0
DA:110,0
DA:112,0
DA:114,0
DA:116,0
DA:119,0
DA:120,0
DA:124,0
DA:125,0
DA:126,0
DA:127,0
DA:128,0
DA:131,0
DA:133,0
DA:137,0
DA:143,0
DA:150,0
DA:151,0
DA:152,0
DA:153,0
DA:154,0
DA:156,0
DA:157,0
DA:159,0
DA:164,0
DA:165,0
DA:173,0
DA:174,0
DA:175,0
DA:176,0
DA:178,0
DA:181,0
DA:190,0
LF:48
LH:0
BRDA:64,0,0,0
BRDA:65,1,0,0
BRDA:83,2,0,0
BRDA:86,3,0,0
BRDA:86,3,1,0
BRDA:90,4,0,0
BRDA:90,4,1,0
BRDA:93,5,0,0
BRDA:93,5,1,0
BRDA:108,6,0,0
BRDA:108,6,1,0
BRDA:110,7,0,0
BRDA:110,7,1,0
BRDA:112,8,0,0
BRDA:112,8,1,0
BRDA:127,9,0,0
BRDA:127,9,1,0
BRDA:153,10,0,0
BRDA:153,10,1,0
BRDA:175,11,0,0
BRDA:175,11,1,0
BRF:21
BRH:0
end_of_record
TN:
SF:src/review-sessions.ts
FN:53,createReviewSession
FN:69,evaluateCriteria
FN:82,(anonymous_2)
FN:83,(anonymous_3)
FN:96,getCriteriaForType
FNF:5
FNH:0
FNDA:0,createReviewSession
FNDA:0,evaluateCriteria
FNDA:0,(anonymous_2)
FNDA:0,(anonymous_3)
FNDA:0,getCriteriaForType
DA:27,0
DA:53,0
DA:57,0
DA:59,0
DA:69,0
DA:73,0
DA:75,0
DA:76,0
DA:77,0
DA:81,0
DA:82,0
DA:83,0
DA:85,0
DA:96,0
DA:97,0
DA:100,0
DA:106,0
LF:17
LH:0
BRDA:63,0,0,0
BRDA:63,0,1,0
BRDA:76,1,0,0
BRDA:76,1,1,0
BRDA:76,2,0,0
BRDA:76,2,1,0
BRDA:87,3,0,0
BRDA:87,3,1,0
BRDA:97,4,0,0
BRDA:97,4,1,0
BRF:10
BRH:0
end_of_record
TN:
SF:src/session-hooks.ts
FN:31,logToFile
FN:51,saveContext
FN:76,loadContext
FN:89,logError
FN:122,onSessionCreated
FN:205,autoDelegateAgent
FN:251,onSessionIdle
FN:264,onSessionCompacted
FN:282,onSessionError
FNF:9
FNH:0
FNDA:0,logToFile
FNDA:0,saveContext
FNDA:0,loadContext
FNDA:0,logError
FNDA:0,onSessionCreated
FNDA:0,autoDelegateAgent
FNDA:0,onSessionIdle
FNDA:0,onSessionCompacted
FNDA:0,onSessionError
DA:4,0
DA:5,0
DA:6,0
DA:7,0
DA:9,0
DA:10,0
DA:11,0
DA:12,0
DA:13,0
DA:31,0
DA:32,0
DA:33,0
DA:34,0
DA:35,0
DA:36,0
DA:38,0
DA:39,0
DA:40,0
DA:41,0
DA:43,0
DA:51,0
DA:52,0
DA:53,0
DA:54,0
DA:55,0
DA:58,0
DA:59,0
DA:60,0
DA:68,0
DA:69,0
DA:71,0
DA:76,0
DA:77,0
DA:78,0
DA:79,0
DA:80,0
DA:85,0
DA:89,0
DA:90,0
DA:91,0
DA:92,0
DA:93,0
DA:96,0
DA:97,0
DA:98,0
DA:99,0
DA:102,0
DA:110,0
DA:111,0
DA:114,0
DA:115,0
DA:122,0
DA:123,0
DA:124,0
DA:127,0
DA:128,0
DA:129,0
DA:130,0
DA:132,0
DA:134,0
DA:136,0
DA:139,0
DA:142,0
DA:143,0
DA:144,0
DA:145,0
DA:149,0
DA:153,0
DA:155,0
DA:158,0
DA:162,0
DA:163,0
DA:164,0
DA:166,0
DA:167,0
DA:168,0
DA:171,0
DA:175,0
DA:176,0
DA:177,0
DA:179,0
DA:188,0
DA:193,0
DA:194,0
DA:196,0
DA:197,0
DA:199,0
DA:200,0
DA:206,0
DA:208,0
DA:227,0
DA:228,0
DA:230,0
DA:231,0
DA:235,0
DA:236,0
DA:237,0
DA:241,0
DA:243,0
DA:246,0
DA:251,0
DA:253,0
DA:254,0
DA:258,0
DA:264,0
DA:266,0
DA:268,0
DA:269,0
DA:271,0
DA:275,0
DA:282,0
DA:283,0
DA:286,0
DA:296,0
LF:114
LH:0
BRDA:31,0,0,0
BRDA:32,1,0,0
BRDA:32,1,1,0
BRDA:32,2,0,0
BRDA:32,2,1,0
BRDA:35,3,0,0
BRDA:35,3,1,0
BRDA:38,4,0,0
BRDA:38,4,1,0
BRDA:40,5,0,0
BRDA:40,5,1,0
BRDA:54,6,0,0
BRDA:54,6,1,0
BRDA:79,7,0,0
BRDA:79,7,1,0
BRDA:92,8,0,0
BRDA:92,8,1,0
BRDA:98,9,0,0
BRDA:98,9,1,0
BRDA:110,10,0,0
BRDA:110,10,1,0
BRDA:142,11,0,0
BRDA:142,11,1,0
BRDA:166,12,0,0
BRDA:166,12,1,0
BRDA:230,13,0,0
BRDA:230,13,1,0
BRDA:268,14,0,0
BRDA:268,14,1,0
BRDA:272,15,0,0
BRDA:272,15,1,0
BRDA:272,16,0,0
BRDA:272,16,1,0
BRF:33
BRH:0
end_of_record
TN:
SF:src/state-machine.ts
FN:98,(anonymous_9)
FN:104,(anonymous_10)
FN:110,(anonymous_11)
FN:116,(anonymous_12)
FN:122,(anonymous_13)
FN:128,(anonymous_14)
FN:134,(anonymous_15)
FN:140,(anonymous_16)
FN:146,(anonymous_17)
FN:158,logTransition
FN:171,saveState
FN:185,loadState
FN:199,detectStateFromFS
FN:242,initialize
FN:256,getState
FN:272,getCurrentState
FN:277,setState
FN:286,isToolAllowed
FN:292,isAgentAllowed
FN:319,getStateDescription
FN:324,updateAfterTask
FN:331,getAvailableTransitions
FN:332,(anonymous_31)
FN:336,tryTransition
FN:337,(anonymous_33)
FNF:25
FNH:6
FNDA:0,(anonymous_9)
FNDA:0,(anonymous_10)
FNDA:0,(anonymous_11)
FNDA:0,(anonymous_12)
FNDA:0,(anonymous_13)
FNDA:0,(anonymous_14)
FNDA:0,(anonymous_15)
FNDA:0,(anonymous_16)
FNDA:0,(anonymous_17)
FNDA:0,logTransition
FNDA:0,saveState
FNDA:0,loadState
FNDA:0,detectStateFromFS
FNDA:0,initialize
FNDA:0,getState
FNDA:1,getCurrentState
FNDA:0,setState
FNDA:2,isToolAllowed
FNDA:2,isAgentAllowed
FNDA:11,getStateDescription
FNDA:0,updateAfterTask
FNDA:1,getAvailableTransitions
FNDA:9,(anonymous_31)
FNDA:0,tryTransition
FNDA:0,(anonymous_33)
DA:4,1
DA:5,1
DA:8,1
DA:9,1
DA:12,1
DA:94,1
DA:98,0
DA:104,0
DA:110,0
DA:116,0
DA:122,0
DA:128,0
DA:134,0
DA:140,0
DA:146,0
DA:152,1
DA:155,1
DA:159,0
DA:160,0
DA:161,0
DA:163,0
DA:164,0
DA:166,0
DA:172,0
DA:173,0
DA:174,0
DA:175,0
DA:176,0
DA:178,0
DA:180,0
DA:186,0
DA:187,0
DA:188,0
DA:189,0
DA:190,0
DA:193,0
DA:195,0
DA:200,0
DA:202,0
DA:203,0
DA:206,0
DA:207,0
DA:210,0
DA:211,0
DA:214,0
DA:215,0
DA:218,0
DA:219,0
DA:222,0
DA:223,0
DA:227,0
DA:229,0
DA:231,0
DA:233,0
DA:235,0
DA:237,0
DA:242,1
DA:245,0
DA:248,0
DA:249,0
DA:251,0
DA:252,0
DA:256,1
DA:257,0
DA:258,0
DA:259,0
DA:260,0
DA:264,0
DA:266,0
DA:267,0
DA:268,0
DA:272,1
DA:273,1
DA:277,1
DA:278,0
DA:279,0
DA:280,0
DA:281,0
DA:286,1
DA:287,2
DA:288,2
DA:292,1
DA:293,2
DA:294,2
DA:295,2
DA:297,2
DA:298,25
DA:299,2
DA:300,2
DA:301,23
DA:302,1
DA:306,1
DA:307,1
DA:308,0
DA:309,0
DA:310,1
DA:311,1
DA:315,0
DA:319,1
DA:320,11
DA:324,1
DA:325,0
DA:326,0
DA:331,1
DA:332,9
DA:336,1
DA:337,0
DA:339,0
DA:340,0
DA:341,0
DA:344,0
DA:346,0
DA:347,0
DA:348,0
DA:349,0
DA:352,0
DA:355,1
DA:368,1
LF:118
LH:38
BRDA:161,0,0,0
BRDA:161,0,1,0
BRDA:175,1,0,0
BRDA:175,1,1,0
BRDA:188,2,0,0
BRDA:188,2,1,0
BRDA:227,3,0,0
BRDA:227,3,1,0
BRDA:227,4,0,0
BRDA:227,4,1,0
BRDA:227,4,2,0
BRDA:227,4,3,0
BRDA:229,5,0,0
BRDA:229,5,1,0
BRDA:229,6,0,0
BRDA:229,6,1,0
BRDA:229,6,2,0
BRDA:231,7,0,0
BRDA:231,7,1,0
BRDA:231,8,0,0
BRDA:231,8,1,0
BRDA:233,9,0,0
BRDA:233,9,1,0
BRDA:248,10,0,0
BRDA:248,10,1,0
BRDA:258,11,0,0
BRDA:258,11,1,0
BRDA:280,12,0,0
BRDA:280,12,1,0
BRDA:287,13,0,2
BRDA:287,13,1,0
BRDA:288,14,0,2
BRDA:288,14,1,0
BRDA:293,15,0,2
BRDA:293,15,1,0
BRDA:294,16,0,2
BRDA:294,16,1,0
BRDA:295,17,0,2
BRDA:295,17,1,0
BRDA:298,18,0,2
BRDA:298,18,1,23
BRDA:300,19,0,0
BRDA:300,19,1,2
BRDA:301,20,0,1
BRDA:301,20,1,22
BRDA:307,21,0,0
BRDA:307,21,1,1
BRDA:309,22,0,0
BRDA:309,22,1,0
BRDA:310,23,0,1
BRDA:310,23,1,0
BRDA:320,24,0,11
BRDA:320,24,1,1
BRDA:325,25,0,0
BRDA:325,25,1,0
BRDA:337,26,0,0
BRDA:337,26,1,0
BRDA:339,27,0,0
BRDA:339,27,1,0
BRDA:346,28,0,0
BRDA:346,28,1,0
BRF:61
BRH:14
end_of_record
TN:
SF:src/tdd-workflow.ts
FN:22,registerTestTask
FN:33,updateTestStatus
FN:44,canStartCode
FN:63,tryStartCodeTask
FN:79,getTestTaskId
FN:84,getPendingTasks
FN:86,(anonymous_6)
FNF:7
FNH:0
FNDA:0,registerTestTask
FNDA:0,updateTestStatus
FNDA:0,canStartCode
FNDA:0,tryStartCodeTask
FNDA:0,getTestTaskId
FNDA:0,getPendingTasks
FNDA:0,(anonymous_6)
DA:19,0
DA:22,0
DA:23,0
DA:33,0
DA:34,0
DA:35,0
DA:36,0
DA:37,0
DA:38,0
DA:44,0
DA:45,0
DA:47,0
DA:48,0
DA:55,0
DA:63,0
DA:64,0
DA:66,0
DA:67,0
DA:70,0
DA:71,0
DA:74,0
DA:75,0
DA:79,0
DA:80,0
DA:84,0
DA:85,0
DA:86,0
DA:90,0
DA:99,0
LF:29
LH:0
BRDA:35,0,0,0
BRDA:35,0,1,0
BRDA:36,1,0,0
BRDA:36,1,1,0
BRDA:37,2,0,0
BRDA:37,2,1,0
BRDA:47,3,0,0
BRDA:47,3,1,0
BRDA:58,4,0,0
BRDA:58,4,1,0
BRDA:66,5,0,0
BRDA:66,5,1,0
BRDA:70,6,0,0
BRDA:70,6,1,0
BRDA:80,7,0,0
BRDA:80,7,1,0
BRF:16
BRH:0
end_of_record
TN:
SF:src/user-approval.ts
FN:12,formatApprovalRequest
FN:16,(anonymous_1)
FN:30,suggestNextStep
FN:51,requestAgentConfirmation
FN:60,formatSelectionPrompt
FN:66,(anonymous_5)
FN:76,parseYesNoResponse
FN:91,parseSelection
FNF:8
FNH:0
FNDA:0,formatApprovalRequest
FNDA:0,(anonymous_1)
FNDA:0,suggestNextStep
FNDA:0,requestAgentConfirmation
FNDA:0,formatSelectionPrompt
FNDA:0,(anonymous_5)
FNDA:0,parseYesNoResponse
FNDA:0,parseSelection
DA:12,0
DA:13,0
DA:15,0
DA:16,0
DA:17,0
DA:20,0
DA:21,0
DA:24,0
DA:26,0
DA:30,0
DA:35,0
DA:51,0
DA:52,0
DA:60,0
DA:64,0
DA:66,0
DA:67,0
DA:70,0
DA:72,0
DA:76,0
DA:77,0
DA:79,0
DA:80,0
DA:83,0
DA:84,0
DA:87,0
DA:91,0
DA:92,0
DA:94,0
DA:95,0
DA:98,0
DA:101,0
DA:110,0
LF:33
LH:0
BRDA:20,0,0,0
BRDA:20,0,1,0
BRDA:79,1,0,0
BRDA:79,1,1,0
BRDA:83,2,0,0
BRDA:83,2,1,0
BRDA:94,3,0,0
BRDA:94,3,1,0
BRDA:94,4,0,0
BRDA:94,4,1,0
BRDA:94,4,2,0
BRF:11
BRH:0
end_of_record
