TN:
SF:src/blocking-rules.ts
FN:12,logToFile
FN:40,checkStateValid
FN:41,(anonymous_11)
FN:47,(anonymous_12)
FN:49,(anonymous_13)
FN:60,(anonymous_14)
FN:61,(anonymous_15)
FN:62,(anonymous_16)
FN:81,checkAnalystPreconditions
FN:84,(anonymous_18)
FN:98,checkCoderPreconditions
FN:100,(anonymous_20)
FN:106,checkReviewerPreconditions
FN:120,checkAllRules
FN:138,(anonymous_23)
FN:144,checkRule
FN:156,logViolation
FN:186,getViolationLog
FN:191,autoFix
FN:211,registerRule
FN:216,getRules
FNF:21
FNH:15
FNDA:0,logToFile
FNDA:6,checkStateValid
FNDA:6,(anonymous_11)
FNDA:5,(anonymous_12)
FNDA:5,(anonymous_13)
FNDA:0,(anonymous_14)
FNDA:0,(anonymous_15)
FNDA:0,(anonymous_16)
FNDA:4,checkAnalystPreconditions
FNDA:4,(anonymous_18)
FNDA:4,checkCoderPreconditions
FNDA:4,(anonymous_20)
FNDA:4,checkReviewerPreconditions
FNDA:4,checkAllRules
FNDA:0,(anonymous_23)
FNDA:8,checkRule
FNDA:0,logViolation
FNDA:4,getViolationLog
FNDA:4,autoFix
FNDA:7,registerRule
FNDA:13,getRules
DA:4,2
DA:5,2
DA:7,2
DA:8,2
DA:9,2
DA:10,2
DA:13,0
DA:14,0
DA:15,0
DA:16,0
DA:17,0
DA:18,0
DA:37,2
DA:41,12
DA:42,6
DA:43,6
DA:47,2
DA:49,10
DA:50,5
DA:53,5
DA:54,5
DA:57,0
DA:60,0
DA:61,0
DA:62,0
DA:63,0
DA:64,0
DA:66,0
DA:71,0
DA:73,0
DA:76,0
DA:84,8
DA:85,4
DA:89,4
DA:90,4
DA:94,0
DA:100,8
DA:101,4
DA:102,4
DA:107,4
DA:111,2
DA:120,2
DA:121,4
DA:123,4
DA:124,20
DA:125,20
DA:126,20
DA:127,0
DA:130,0
DA:133,0
DA:137,4
DA:138,0
DA:144,2
DA:145,8
DA:146,8
DA:148,4
DA:149,4
DA:151,0
DA:157,0
DA:163,0
DA:166,0
DA:167,0
DA:170,0
DA:173,0
DA:174,0
DA:175,0
DA:176,0
DA:181,0
DA:186,2
DA:187,4
DA:191,2
DA:193,4
DA:195,0
DA:196,0
DA:197,0
DA:198,0
DA:200,0
DA:202,0
DA:206,4
DA:211,2
DA:212,7
DA:216,2
DA:217,13
DA:220,2
DA:229,2
LF:85
LH:47
BRDA:13,0,0,0
BRDA:13,0,1,0
BRDA:16,1,0,0
BRDA:16,1,1,0
BRDA:53,2,0,5
BRDA:53,2,1,0
BRDA:53,3,0,5
BRDA:53,3,1,0
BRDA:63,4,0,0
BRDA:63,4,1,0
BRDA:73,5,0,0
BRDA:73,5,1,0
BRDA:73,5,2,0
BRDA:89,6,0,4
BRDA:89,6,1,0
BRDA:89,7,0,4
BRDA:89,7,1,0
BRDA:126,8,0,0
BRDA:126,8,1,20
BRDA:127,9,0,0
BRDA:127,9,1,0
BRDA:146,10,0,4
BRDA:146,10,1,4
BRDA:166,11,0,0
BRDA:166,11,1,0
BRDA:175,12,0,0
BRDA:175,12,1,0
BRDA:193,13,0,0
BRDA:193,13,1,4
BRDA:197,14,0,0
BRDA:197,14,1,0
BRF:31
BRH:8
end_of_record
TN:
SF:src/git-workflow.ts
FN:12,isValidCommitMessage
FN:17,createFeatureBranch
FN:35,preCommitCheck
FN:55,validateCommitMessage
FN:70,mergeToDevelop
FN:88,getChangedFiles
FN:90,(anonymous_6)
FN:94,getChangeStats
FN:110,isMergedToDevelop
FN:116,hasConflicts
FNF:10
FNH:1
FNDA:26,isValidCommitMessage
FNDA:0,createFeatureBranch
FNDA:0,preCommitCheck
FNDA:0,validateCommitMessage
FNDA:0,mergeToDevelop
FNDA:0,getChangedFiles
FNDA:0,(anonymous_6)
FNDA:0,getChangeStats
FNDA:0,isMergedToDevelop
FNDA:0,hasConflicts
DA:10,2
DA:12,2
DA:13,26
DA:17,2
DA:18,0
DA:21,0
DA:23,0
DA:25,0
DA:28,0
DA:31,0
DA:35,2
DA:36,0
DA:39,0
DA:40,0
DA:41,0
DA:42,0
DA:46,0
DA:47,0
DA:48,0
DA:51,0
DA:55,2
DA:56,0
DA:57,0
DA:66,0
DA:70,2
DA:72,0
DA:75,0
DA:78,0
DA:81,0
DA:84,0
DA:88,2
DA:89,0
DA:90,0
DA:94,2
DA:95,0
DA:98,0
DA:99,0
DA:100,0
DA:102,0
DA:110,2
DA:111,0
DA:112,0
DA:116,2
DA:117,0
DA:118,0
DA:121,2
DA:133,2
LF:47
LH:13
BRDA:18,0,0,0
BRDA:18,0,1,0
BRDA:23,1,0,0
BRDA:23,1,1,0
BRDA:23,2,0,0
BRDA:23,2,1,0
BRDA:40,3,0,0
BRDA:40,3,1,0
BRDA:47,4,0,0
BRDA:47,4,1,0
BRDA:47,5,0,0
BRDA:47,5,1,0
BRDA:47,5,2,0
BRDA:56,6,0,0
BRDA:56,6,1,0
BRDA:103,7,0,0
BRDA:103,7,1,0
BRDA:104,8,0,0
BRDA:104,8,1,0
BRDA:105,9,0,0
BRDA:105,9,1,0
BRDA:118,10,0,0
BRDA:118,10,1,0
BRDA:118,10,2,0
BRF:24
BRH:0
end_of_record
TN:
SF:src/index.ts
FN:126,logToFile
FN:133,getStateDescription
FN:149,getNextSteps
FN:166,formatConfirmationDialog
FN:170,(anonymous_4)
FN:178,formatInitDialog
FN:190,autoInitOnPluginLoad
FN:250,(anonymous_7)
FN:262,(anonymous_8)
FN:283,(anonymous_9)
FN:305,(anonymous_10)
FN:357,(anonymous_11)
FN:364,(anonymous_12)
FN:364,(anonymous_13)
FN:377,(anonymous_14)
FN:377,(anonymous_15)
FN:392,(anonymous_16)
FN:392,(anonymous_17)
FNF:18
FNH:0
FNDA:0,logToFile
FNDA:0,getStateDescription
FNDA:0,getNextSteps
FNDA:0,formatConfirmationDialog
FNDA:0,(anonymous_4)
FNDA:0,formatInitDialog
FNDA:0,autoInitOnPluginLoad
FNDA:0,(anonymous_7)
FNDA:0,(anonymous_8)
FNDA:0,(anonymous_9)
FNDA:0,(anonymous_10)
FNDA:0,(anonymous_11)
FNDA:0,(anonymous_12)
FNDA:0,(anonymous_13)
FNDA:0,(anonymous_14)
FNDA:0,(anonymous_15)
FNDA:0,(anonymous_16)
FNDA:0,(anonymous_17)
DA:5,1
DA:7,1
DA:8,1
DA:9,1
DA:13,1
DA:127,0
DA:128,0
DA:129,0
DA:134,0
DA:146,0
DA:150,0
DA:162,0
DA:167,0
DA:170,0
DA:179,0
DA:191,0
DA:192,0
DA:195,0
DA:196,0
DA:197,0
DA:199,0
DA:204,0
DA:225,0
DA:226,0
DA:230,0
DA:232,0
DA:234,0
DA:236,0
DA:240,0
DA:241,0
DA:242,0
DA:244,0
DA:250,0
DA:255,0
DA:257,0
DA:258,0
DA:262,1
DA:270,0
DA:274,0
DA:276,0
DA:277,0
DA:283,0
DA:284,0
DA:285,0
DA:288,0
DA:289,0
DA:292,0
DA:293,0
DA:296,0
DA:297,0
DA:298,0
DA:303,0
DA:305,0
DA:306,0
DA:309,0
DA:310,0
DA:311,0
DA:312,0
DA:313,0
DA:314,0
DA:315,0
DA:316,0
DA:317,0
DA:318,0
DA:324,0
DA:325,0
DA:328,0
DA:333,0
DA:336,0
DA:337,0
DA:341,0
DA:342,0
DA:343,0
DA:357,0
DA:359,0
DA:360,0
DA:361,0
DA:363,0
DA:364,0
DA:369,0
DA:373,0
DA:374,0
DA:375,0
DA:376,0
DA:377,0
DA:383,0
DA:384,0
DA:387,0
DA:388,0
DA:390,0
DA:391,0
DA:392,0
DA:394,0
DA:398,0
DA:405,0
DA:412,1
LF:96
LH:7
BRDA:146,0,0,0
BRDA:146,0,1,0
BRDA:162,1,0,0
BRDA:162,1,1,0
BRDA:199,2,0,0
BRDA:199,2,1,0
BRDA:232,3,0,0
BRDA:232,3,1,0
BRDA:276,4,0,0
BRDA:276,4,1,0
BRDA:284,5,0,0
BRDA:284,5,1,0
BRDA:288,6,0,0
BRDA:288,6,1,0
BRDA:292,7,0,0
BRDA:292,7,1,0
BRDA:296,8,0,0
BRDA:296,8,1,0
BRDA:297,9,0,0
BRDA:297,9,1,0
BRDA:309,10,0,0
BRDA:309,10,1,0
BRDA:312,11,0,0
BRDA:312,11,1,0
BRDA:316,12,0,0
BRDA:316,12,1,0
BRDA:336,13,0,0
BRDA:336,13,1,0
BRDA:342,14,0,0
BRDA:342,14,1,0
BRDA:359,15,0,0
BRDA:359,15,1,0
BRDA:361,16,0,0
BRDA:361,16,1,0
BRDA:373,17,0,0
BRDA:373,17,1,0
BRDA:373,18,0,0
BRDA:373,18,1,0
BRDA:375,19,0,0
BRDA:375,19,1,0
BRDA:383,20,0,0
BRDA:383,20,1,0
BRDA:383,21,0,0
BRDA:383,21,1,0
BRDA:387,22,0,0
BRDA:387,22,1,0
BRDA:390,23,0,0
BRDA:390,23,1,0
BRDA:399,24,0,0
BRDA:399,24,1,0
BRF:50
BRH:0
end_of_record
TN:
SF:src/mcp-registry.ts
FN:271,findMCPServersByTechnology
FN:302,(anonymous_1)
FN:306,findMCPServersByCategory
FN:307,(anonymous_3)
FN:311,findMCPServersByTag
FN:312,(anonymous_5)
FN:313,(anonymous_6)
FN:318,getMCPServer
FN:319,(anonymous_8)
FN:323,getAllMCPServers
FN:328,getMCPServersGroupedByCategory
FN:332,(anonymous_11)
FNF:12
FNH:12
FNDA:32,findMCPServersByTechnology
FNDA:260,(anonymous_1)
FNDA:7,findMCPServersByCategory
FNDA:140,(anonymous_3)
FNDA:6,findMCPServersByTag
FNDA:120,(anonymous_5)
FNDA:251,(anonymous_6)
FNDA:7,getMCPServer
FNDA:50,(anonymous_8)
FNDA:6,getAllMCPServers
FNDA:3,getMCPServersGroupedByCategory
FNDA:720,(anonymous_11)
DA:31,3
DA:255,3
DA:271,3
DA:272,32
DA:299,32
DA:300,32
DA:302,260
DA:306,3
DA:307,140
DA:311,3
DA:312,6
DA:313,251
DA:318,3
DA:319,50
DA:323,3
DA:324,6
DA:328,3
DA:329,3
DA:331,3
DA:332,720
DA:335,3
DA:338,3
DA:348,3
LF:23
LH:23
BRDA:299,0,0,32
BRDA:299,0,1,19
BRDA:300,1,0,19
BRDA:300,1,1,13
BRF:4
BRH:4
end_of_record
TN:
SF:src/mcp-resolution.ts
FN:53,loadCache
FN:58,(anonymous_10)
FN:68,saveCache
FN:83,detectTechnologies
FN:120,searchMCPServers
FN:125,installMCPServer
FN:149,configureMcpServer
FN:158,getMCPStatus
FN:163,getInstalledMCPs
FN:164,(anonymous_18)
FN:168,validateMCP
FN:178,getAllMCPRegistry
FN:183,searchByCategory
FN:188,searchByTag
FN:193,getCategories
FNF:15
FNH:11
FNDA:1,loadCache
FNDA:0,(anonymous_10)
FNDA:1,saveCache
FNDA:8,detectTechnologies
FNDA:24,searchMCPServers
FNDA:0,installMCPServer
FNDA:1,configureMcpServer
FNDA:1,getMCPStatus
FNDA:1,getInstalledMCPs
FNDA:0,(anonymous_18)
FNDA:0,validateMCP
FNDA:2,getAllMCPRegistry
FNDA:2,searchByCategory
FNDA:1,searchByTag
FNDA:2,getCategories
DA:4,2
DA:5,2
DA:6,2
DA:25,2
DA:49,2
DA:50,2
DA:53,2
DA:54,1
DA:55,1
DA:56,1
DA:57,0
DA:58,0
DA:59,0
DA:63,0
DA:68,2
DA:69,1
DA:70,1
DA:71,1
DA:72,1
DA:73,1
DA:75,0
DA:76,0
DA:78,1
DA:83,2
DA:84,8
DA:87,8
DA:89,0
DA:93,8
DA:94,1
DA:95,1
DA:99,8
DA:100,0
DA:104,8
DA:106,0
DA:110,8
DA:112,0
DA:115,8
DA:116,8
DA:120,2
DA:121,24
DA:125,2
DA:126,0
DA:128,0
DA:129,0
DA:131,0
DA:132,0
DA:138,0
DA:139,0
DA:141,0
DA:144,0
DA:149,2
DA:150,1
DA:151,1
DA:152,0
DA:153,0
DA:158,2
DA:159,1
DA:163,2
DA:164,1
DA:168,2
DA:169,0
DA:170,0
DA:171,0
DA:173,0
DA:178,2
DA:179,2
DA:183,2
DA:184,2
DA:188,2
DA:189,1
DA:193,2
DA:194,2
DA:197,2
DA:213,2
LF:74
LH:49
BRDA:56,0,0,0
BRDA:56,0,1,1
BRDA:72,1,0,1
BRDA:72,1,1,0
BRDA:87,2,0,0
BRDA:87,2,1,8
BRDA:87,3,0,8
BRDA:87,3,1,8
BRDA:93,4,0,1
BRDA:93,4,1,7
BRDA:99,5,0,0
BRDA:99,5,1,8
BRDA:104,6,0,0
BRDA:104,6,1,8
BRDA:104,7,0,8
BRDA:104,7,1,8
BRDA:110,8,0,0
BRDA:110,8,1,8
BRDA:110,9,0,8
BRDA:110,9,1,8
BRDA:131,10,0,0
BRDA:131,10,1,0
BRDA:151,11,0,0
BRDA:151,11,1,1
BRF:24
BRH:15
end_of_record
TN:
SF:src/meta-agents.ts
FN:53,createAgentFromTemplate
FN:74,registerFuturesAgent
FN:85,createFuturesAgent
FN:102,validateAgentStructure
FN:116,getTemplates
FN:121,getDynamicAgents
FN:126,getFuturesAgents
FN:131,reloadAgent
FNF:8
FNH:8
FNDA:9,createAgentFromTemplate
FNDA:3,registerFuturesAgent
FNDA:2,createFuturesAgent
FNDA:5,validateAgentStructure
FNDA:6,getTemplates
FNDA:3,getDynamicAgents
FNDA:4,getFuturesAgents
FNDA:3,reloadAgent
DA:25,1
DA:47,1
DA:50,1
DA:53,1
DA:54,9
DA:55,9
DA:56,1
DA:57,1
DA:60,8
DA:67,8
DA:68,8
DA:70,8
DA:74,1
DA:75,3
DA:76,3
DA:80,3
DA:85,1
DA:86,2
DA:87,2
DA:88,1
DA:91,1
DA:92,1
DA:93,1
DA:94,1
DA:95,1
DA:98,1
DA:102,1
DA:103,5
DA:105,5
DA:106,5
DA:107,5
DA:109,5
DA:116,1
DA:117,6
DA:121,1
DA:122,3
DA:126,1
DA:127,4
DA:131,1
DA:132,3
DA:133,2
DA:134,2
DA:135,2
DA:136,2
DA:137,2
DA:139,1
DA:142,1
DA:153,1
LF:48
LH:48
BRDA:55,0,0,1
BRDA:55,0,1,8
BRDA:61,1,0,8
BRDA:61,1,1,4
BRDA:75,2,0,3
BRDA:75,2,1,0
BRDA:87,3,0,1
BRDA:87,3,1,1
BRDA:92,4,0,1
BRDA:92,4,1,0
BRDA:105,5,0,2
BRDA:105,5,1,3
BRDA:106,6,0,2
BRDA:106,6,1,3
BRDA:107,7,0,2
BRDA:107,7,1,3
BRDA:132,8,0,2
BRDA:132,8,1,1
BRF:18
BRH:16
end_of_record
TN:
SF:src/orchestrator.ts
FN:31,(anonymous_0)
FN:36,(anonymous_1)
FN:41,(anonymous_2)
FN:46,(anonymous_3)
FN:61,(anonymous_4)
FN:68,(anonymous_5)
FN:74,(anonymous_6)
FN:80,(anonymous_7)
FN:88,(anonymous_8)
FN:96,(anonymous_9)
FN:105,(anonymous_10)
FN:114,(anonymous_11)
FN:119,(anonymous_12)
FN:129,createOrchestrator
FN:135,(anonymous_14)
FN:136,(anonymous_15)
FN:137,(anonymous_16)
FNF:17
FNH:12
FNDA:25,(anonymous_0)
FNDA:3,(anonymous_1)
FNDA:4,(anonymous_2)
FNDA:0,(anonymous_3)
FNDA:0,(anonymous_4)
FNDA:1,(anonymous_5)
FNDA:1,(anonymous_6)
FNDA:2,(anonymous_7)
FNDA:1,(anonymous_8)
FNDA:1,(anonymous_9)
FNDA:1,(anonymous_10)
FNDA:2,(anonymous_11)
FNDA:1,(anonymous_12)
FNDA:2,createOrchestrator
FNDA:0,(anonymous_14)
FNDA:0,(anonymous_15)
FNDA:0,(anonymous_16)
DA:4,1
DA:5,1
DA:6,1
DA:7,1
DA:8,1
DA:19,1
DA:27,1
DA:29,25
DA:32,25
DA:37,3
DA:42,4
DA:47,0
DA:49,0
DA:50,0
DA:51,0
DA:52,0
DA:56,0
DA:57,0
DA:62,0
DA:63,0
DA:64,0
DA:69,1
DA:70,1
DA:75,1
DA:76,1
DA:81,2
DA:83,1
DA:84,1
DA:89,1
DA:91,0
DA:92,0
DA:97,1
DA:98,1
DA:101,0
DA:106,1
DA:107,1
DA:110,0
DA:115,2
DA:120,1
DA:121,1
DA:129,1
DA:130,2
DA:133,1
DA:135,0
DA:136,0
DA:137,0
DA:140,1
LF:47
LH:30
BRDA:31,0,0,19
BRDA:49,1,0,0
BRDA:49,1,1,0
BRDA:51,2,0,0
BRDA:51,2,1,0
BRDA:81,3,0,1
BRDA:81,3,1,1
BRDA:89,4,0,1
BRDA:89,4,1,0
BRDA:97,5,0,1
BRDA:97,5,1,0
BRDA:106,6,0,1
BRDA:106,6,1,0
BRF:13
BRH:6
end_of_record
TN:
SF:src/permissions.ts
FN:140,checkPermission
FN:144,(anonymous_1)
FN:151,(anonymous_2)
FN:163,logAudit
FN:178,getRolePermissions
FN:179,(anonymous_5)
FN:184,getAllRoles
FN:185,(anonymous_7)
FN:199,checkPermissionWithInheritance
FN:219,getPermissionAudit
FNF:10
FNH:10
FNDA:15,checkPermission
FNDA:91,(anonymous_1)
FNDA:56,(anonymous_2)
FNDA:15,logAudit
FNDA:2,getRolePermissions
FNDA:15,(anonymous_5)
FNDA:2,getAllRoles
FNDA:20,(anonymous_7)
FNDA:2,checkPermissionWithInheritance
FNDA:3,getPermissionAudit
DA:16,1
DA:137,1
DA:140,1
DA:144,91
DA:146,15
DA:147,1
DA:148,1
DA:151,56
DA:153,14
DA:154,1
DA:155,1
DA:158,13
DA:159,13
DA:164,15
DA:172,15
DA:173,0
DA:178,1
DA:179,15
DA:180,2
DA:184,1
DA:185,20
DA:189,1
DA:199,1
DA:204,2
DA:206,2
DA:209,0
DA:210,0
DA:211,0
DA:212,0
DA:215,0
DA:219,1
DA:220,3
DA:223,1
DA:231,1
LF:34
LH:28
BRDA:146,0,0,1
BRDA:146,0,1,14
BRDA:153,1,0,1
BRDA:153,1,1,13
BRDA:172,2,0,0
BRDA:172,2,1,15
BRDA:180,3,0,2
BRDA:180,3,1,1
BRDA:206,4,0,2
BRDA:206,4,1,0
BRDA:209,5,0,0
BRDA:209,5,1,0
BRDA:212,6,0,0
BRDA:212,6,1,0
BRF:14
BRH:8
end_of_record
TN:
SF:src/pre-flight.ts
FN:7,run
FN:46,checkGitRepository
FN:56,checkDevelopBranch
FN:66,checkGitignore
FN:77,checkConstitution
FN:88,checkQualityGatesScripts
FN:99,checkAgents
FN:110,checkSpeckitCommands
FN:121,checkSkills
FN:132,checkMcpConfig
FN:143,checkScripts
FNF:11
FNH:11
FNDA:3,run
FNDA:3,checkGitRepository
FNDA:3,checkDevelopBranch
FNDA:3,checkGitignore
FNDA:3,checkConstitution
FNDA:3,checkQualityGatesScripts
FNDA:3,checkAgents
FNDA:3,checkSpeckitCommands
FNDA:3,checkSkills
FNDA:3,checkMcpConfig
FNDA:3,checkScripts
DA:7,4
DA:8,3
DA:21,3
DA:22,3
DA:24,3
DA:25,30
DA:26,30
DA:27,30
DA:28,0
DA:30,30
DA:33,0
DA:37,3
DA:47,3
DA:48,3
DA:49,0
DA:51,3
DA:57,3
DA:58,3
DA:59,0
DA:61,3
DA:67,3
DA:69,3
DA:70,0
DA:72,3
DA:78,3
DA:80,3
DA:81,0
DA:83,3
DA:89,3
DA:91,3
DA:92,0
DA:94,3
DA:100,3
DA:102,3
DA:103,0
DA:105,3
DA:111,3
DA:113,3
DA:114,0
DA:116,3
DA:122,3
DA:124,3
DA:125,0
DA:127,3
DA:133,3
DA:135,3
DA:136,0
DA:138,3
DA:144,3
DA:146,3
DA:147,0
DA:149,3
DA:154,4
DA:158,4
LF:54
LH:42
BRDA:27,0,0,0
BRDA:27,0,1,30
BRF:2
BRH:1
end_of_record
TN:
SF:src/quality-gates.ts
FN:7,detectLanguages
FN:30,preExecution
FN:55,(anonymous_11)
FN:62,postExecution
FN:77,(anonymous_13)
FN:84,preCommit
FN:141,(anonymous_15)
FN:148,preMerge
FN:169,(anonymous_17)
FN:176,preImplementation
FN:186,(anonymous_19)
FN:193,mcpCheck
FN:197,(anonymous_21)
FN:222,(anonymous_22)
FN:238,(anonymous_23)
FNF:15
FNH:9
FNDA:0,detectLanguages
FNDA:17,preExecution
FNDA:6,(anonymous_11)
FNDA:8,postExecution
FNDA:14,(anonymous_13)
FNDA:0,preCommit
FNDA:0,(anonymous_15)
FNDA:0,preMerge
FNDA:0,(anonymous_17)
FNDA:8,preImplementation
FNDA:8,(anonymous_19)
FNDA:6,mcpCheck
FNDA:6,(anonymous_21)
FNDA:0,(anonymous_22)
FNDA:9,(anonymous_23)
DA:8,0
DA:10,0
DA:11,0
DA:12,0
DA:14,0
DA:15,0
DA:17,0
DA:18,0
DA:20,0
DA:21,0
DA:26,0
DA:30,3
DA:33,17
DA:34,11
DA:41,6
DA:54,6
DA:55,6
DA:62,3
DA:63,8
DA:76,8
DA:77,14
DA:84,3
DA:85,0
DA:86,0
DA:89,0
DA:90,0
DA:91,0
DA:92,0
DA:98,0
DA:103,0
DA:104,0
DA:105,0
DA:106,0
DA:112,0
DA:117,0
DA:118,0
DA:119,0
DA:120,0
DA:126,0
DA:131,0
DA:132,0
DA:133,0
DA:140,0
DA:141,0
DA:148,3
DA:149,0
DA:151,0
DA:153,0
DA:154,0
DA:155,0
DA:161,0
DA:168,0
DA:169,0
DA:176,3
DA:177,8
DA:185,8
DA:186,8
DA:193,3
DA:194,6
DA:196,6
DA:197,12
DA:200,6
DA:201,6
DA:208,6
DA:209,2
DA:210,2
DA:220,6
DA:221,6
DA:222,18
DA:223,18
DA:230,0
DA:237,6
DA:238,9
DA:245,3
DA:254,3
LF:75
LH:33
BRDA:12,0,0,0
BRDA:12,0,1,0
BRDA:15,1,0,0
BRDA:15,1,1,0
BRDA:18,2,0,0
BRDA:18,2,1,0
BRDA:21,3,0,0
BRDA:21,3,1,0
BRDA:33,4,0,11
BRDA:33,4,1,6
BRDA:33,5,0,17
BRDA:33,5,1,14
BRDA:33,5,2,7
BRDA:45,6,0,0
BRDA:45,6,1,6
BRDA:50,7,0,0
BRDA:50,7,1,6
BRDA:67,8,0,6
BRDA:67,8,1,2
BRDA:72,9,0,5
BRDA:72,9,1,3
BRDA:89,10,0,0
BRDA:89,10,1,0
BRDA:95,11,0,0
BRDA:95,11,1,0
BRDA:103,12,0,0
BRDA:103,12,1,0
BRDA:109,13,0,0
BRDA:109,13,1,0
BRDA:117,14,0,0
BRDA:117,14,1,0
BRDA:123,15,0,0
BRDA:123,15,1,0
BRDA:132,16,0,0
BRDA:132,16,1,0
BRDA:154,17,0,0
BRDA:154,17,1,0
BRDA:154,17,2,0
BRDA:158,18,0,0
BRDA:158,18,1,0
BRDA:181,19,0,5
BRDA:181,19,1,3
BRDA:204,20,0,1
BRDA:204,20,1,5
BRDA:213,21,0,2
BRDA:213,21,1,0
BRDA:225,22,0,18
BRDA:225,22,1,18
BRDA:226,23,0,0
BRDA:226,23,1,18
BRF:50
BRH:19
end_of_record
TN:
SF:src/reporting.ts
FN:58,generateReport
FN:80,saveReport
FN:105,(anonymous_11)
FN:110,(anonymous_12)
FN:112,(anonymous_13)
FN:124,getProgressDashboard
FN:137,updateProgress
FN:164,notifyPhaseComplete
FN:173,getReports
FN:178,(anonymous_18)
FNF:10
FNH:5
FNDA:18,generateReport
FNDA:0,saveReport
FNDA:0,(anonymous_11)
FNDA:0,(anonymous_12)
FNDA:0,(anonymous_13)
FNDA:4,getProgressDashboard
FNDA:6,updateProgress
FNDA:7,notifyPhaseComplete
FNDA:3,getReports
FNDA:0,(anonymous_18)
DA:4,1
DA:5,1
DA:29,1
DA:54,1
DA:55,1
DA:58,1
DA:67,18
DA:80,1
DA:85,0
DA:86,0
DA:87,0
DA:90,0
DA:91,0
DA:93,0
DA:94,0
DA:105,0
DA:110,0
DA:112,0
DA:114,0
DA:116,0
DA:119,0
DA:120,0
DA:124,1
DA:125,4
DA:126,4
DA:127,4
DA:128,1
DA:131,0
DA:133,3
DA:137,1
DA:143,6
DA:150,6
DA:151,6
DA:152,6
DA:153,6
DA:154,5
DA:156,1
DA:157,1
DA:159,5
DA:164,1
DA:165,7
DA:173,1
DA:174,3
DA:175,3
DA:176,3
DA:178,0
DA:181,1
DA:190,1
LF:48
LH:32
BRDA:64,0,0,12
BRDA:65,1,0,14
BRDA:83,2,0,0
BRDA:86,3,0,0
BRDA:86,3,1,0
BRDA:90,4,0,0
BRDA:90,4,1,0
BRDA:93,5,0,0
BRDA:93,5,1,0
BRDA:108,6,0,0
BRDA:108,6,1,0
BRDA:110,7,0,0
BRDA:110,7,1,0
BRDA:112,8,0,0
BRDA:112,8,1,0
BRDA:127,9,0,1
BRDA:127,9,1,3
BRDA:153,10,0,5
BRDA:153,10,1,1
BRDA:175,11,0,3
BRDA:175,11,1,0
BRF:21
BRH:7
end_of_record
TN:
SF:src/review-sessions.ts
FN:53,createReviewSession
FN:69,evaluateCriteria
FN:82,(anonymous_2)
FN:83,(anonymous_3)
FN:96,getCriteriaForType
FNF:5
FNH:5
FNDA:14,createReviewSession
FNDA:5,evaluateCriteria
FNDA:25,(anonymous_2)
FNDA:12,(anonymous_3)
FNDA:5,getCriteriaForType
DA:27,1
DA:53,1
DA:57,14
DA:59,14
DA:69,1
DA:73,5
DA:75,5
DA:76,25
DA:77,3
DA:81,5
DA:82,25
DA:83,12
DA:85,5
DA:96,1
DA:97,5
DA:100,1
DA:106,1
LF:17
LH:17
BRDA:63,0,0,14
BRDA:63,0,1,1
BRDA:76,1,0,3
BRDA:76,1,1,22
BRDA:76,2,0,25
BRDA:76,2,1,15
BRDA:87,3,0,3
BRDA:87,3,1,2
BRDA:97,4,0,5
BRDA:97,4,1,1
BRF:10
BRH:10
end_of_record
TN:
SF:src/session-hooks.ts
FN:31,logToFile
FN:51,saveContext
FN:76,loadContext
FN:89,logError
FN:122,onSessionCreated
FN:205,autoDelegateAgent
FN:251,onSessionIdle
FN:264,onSessionCompacted
FN:282,onSessionError
FNF:9
FNH:8
FNDA:42,logToFile
FNDA:8,saveContext
FNDA:7,loadContext
FNDA:9,logError
FNDA:3,onSessionCreated
FNDA:0,autoDelegateAgent
FNDA:2,onSessionIdle
FNDA:3,onSessionCompacted
FNDA:3,onSessionError
DA:4,2
DA:5,2
DA:6,2
DA:7,2
DA:9,2
DA:10,2
DA:11,2
DA:12,2
DA:13,2
DA:31,2
DA:32,42
DA:33,42
DA:34,42
DA:35,42
DA:36,0
DA:38,42
DA:39,42
DA:40,42
DA:41,22
DA:43,20
DA:51,2
DA:52,8
DA:53,8
DA:54,8
DA:55,8
DA:58,0
DA:59,0
DA:60,0
DA:68,0
DA:69,0
DA:71,8
DA:76,2
DA:77,7
DA:78,7
DA:79,7
DA:80,0
DA:85,7
DA:89,2
DA:90,9
DA:91,9
DA:92,9
DA:93,9
DA:96,0
DA:97,0
DA:98,0
DA:99,0
DA:102,0
DA:110,0
DA:111,0
DA:114,0
DA:115,0
DA:122,2
DA:123,3
DA:124,3
DA:127,3
DA:128,3
DA:129,3
DA:130,3
DA:132,3
DA:134,3
DA:136,3
DA:139,3
DA:142,3
DA:143,3
DA:144,3
DA:145,3
DA:149,3
DA:153,0
DA:155,3
DA:158,0
DA:162,3
DA:163,3
DA:164,3
DA:166,3
DA:167,3
DA:168,3
DA:171,3
DA:175,0
DA:176,0
DA:177,0
DA:179,0
DA:188,0
DA:193,0
DA:194,0
DA:196,0
DA:197,0
DA:199,0
DA:200,0
DA:206,0
DA:208,0
DA:227,0
DA:228,0
DA:230,0
DA:231,0
DA:235,0
DA:236,0
DA:237,0
DA:241,0
DA:243,0
DA:246,0
DA:251,2
DA:253,2
DA:254,2
DA:258,2
DA:264,2
DA:266,3
DA:268,3
DA:269,0
DA:271,0
DA:275,3
DA:282,2
DA:283,3
DA:286,2
DA:296,2
LF:114
LH:71
BRDA:31,0,0,4
BRDA:32,1,0,0
BRDA:32,1,1,42
BRDA:32,2,0,42
BRDA:32,2,1,0
BRDA:35,3,0,0
BRDA:35,3,1,42
BRDA:38,4,0,22
BRDA:38,4,1,20
BRDA:40,5,0,22
BRDA:40,5,1,20
BRDA:54,6,0,8
BRDA:54,6,1,0
BRDA:79,7,0,0
BRDA:79,7,1,7
BRDA:92,8,0,9
BRDA:92,8,1,0
BRDA:98,9,0,0
BRDA:98,9,1,0
BRDA:110,10,0,0
BRDA:110,10,1,0
BRDA:142,11,0,3
BRDA:142,11,1,0
BRDA:166,12,0,3
BRDA:166,12,1,0
BRDA:230,13,0,0
BRDA:230,13,1,0
BRDA:268,14,0,0
BRDA:268,14,1,3
BRDA:272,15,0,0
BRDA:272,15,1,0
BRDA:272,16,0,0
BRDA:272,16,1,0
BRF:33
BRH:14
end_of_record
TN:
SF:src/state-machine.ts
FN:98,(anonymous_9)
FN:104,(anonymous_10)
FN:110,(anonymous_11)
FN:116,(anonymous_12)
FN:122,(anonymous_13)
FN:128,(anonymous_14)
FN:134,(anonymous_15)
FN:140,(anonymous_16)
FN:146,(anonymous_17)
FN:158,logTransition
FN:171,saveState
FN:185,loadState
FN:199,detectStateFromFS
FN:242,initialize
FN:256,getState
FN:272,getCurrentState
FN:277,setState
FN:286,isToolAllowed
FN:292,isAgentAllowed
FN:319,getStateDescription
FN:324,updateAfterTask
FN:331,getAvailableTransitions
FN:332,(anonymous_31)
FN:336,tryTransition
FN:337,(anonymous_33)
FNF:25
FNH:17
FNDA:1,(anonymous_9)
FNDA:0,(anonymous_10)
FNDA:0,(anonymous_11)
FNDA:0,(anonymous_12)
FNDA:0,(anonymous_13)
FNDA:0,(anonymous_14)
FNDA:0,(anonymous_15)
FNDA:0,(anonymous_16)
FNDA:0,(anonymous_17)
FNDA:3,logTransition
FNDA:7,saveState
FNDA:6,loadState
FNDA:3,detectStateFromFS
FNDA:3,initialize
FNDA:3,getState
FNDA:24,getCurrentState
FNDA:4,setState
FNDA:18,isToolAllowed
FNDA:17,isAgentAllowed
FNDA:37,getStateDescription
FNDA:3,updateAfterTask
FNDA:6,getAvailableTransitions
FNDA:54,(anonymous_31)
FNDA:2,tryTransition
FNDA:10,(anonymous_33)
DA:4,5
DA:5,5
DA:8,5
DA:9,5
DA:12,5
DA:94,5
DA:98,1
DA:104,0
DA:110,0
DA:116,0
DA:122,0
DA:128,0
DA:134,0
DA:140,0
DA:146,0
DA:152,5
DA:155,5
DA:159,3
DA:160,3
DA:161,3
DA:163,3
DA:164,3
DA:166,0
DA:172,7
DA:173,7
DA:174,7
DA:175,7
DA:176,7
DA:178,0
DA:180,7
DA:186,6
DA:187,6
DA:188,6
DA:189,0
DA:190,0
DA:193,0
DA:195,6
DA:200,3
DA:202,3
DA:203,0
DA:206,0
DA:207,0
DA:210,0
DA:211,0
DA:214,0
DA:215,0
DA:218,0
DA:219,0
DA:222,0
DA:223,0
DA:227,0
DA:229,0
DA:231,0
DA:233,0
DA:235,0
DA:237,3
DA:242,5
DA:245,3
DA:248,3
DA:249,3
DA:251,3
DA:252,3
DA:256,5
DA:257,3
DA:258,3
DA:259,0
DA:260,0
DA:264,3
DA:266,3
DA:267,3
DA:268,3
DA:272,5
DA:273,24
DA:277,5
DA:278,4
DA:279,4
DA:280,4
DA:281,3
DA:286,5
DA:287,18
DA:288,18
DA:292,5
DA:293,17
DA:294,17
DA:295,17
DA:297,17
DA:298,156
DA:299,15
DA:300,15
DA:301,141
DA:302,6
DA:306,11
DA:307,47
DA:308,0
DA:309,0
DA:310,47
DA:311,8
DA:315,3
DA:319,5
DA:320,37
DA:324,5
DA:325,3
DA:326,1
DA:331,5
DA:332,54
DA:336,5
DA:337,10
DA:339,2
DA:340,1
DA:341,1
DA:344,1
DA:346,1
DA:347,1
DA:348,1
DA:349,1
DA:352,0
DA:355,5
DA:368,5
LF:118
LH:84
BRDA:161,0,0,1
BRDA:161,0,1,2
BRDA:175,1,0,7
BRDA:175,1,1,0
BRDA:188,2,0,0
BRDA:188,2,1,6
BRDA:227,3,0,0
BRDA:227,3,1,0
BRDA:227,4,0,0
BRDA:227,4,1,0
BRDA:227,4,2,0
BRDA:227,4,3,0
BRDA:229,5,0,0
BRDA:229,5,1,0
BRDA:229,6,0,0
BRDA:229,6,1,0
BRDA:229,6,2,0
BRDA:231,7,0,0
BRDA:231,7,1,0
BRDA:231,8,0,0
BRDA:231,8,1,0
BRDA:233,9,0,0
BRDA:233,9,1,0
BRDA:248,10,0,0
BRDA:248,10,1,3
BRDA:258,11,0,0
BRDA:258,11,1,3
BRDA:280,12,0,3
BRDA:280,12,1,1
BRDA:287,13,0,18
BRDA:287,13,1,1
BRDA:288,14,0,18
BRDA:288,14,1,1
BRDA:293,15,0,17
BRDA:293,15,1,0
BRDA:294,16,0,17
BRDA:294,16,1,1
BRDA:295,17,0,17
BRDA:295,17,1,1
BRDA:298,18,0,15
BRDA:298,18,1,141
BRDA:300,19,0,0
BRDA:300,19,1,15
BRDA:301,20,0,6
BRDA:301,20,1,135
BRDA:307,21,0,0
BRDA:307,21,1,47
BRDA:309,22,0,0
BRDA:309,22,1,0
BRDA:310,23,0,8
BRDA:310,23,1,39
BRDA:320,24,0,37
BRDA:320,24,1,3
BRDA:325,25,0,1
BRDA:325,25,1,2
BRDA:337,26,0,10
BRDA:337,26,1,2
BRDA:339,27,0,1
BRDA:339,27,1,1
BRDA:346,28,0,1
BRDA:346,28,1,0
BRF:61
BRH:34
end_of_record
TN:
SF:src/tdd-workflow.ts
FN:22,registerTestTask
FN:33,updateTestStatus
FN:44,canStartCode
FN:63,tryStartCodeTask
FN:79,getTestTaskId
FN:84,getPendingTasks
FN:86,(anonymous_6)
FNF:7
FNH:7
FNDA:15,registerTestTask
FNDA:8,updateTestStatus
FNDA:9,canStartCode
FNDA:7,tryStartCodeTask
FNDA:4,getTestTaskId
FNDA:6,getPendingTasks
FNDA:23,(anonymous_6)
DA:19,2
DA:22,2
DA:23,15
DA:33,2
DA:34,8
DA:35,8
DA:36,8
DA:37,8
DA:38,3
DA:44,2
DA:45,9
DA:47,9
DA:48,2
DA:55,7
DA:63,2
DA:64,7
DA:66,7
DA:67,1
DA:70,6
DA:71,3
DA:74,3
DA:75,3
DA:79,2
DA:80,4
DA:84,2
DA:85,6
DA:86,23
DA:90,2
DA:99,2
LF:29
LH:29
BRDA:35,0,0,8
BRDA:35,0,1,0
BRDA:36,1,0,5
BRDA:36,1,1,3
BRDA:37,2,0,3
BRDA:37,2,1,5
BRDA:47,3,0,2
BRDA:47,3,1,7
BRDA:58,4,0,7
BRDA:58,4,1,6
BRDA:66,5,0,1
BRDA:66,5,1,6
BRDA:70,6,0,3
BRDA:70,6,1,3
BRDA:80,7,0,4
BRDA:80,7,1,1
BRF:16
BRH:15
end_of_record
TN:
SF:src/user-approval.ts
FN:12,formatApprovalRequest
FN:16,(anonymous_1)
FN:30,suggestNextStep
FN:51,requestAgentConfirmation
FN:60,formatSelectionPrompt
FN:66,(anonymous_5)
FN:76,parseYesNoResponse
FN:91,parseSelection
FNF:8
FNH:8
FNDA:4,formatApprovalRequest
FNDA:7,(anonymous_1)
FNDA:6,suggestNextStep
FNDA:2,requestAgentConfirmation
FNDA:2,formatSelectionPrompt
FNDA:4,(anonymous_5)
FNDA:23,parseYesNoResponse
FNDA:11,parseSelection
DA:12,2
DA:13,4
DA:15,4
DA:16,4
DA:17,7
DA:20,4
DA:21,1
DA:24,4
DA:26,4
DA:30,2
DA:35,6
DA:51,2
DA:52,2
DA:60,2
DA:64,2
DA:66,2
DA:67,4
DA:70,2
DA:72,2
DA:76,2
DA:77,23
DA:79,23
DA:80,13
DA:83,10
DA:84,7
DA:87,3
DA:91,2
DA:92,11
DA:94,11
DA:95,4
DA:98,7
DA:101,2
DA:110,2
LF:33
LH:33
BRDA:20,0,0,1
BRDA:20,0,1,3
BRDA:79,1,0,13
BRDA:79,1,1,10
BRDA:83,2,0,7
BRDA:83,2,1,3
BRDA:94,3,0,4
BRDA:94,3,1,7
BRDA:94,4,0,11
BRDA:94,4,1,9
BRDA:94,4,2,8
BRF:11
BRH:11
end_of_record
